<?xml version="1.0" encoding="UTF-8"?>
<!-- Generated by org.testng.reporters.JUnitXMLReporter -->
<testsuite hostname="seetha" name="Flight Finder KeyFunctional Automation TestSuite" tests="24" failures="1" timestamp="15 Feb 2018 23:49:12 GMT" time="355.742" errors="0">
  <testcase name="verifyLaunchURLTest" time="3.994" classname="com.newtour.flightfinderfunctional.testcases.TC_KF_FF_01_VerifyOneWayFlightSearchTest"/>
  <testcase name="verifyCredentialsTest" time="19.56" classname="com.newtour.flightfinderfunctional.testcases.TC_KF_FF_01_VerifyOneWayFlightSearchTest"/>
  <testcase name="verifyOneWayFlightSearchTest" time="64.37" classname="com.newtour.flightfinderfunctional.testcases.TC_KF_FF_01_VerifyOneWayFlightSearchTest"/>
  <testcase name="verifyFlightSearch" time="2.212" classname="com.newtour.flightfinderfunctional.testcases.TC_KF_FF_01_VerifyOneWayFlightSearchTest"/>
  <testcase name="verifyFlightDetailsList" time="18.915" classname="com.newtour.flightfinderfunctional.testcases.TC_KF_FF_01_VerifyOneWayFlightSearchTest"/>
  <testcase name="verifyReserveFlights" time="4.392" classname="com.newtour.flightfinderfunctional.testcases.TC_KF_FF_01_VerifyOneWayFlightSearchTest"/>
  <testcase name="verifySignOffTest" time="10.763" classname="com.newtour.flightfinderfunctional.testcases.TC_KF_FF_01_VerifyOneWayFlightSearchTest"/>
  <testcase name="verifyLaunchURLTest" time="1.726" classname="com.newtour.flightfinderfunctional.testcases.TC_KF_FF_02_VerifyRoundTripFlightSearchTest"/>
  <testcase name="verifyCredentialsTest" time="19.524" classname="com.newtour.flightfinderfunctional.testcases.TC_KF_FF_02_VerifyRoundTripFlightSearchTest"/>
  <testcase name="verifyRoundTripFlightSearchTest" time="55.166" classname="com.newtour.flightfinderfunctional.testcases.TC_KF_FF_02_VerifyRoundTripFlightSearchTest"/>
  <testcase name="verifyFlightSearch" time="2.484" classname="com.newtour.flightfinderfunctional.testcases.TC_KF_FF_02_VerifyRoundTripFlightSearchTest"/>
  <testcase name="verifyFlightDetailsList" time="16.549" classname="com.newtour.flightfinderfunctional.testcases.TC_KF_FF_02_VerifyRoundTripFlightSearchTest"/>
  <testcase name="verifyReserveFlights" time="2.126" classname="com.newtour.flightfinderfunctional.testcases.TC_KF_FF_02_VerifyRoundTripFlightSearchTest"/>
  <testcase name="verifySignOffTest" time="10.147" classname="com.newtour.flightfinderfunctional.testcases.TC_KF_FF_02_VerifyRoundTripFlightSearchTest"/>
  <testcase name="verifyLaunchURLTest" time="1.966" classname="com.newtour.flightfinderfunctional.testcases.TC_KF_FF_03_VerifyFlightFinderPageNavigationsTest"/>
  <testcase name="verifyCredentialsTest" time="19.197" classname="com.newtour.flightfinderfunctional.testcases.TC_KF_FF_03_VerifyFlightFinderPageNavigationsTest"/>
  <testcase name="verifyOneWayFlightSearchTest" time="61.024" classname="com.newtour.flightfinderfunctional.testcases.TC_KF_FF_03_VerifyFlightFinderPageNavigationsTest"/>
  <testcase name="verifyFlightSearch" time="2.193" classname="com.newtour.flightfinderfunctional.testcases.TC_KF_FF_03_VerifyFlightFinderPageNavigationsTest"/>
  <testcase name="verifyNavigateBack" time="4.716" classname="com.newtour.flightfinderfunctional.testcases.TC_KF_FF_03_VerifyFlightFinderPageNavigationsTest"/>
  <testcase name="verifyNavigateForward" time="4.243" classname="com.newtour.flightfinderfunctional.testcases.TC_KF_FF_03_VerifyFlightFinderPageNavigationsTest">
    <skipped/>
  </testcase> <!-- verifyNavigateForward -->
  <testcase name="verifyNavigateForward" time="4.111" classname="com.newtour.flightfinderfunctional.testcases.TC_KF_FF_03_VerifyFlightFinderPageNavigationsTest">
    <skipped/>
  </testcase> <!-- verifyNavigateForward -->
  <testcase name="verifyNavigateForward" time="4.167" classname="com.newtour.flightfinderfunctional.testcases.TC_KF_FF_03_VerifyFlightFinderPageNavigationsTest">
    <skipped/>
  </testcase> <!-- verifyNavigateForward -->
  <testcase name="verifyNavigateForward" time="4.158" classname="com.newtour.flightfinderfunctional.testcases.TC_KF_FF_03_VerifyFlightFinderPageNavigationsTest">
    <failure type="org.openqa.selenium.NoSuchElementException" message="no such element: Unable to locate element: {&amp;quot;method&amp;quot;:&amp;quot;xpath&amp;quot;,&amp;quot;selector&amp;quot;:&amp;quot;//img[contains(@src,&amp;apos;/images/masts/mast_selectflight.gif&amp;apos;)]&amp;quot;}
  (Session info: chrome=63.0.3239.132)
  (Driver info: chromedriver=2.35.528161 (5b82f2d2aae0ca24b877009200ced9065a772e73),platform=Windows NT 10.0.16299 x86_64) (WARNING: The server did not provide any stacktrace information)
Command duration or timeout: 2.07 seconds
For documentation on this error, please visit: http://seleniumhq.org/exceptions/no_such_element.html
Build info: version: &amp;apos;3.4.0&amp;apos;, revision: &amp;apos;unknown&amp;apos;, time: &amp;apos;unknown&amp;apos;
System info: host: &amp;apos;SEETHA&amp;apos;, ip: &amp;apos;192.168.0.2&amp;apos;, os.name: &amp;apos;Windows 10&amp;apos;, os.arch: &amp;apos;amd64&amp;apos;, os.version: &amp;apos;10.0&amp;apos;, java.version: &amp;apos;1.8.0_131&amp;apos;
Driver info: org.openqa.selenium.chrome.ChromeDriver
Capabilities [{applicationCacheEnabled=false, rotatable=false, mobileEmulationEnabled=false, networkConnectionEnabled=false, chrome={chromedriverVersion=2.35.528161 (5b82f2d2aae0ca24b877009200ced9065a772e73), userDataDir=C:\Users\Lakshmi\AppData\Local\Temp\scoped_dir15716_11685}, takesHeapSnapshot=true, pageLoadStrategy=normal, databaseEnabled=false, handlesAlerts=true, hasTouchScreen=false, version=63.0.3239.132, platform=XP, browserConnectionEnabled=false, nativeEvents=true, acceptSslCerts=false, acceptInsecureCerts=false, locationContextEnabled=true, webStorageEnabled=true, browserName=chrome, takesScreenshot=true, javascriptEnabled=true, cssSelectorsEnabled=true, setWindowRect=true, unexpectedAlertBehaviour=}]
Session ID: 1d9a814097dbc8c28c5460e9d9d21e9d
*** Element info: {Using=xpath, value=//img[contains(@src,&amp;apos;/images/masts/mast_selectflight.gif&amp;apos;)]}">
      <![CDATA[org.openqa.selenium.NoSuchElementException: no such element: Unable to locate element: {"method":"xpath","selector":"//img[contains(@src,'/images/masts/mast_selectflight.gif')]"}
  (Session info: chrome=63.0.3239.132)
  (Driver info: chromedriver=2.35.528161 (5b82f2d2aae0ca24b877009200ced9065a772e73),platform=Windows NT 10.0.16299 x86_64) (WARNING: The server did not provide any stacktrace information)
Command duration or timeout: 2.07 seconds
For documentation on this error, please visit: http://seleniumhq.org/exceptions/no_such_element.html
Build info: version: '3.4.0', revision: 'unknown', time: 'unknown'
System info: host: 'SEETHA', ip: '192.168.0.2', os.name: 'Windows 10', os.arch: 'amd64', os.version: '10.0', java.version: '1.8.0_131'
Driver info: org.openqa.selenium.chrome.ChromeDriver
Capabilities [{applicationCacheEnabled=false, rotatable=false, mobileEmulationEnabled=false, networkConnectionEnabled=false, chrome={chromedriverVersion=2.35.528161 (5b82f2d2aae0ca24b877009200ced9065a772e73), userDataDir=C:\Users\Lakshmi\AppData\Local\Temp\scoped_dir15716_11685}, takesHeapSnapshot=true, pageLoadStrategy=normal, databaseEnabled=false, handlesAlerts=true, hasTouchScreen=false, version=63.0.3239.132, platform=XP, browserConnectionEnabled=false, nativeEvents=true, acceptSslCerts=false, acceptInsecureCerts=false, locationContextEnabled=true, webStorageEnabled=true, browserName=chrome, takesScreenshot=true, javascriptEnabled=true, cssSelectorsEnabled=true, setWindowRect=true, unexpectedAlertBehaviour=}]
Session ID: 1d9a814097dbc8c28c5460e9d9d21e9d
*** Element info: {Using=xpath, value=//img[contains(@src,'/images/masts/mast_selectflight.gif')]}
	at org.openqa.selenium.remote.ErrorHandler.createThrowable(ErrorHandler.java:215)
	at org.openqa.selenium.remote.ErrorHandler.throwIfResponseFailed(ErrorHandler.java:167)
	at org.openqa.selenium.remote.RemoteWebDriver.execute(RemoteWebDriver.java:671)
	at org.openqa.selenium.remote.RemoteWebDriver.findElement(RemoteWebDriver.java:410)
	at org.openqa.selenium.remote.RemoteWebDriver.findElementByXPath(RemoteWebDriver.java:509)
	at org.openqa.selenium.By$ByXPath.findElement(By.java:361)
	at org.openqa.selenium.remote.RemoteWebDriver.findElement(RemoteWebDriver.java:402)
	at com.newtour.qa.helper.XpathHelper.findByXPath(XpathHelper.java:88)
	at com.newtour.qa.pages.FlightsPage.isFlightSearchSuccessful(FlightsPage.java:252)
	at com.newtour.qa.pages.FlightsPage.verifyNavigateForward(FlightsPage.java:319)
	at com.newtour.flightfinderfunctional.testcases.TC_KF_FF_03_VerifyFlightFinderPageNavigationsTest.verifyNavigateForward(TC_KF_FF_03_VerifyFlightFinderPageNavigationsTest.java:80)
	at org.apache.maven.plugin.surefire.InPluginVMSurefireStarter.runSuitesInProcess(InPluginVMSurefireStarter.java:84)
	at org.apache.maven.plugin.surefire.AbstractSurefireMojo.executeProvider(AbstractSurefireMojo.java:1060)
	at org.apache.maven.plugin.surefire.AbstractSurefireMojo.executeAfterPreconditionsChecked(AbstractSurefireMojo.java:907)
	at org.apache.maven.plugin.surefire.AbstractSurefireMojo.execute(AbstractSurefireMojo.java:785)
	at org.apache.maven.plugin.DefaultBuildPluginManager.executeMojo(DefaultBuildPluginManager.java:134)
	at org.apache.maven.lifecycle.internal.MojoExecutor.execute(MojoExecutor.java:207)
	at org.apache.maven.lifecycle.internal.MojoExecutor.execute(MojoExecutor.java:153)
	at org.apache.maven.lifecycle.internal.MojoExecutor.execute(MojoExecutor.java:145)
	at org.apache.maven.lifecycle.internal.LifecycleModuleBuilder.buildProject(LifecycleModuleBuilder.java:116)
	at org.apache.maven.lifecycle.internal.LifecycleModuleBuilder.buildProject(LifecycleModuleBuilder.java:80)
	at org.apache.maven.lifecycle.internal.builder.singlethreaded.SingleThreadedBuilder.build(SingleThreadedBuilder.java:51)
	at org.apache.maven.lifecycle.internal.LifecycleStarter.execute(LifecycleStarter.java:128)
	at org.apache.maven.DefaultMaven.doExecute(DefaultMaven.java:307)
	at org.apache.maven.DefaultMaven.doExecute(DefaultMaven.java:193)
	at org.apache.maven.DefaultMaven.execute(DefaultMaven.java:106)
	at org.apache.maven.cli.MavenCli.execute(MavenCli.java:863)
	at org.apache.maven.cli.MavenCli.doMain(MavenCli.java:288)
	at org.apache.maven.cli.MavenCli.main(MavenCli.java:199)
	at org.codehaus.plexus.classworlds.launcher.Launcher.launchEnhanced(Launcher.java:289)
	at org.codehaus.plexus.classworlds.launcher.Launcher.launch(Launcher.java:229)
	at org.codehaus.plexus.classworlds.launcher.Launcher.mainWithExitCode(Launcher.java:415)
	at org.codehaus.plexus.classworlds.launcher.Launcher.main(Launcher.java:356)
... Removed 39 stack frames]]>
    </failure>
  </testcase> <!-- verifyNavigateForward -->
  <testcase name="verifySignOffTest" time="0.0" classname="com.newtour.flightfinderfunctional.testcases.TC_KF_FF_03_VerifyFlightFinderPageNavigationsTest">
    <skipped/>
  </testcase> <!-- verifySignOffTest -->
</testsuite> <!-- Flight Finder KeyFunctional Automation TestSuite -->
