<!DOCTYPE html PUBLIC "-//W3C//DTD XHTML 1.1//EN" "http://www.w3.org/TR/xhtml11/DTD/xhtml11.dtd">
<html xmlns="http://www.w3.org/1999/xhtml"><head><title>TestNG Report</title><style type="text/css">table {margin-bottom:10px;border-collapse:collapse;empty-cells:show}th,td {border:1px solid #009;padding:.25em .5em}th {vertical-align:bottom}td {vertical-align:top}table a {font-weight:bold}.stripe td {background-color: #E6EBF9}.num {text-align:right}.passedodd td {background-color: #3F3}.passedeven td {background-color: #0A0}.skippedodd td {background-color: #DDD}.skippedeven td {background-color: #CCC}.failedodd td,.attn {background-color: #F33}.failedeven td,.stripe .attn {background-color: #D00}.stacktrace {white-space:pre;font-family:monospace}.totop {font-size:85%;text-align:center;border-bottom:2px solid #000}</style></head><body><table><tr><th>Test</th><th># Passed</th><th># Skipped</th><th># Failed</th><th>Time (ms)</th><th>Included Groups</th><th>Excluded Groups</th></tr><tr><th colspan="7">NewTours Login Key Functional AutomationSuite</th></tr><tr><td><a href="#t0">Login KeyFunctional TestSuite</a></td><td class="num">22</td><td class="num attn">4</td><td class="num attn">1</td><td class="num">200,102</td><td></td><td></td></tr><tr><th colspan="7">NewTours Flight Finder Key Functional AutomationSuite</th></tr><tr class="stripe"><td><a href="#t1">Flight Finder KeyFunctional Automation TestSuite</a></td><td class="num">19</td><td class="num attn">4</td><td class="num attn">1</td><td class="num">355,742</td><td></td><td></td></tr><tr><th>Total</th><th class="num">41</th><th class="num attn">8</th><th class="num attn">2</th><th class="num">555,844</th><th colspan="2"></th></tr></table><table><thead><tr><th>Class</th><th>Method</th><th>Start</th><th>Time (ms)</th></tr></thead><tbody><tr><th colspan="4">NewTours Login Key Functional AutomationSuite</th></tr></tbody><tbody id="t0"><tr><th colspan="4">Login KeyFunctional TestSuite &#8212; failed</th></tr><tr class="failedeven"><td rowspan="1">com.newtour.LoginKeyfunctional.testcases.TC_KF_LG_03_VerifySignOnPageInvalidLoginTest</td><td><a href="#m0">verifyIsLoginSuccessfulTest</a></td><td rowspan="1">1518738156154</td><td rowspan="1">2029</td></tr><tr><th colspan="4">Login KeyFunctional TestSuite &#8212; skipped</th></tr><tr class="skippedeven"><td rowspan="4">com.newtour.LoginKeyfunctional.testcases.TC_KF_LG_03_VerifySignOnPageInvalidLoginTest</td><td><a href="#m1">verifyIsLoginSuccessfulTest</a></td><td rowspan="3">1518738152083</td><td rowspan="3">2029</td></tr><tr class="skippedeven"><td><a href="#m2">verifyIsLoginSuccessfulTest</a></td></tr><tr class="skippedeven"><td><a href="#m3">verifyIsLoginSuccessfulTest</a></td></tr><tr class="skippedeven"><td><a href="#m4">verifySignOffTest</a></td><td rowspan="1">1518738158837</td><td rowspan="1">1</td></tr><tr><th colspan="4">Login KeyFunctional TestSuite &#8212; passed</th></tr><tr class="passedeven"><td rowspan="6">com.newtour.LoginKeyfunctional.testcases.TC_KF_LG_01_VerifyHomePageLoginTest</td><td><a href="#m5">verifyHomePageLogoTest</a></td><td rowspan="1">1518738004012</td><td rowspan="1">2541</td></tr><tr class="passedeven"><td><a href="#m6">verifyHomePageTitleTest</a></td><td rowspan="1">1518738003988</td><td rowspan="1">24</td></tr><tr class="passedeven"><td><a href="#m7">verifyIsLoginSuccessfulTest</a></td><td rowspan="1">1518738027458</td><td rowspan="1">136</td></tr><tr class="passedeven"><td><a href="#m8">verifySignOffTest</a></td><td rowspan="1">1518738027595</td><td rowspan="1">11570</td></tr><tr class="passedeven"><td><a href="#m9">verifyURLLaunchTest</a></td><td rowspan="1">1518738002038</td><td rowspan="1">1944</td></tr><tr class="passedeven"><td><a href="#m10">verifyValidCredentialsTest</a></td><td rowspan="1">1518738007554</td><td rowspan="1">19903</td></tr><tr class="passedodd"><td rowspan="7">com.newtour.LoginKeyfunctional.testcases.TC_KF_LG_02_VerifySignOnPageLoginTest</td><td><a href="#m11">verifyIsLoginSuccessfulTest</a></td><td rowspan="1">1518738089981</td><td rowspan="1">2984</td></tr><tr class="passedodd"><td><a href="#m12">verifySignOffTest</a></td><td rowspan="1">1518738092966</td><td rowspan="1">11597</td></tr><tr class="passedodd"><td><a href="#m13">verifySignOnPageLogoTest</a></td><td rowspan="1">1518738064645</td><td rowspan="1">2154</td></tr><tr class="passedodd"><td><a href="#m14">verifySignOnPageTitleTest</a></td><td rowspan="1">1518738064628</td><td rowspan="1">16</td></tr><tr class="passedodd"><td><a href="#m15">verifySignonClickTest</a></td><td rowspan="1">1518738049513</td><td rowspan="1">15115</td></tr><tr class="passedodd"><td><a href="#m16">verifyURLLaunchTest</a></td><td rowspan="1">1518738046351</td><td rowspan="1">3161</td></tr><tr class="passedodd"><td><a href="#m17">verifyValidCredentialsTest</a></td><td rowspan="1">1518738066833</td><td rowspan="1">23147</td></tr><tr class="passedeven"><td rowspan="5">com.newtour.LoginKeyfunctional.testcases.TC_KF_LG_03_VerifySignOnPageInvalidLoginTest</td><td><a href="#m18">verifySignOnPageLogoTest</a></td><td rowspan="1">1518738126614</td><td rowspan="1">2232</td></tr><tr class="passedeven"><td><a href="#m19">verifySignOnPageTitleTest</a></td><td rowspan="1">1518738126599</td><td rowspan="1">14</td></tr><tr class="passedeven"><td><a href="#m20">verifySignonClickTest</a></td><td rowspan="1">1518738112425</td><td rowspan="1">14174</td></tr><tr class="passedeven"><td><a href="#m21">verifyURLLaunchTest</a></td><td rowspan="1">1518738110560</td><td rowspan="1">1865</td></tr><tr class="passedeven"><td><a href="#m22">verifyValidCredentialsTest</a></td><td rowspan="1">1518738128931</td><td rowspan="1">21103</td></tr><tr class="passedodd"><td rowspan="4">com.newtour.LoginKeyfunctional.testcases.TC_KF_LG_04_VerifyRegistrationViaSignOnPageTest</td><td><a href="#m23">verifyNavigationToRegistrationTest</a></td><td rowspan="1">1518738180013</td><td rowspan="1">12919</td></tr><tr class="passedodd"><td><a href="#m24">verifyRegisterPageLogoTest</a></td><td rowspan="1">1518738192932</td><td rowspan="1">2201</td></tr><tr class="passedodd"><td><a href="#m25">verifySignonClickTest</a></td><td rowspan="1">1518738166443</td><td rowspan="1">13569</td></tr><tr class="passedodd"><td><a href="#m26">verifyURLLaunchTest</a></td><td rowspan="1">1518738164248</td><td rowspan="1">2195</td></tr></tbody><tbody><tr><th colspan="4">NewTours Flight Finder Key Functional AutomationSuite</th></tr></tbody><tbody id="t1"><tr><th colspan="4">Flight Finder KeyFunctional Automation TestSuite &#8212; failed</th></tr><tr class="failedeven"><td rowspan="1">com.newtour.flightfinderfunctional.testcases.TC_KF_FF_03_VerifyFlightFinderPageNavigationsTest</td><td><a href="#m27">verifyNavigateForward</a></td><td rowspan="1">1518738546475</td><td rowspan="1">4158</td></tr><tr><th colspan="4">Flight Finder KeyFunctional Automation TestSuite &#8212; skipped</th></tr><tr class="skippedeven"><td rowspan="4">com.newtour.flightfinderfunctional.testcases.TC_KF_FF_03_VerifyFlightFinderPageNavigationsTest</td><td><a href="#m28">verifyNavigateForward</a></td><td rowspan="3">1518738542308</td><td rowspan="3">4167</td></tr><tr class="skippedeven"><td><a href="#m29">verifyNavigateForward</a></td></tr><tr class="skippedeven"><td><a href="#m30">verifyNavigateForward</a></td></tr><tr class="skippedeven"><td><a href="#m31">verifySignOffTest</a></td><td rowspan="1">1518738551223</td><td rowspan="1">0</td></tr><tr><th colspan="4">Flight Finder KeyFunctional Automation TestSuite &#8212; passed</th></tr><tr class="passedeven"><td rowspan="7">com.newtour.flightfinderfunctional.testcases.TC_KF_FF_01_VerifyOneWayFlightSearchTest</td><td><a href="#m32">verifyCredentialsTest</a></td><td rowspan="1">1518738204988</td><td rowspan="1">19560</td></tr><tr class="passedeven"><td><a href="#m33">verifyFlightDetailsList</a></td><td rowspan="1">1518738291237</td><td rowspan="1">18915</td></tr><tr class="passedeven"><td><a href="#m34">verifyFlightSearch</a></td><td rowspan="1">1518738289024</td><td rowspan="1">2212</td></tr><tr class="passedeven"><td><a href="#m35">verifyLaunchURLTest</a></td><td rowspan="1">1518738200961</td><td rowspan="1">3994</td></tr><tr class="passedeven"><td><a href="#m36">verifyOneWayFlightSearchTest</a></td><td rowspan="1">1518738224653</td><td rowspan="1">64370</td></tr><tr class="passedeven"><td><a href="#m37">verifyReserveFlights</a></td><td rowspan="1">1518738310152</td><td rowspan="1">4392</td></tr><tr class="passedeven"><td><a href="#m38">verifySignOffTest</a></td><td rowspan="1">1518738314545</td><td rowspan="1">10763</td></tr><tr class="passedodd"><td rowspan="7">com.newtour.flightfinderfunctional.testcases.TC_KF_FF_02_VerifyRoundTripFlightSearchTest</td><td><a href="#m39">verifyCredentialsTest</a></td><td rowspan="1">1518738333051</td><td rowspan="1">19524</td></tr><tr class="passedodd"><td><a href="#m40">verifyFlightDetailsList</a></td><td rowspan="1">1518738410267</td><td rowspan="1">16549</td></tr><tr class="passedodd"><td><a href="#m41">verifyFlightSearch</a></td><td rowspan="1">1518738407783</td><td rowspan="1">2484</td></tr><tr class="passedodd"><td><a href="#m42">verifyLaunchURLTest</a></td><td rowspan="1">1518738331286</td><td rowspan="1">1726</td></tr><tr class="passedodd"><td><a href="#m43">verifyReserveFlights</a></td><td rowspan="1">1518738426817</td><td rowspan="1">2126</td></tr><tr class="passedodd"><td><a href="#m44">verifyRoundTripFlightSearchTest</a></td><td rowspan="1">1518738352616</td><td rowspan="1">55166</td></tr><tr class="passedodd"><td><a href="#m45">verifySignOffTest</a></td><td rowspan="1">1518738428943</td><td rowspan="1">10147</td></tr><tr class="passedeven"><td rowspan="5">com.newtour.flightfinderfunctional.testcases.TC_KF_FF_03_VerifyFlightFinderPageNavigationsTest</td><td><a href="#m46">verifyCredentialsTest</a></td><td rowspan="1">1518738446783</td><td rowspan="1">19197</td></tr><tr class="passedeven"><td><a href="#m47">verifyFlightSearch</a></td><td rowspan="1">1518738527043</td><td rowspan="1">2193</td></tr><tr class="passedeven"><td><a href="#m48">verifyLaunchURLTest</a></td><td rowspan="1">1518738444784</td><td rowspan="1">1966</td></tr><tr class="passedeven"><td><a href="#m49">verifyNavigateBack</a></td><td rowspan="1">1518738529236</td><td rowspan="1">4716</td></tr><tr class="passedeven"><td><a href="#m50">verifyOneWayFlightSearchTest</a></td><td rowspan="1">1518738466019</td><td rowspan="1">61024</td></tr></tbody></table><h2>Login KeyFunctional TestSuite</h2><h3 id="m0">com.newtour.LoginKeyfunctional.testcases.TC_KF_LG_03_VerifySignOnPageInvalidLoginTest#verifyIsLoginSuccessfulTest</h3><table class="result"><tr><th>Exception</th></tr><tr><td><div class="stacktrace">org.openqa.selenium.NoSuchElementException: no such element: Unable to locate element: {&quot;method&quot;:&quot;xpath&quot;,&quot;selector&quot;:&quot;//img[contains(@src,&apos;/images/masts/mast_flightfinder.gif&apos;)]&quot;}
  (Session info: chrome=63.0.3239.132)
  (Driver info: chromedriver=2.35.528161 (5b82f2d2aae0ca24b877009200ced9065a772e73),platform=Windows NT 10.0.16299 x86_64) (WARNING: The server did not provide any stacktrace information)
Command duration or timeout: 2.03 seconds
For documentation on this error, please visit: http://seleniumhq.org/exceptions/no_such_element.html
Build info: version: &apos;3.4.0&apos;, revision: &apos;unknown&apos;, time: &apos;unknown&apos;
System info: host: &apos;SEETHA&apos;, ip: &apos;192.168.0.2&apos;, os.name: &apos;Windows 10&apos;, os.arch: &apos;amd64&apos;, os.version: &apos;10.0&apos;, java.version: &apos;1.8.0_131&apos;
Driver info: org.openqa.selenium.chrome.ChromeDriver
Capabilities [{applicationCacheEnabled=false, rotatable=false, mobileEmulationEnabled=false, networkConnectionEnabled=false, chrome={chromedriverVersion=2.35.528161 (5b82f2d2aae0ca24b877009200ced9065a772e73), userDataDir=C:\Users\Lakshmi\AppData\Local\Temp\scoped_dir2624_12987}, takesHeapSnapshot=true, pageLoadStrategy=normal, databaseEnabled=false, handlesAlerts=true, hasTouchScreen=false, version=63.0.3239.132, platform=XP, browserConnectionEnabled=false, nativeEvents=true, acceptSslCerts=false, acceptInsecureCerts=false, locationContextEnabled=true, webStorageEnabled=true, browserName=chrome, takesScreenshot=true, javascriptEnabled=true, cssSelectorsEnabled=true, setWindowRect=true, unexpectedAlertBehaviour=}]
Session ID: a4ffe343a2c06cc125aefead4e825a8e
*** Element info: {Using=xpath, value=//img[contains(@src,&apos;/images/masts/mast_flightfinder.gif&apos;)]}
	at org.openqa.selenium.remote.ErrorHandler.createThrowable(ErrorHandler.java:215)
	at org.openqa.selenium.remote.ErrorHandler.throwIfResponseFailed(ErrorHandler.java:167)
	at org.openqa.selenium.remote.RemoteWebDriver.execute(RemoteWebDriver.java:671)
	at org.openqa.selenium.remote.RemoteWebDriver.findElement(RemoteWebDriver.java:410)
	at org.openqa.selenium.remote.RemoteWebDriver.findElementByXPath(RemoteWebDriver.java:509)
	at org.openqa.selenium.By$ByXPath.findElement(By.java:361)
	at org.openqa.selenium.remote.RemoteWebDriver.findElement(RemoteWebDriver.java:402)
	at com.newtour.qa.helper.XpathHelper.findByXPath(XpathHelper.java:88)
	at com.newtour.qa.pages.FlightsPage.isFlightPageLogoDisplayed(FlightsPage.java:230)
	at com.newtour.LoginKeyfunctional.testcases.TC_KF_LG_03_VerifySignOnPageInvalidLoginTest.verifyIsLoginSuccessfulTest(TC_KF_LG_03_VerifySignOnPageInvalidLoginTest.java:82)
	at org.apache.maven.plugin.surefire.InPluginVMSurefireStarter.runSuitesInProcess(InPluginVMSurefireStarter.java:84)
	at org.apache.maven.plugin.surefire.AbstractSurefireMojo.executeProvider(AbstractSurefireMojo.java:1060)
	at org.apache.maven.plugin.surefire.AbstractSurefireMojo.executeAfterPreconditionsChecked(AbstractSurefireMojo.java:907)
	at org.apache.maven.plugin.surefire.AbstractSurefireMojo.execute(AbstractSurefireMojo.java:785)
	at org.apache.maven.plugin.DefaultBuildPluginManager.executeMojo(DefaultBuildPluginManager.java:134)
	at org.apache.maven.lifecycle.internal.MojoExecutor.execute(MojoExecutor.java:207)
	at org.apache.maven.lifecycle.internal.MojoExecutor.execute(MojoExecutor.java:153)
	at org.apache.maven.lifecycle.internal.MojoExecutor.execute(MojoExecutor.java:145)
	at org.apache.maven.lifecycle.internal.LifecycleModuleBuilder.buildProject(LifecycleModuleBuilder.java:116)
	at org.apache.maven.lifecycle.internal.LifecycleModuleBuilder.buildProject(LifecycleModuleBuilder.java:80)
	at org.apache.maven.lifecycle.internal.builder.singlethreaded.SingleThreadedBuilder.build(SingleThreadedBuilder.java:51)
	at org.apache.maven.lifecycle.internal.LifecycleStarter.execute(LifecycleStarter.java:128)
	at org.apache.maven.DefaultMaven.doExecute(DefaultMaven.java:307)
	at org.apache.maven.DefaultMaven.doExecute(DefaultMaven.java:193)
	at org.apache.maven.DefaultMaven.execute(DefaultMaven.java:106)
	at org.apache.maven.cli.MavenCli.execute(MavenCli.java:863)
	at org.apache.maven.cli.MavenCli.doMain(MavenCli.java:288)
	at org.apache.maven.cli.MavenCli.main(MavenCli.java:199)
	at org.codehaus.plexus.classworlds.launcher.Launcher.launchEnhanced(Launcher.java:289)
	at org.codehaus.plexus.classworlds.launcher.Launcher.launch(Launcher.java:229)
	at org.codehaus.plexus.classworlds.launcher.Launcher.mainWithExitCode(Launcher.java:415)
	at org.codehaus.plexus.classworlds.launcher.Launcher.main(Launcher.java:356)
... Removed 39 stack frames</div></td></tr></table><p class="totop"><a href="#summary">back to summary</a></p><h3 id="m1">com.newtour.LoginKeyfunctional.testcases.TC_KF_LG_03_VerifySignOnPageInvalidLoginTest#verifyIsLoginSuccessfulTest</h3><table class="result"><tr><th>Exception</th></tr><tr><td><div class="stacktrace">org.openqa.selenium.NoSuchElementException: no such element: Unable to locate element: {&quot;method&quot;:&quot;xpath&quot;,&quot;selector&quot;:&quot;//img[contains(@src,&apos;/images/masts/mast_flightfinder.gif&apos;)]&quot;}
  (Session info: chrome=63.0.3239.132)
  (Driver info: chromedriver=2.35.528161 (5b82f2d2aae0ca24b877009200ced9065a772e73),platform=Windows NT 10.0.16299 x86_64) (WARNING: The server did not provide any stacktrace information)
Command duration or timeout: 2.03 seconds
For documentation on this error, please visit: http://seleniumhq.org/exceptions/no_such_element.html
Build info: version: &apos;3.4.0&apos;, revision: &apos;unknown&apos;, time: &apos;unknown&apos;
System info: host: &apos;SEETHA&apos;, ip: &apos;192.168.0.2&apos;, os.name: &apos;Windows 10&apos;, os.arch: &apos;amd64&apos;, os.version: &apos;10.0&apos;, java.version: &apos;1.8.0_131&apos;
Driver info: org.openqa.selenium.chrome.ChromeDriver
Capabilities [{applicationCacheEnabled=false, rotatable=false, mobileEmulationEnabled=false, networkConnectionEnabled=false, chrome={chromedriverVersion=2.35.528161 (5b82f2d2aae0ca24b877009200ced9065a772e73), userDataDir=C:\Users\Lakshmi\AppData\Local\Temp\scoped_dir2624_12987}, takesHeapSnapshot=true, pageLoadStrategy=normal, databaseEnabled=false, handlesAlerts=true, hasTouchScreen=false, version=63.0.3239.132, platform=XP, browserConnectionEnabled=false, nativeEvents=true, acceptSslCerts=false, acceptInsecureCerts=false, locationContextEnabled=true, webStorageEnabled=true, browserName=chrome, takesScreenshot=true, javascriptEnabled=true, cssSelectorsEnabled=true, setWindowRect=true, unexpectedAlertBehaviour=}]
Session ID: a4ffe343a2c06cc125aefead4e825a8e
*** Element info: {Using=xpath, value=//img[contains(@src,&apos;/images/masts/mast_flightfinder.gif&apos;)]}
	at org.openqa.selenium.remote.ErrorHandler.createThrowable(ErrorHandler.java:215)
	at org.openqa.selenium.remote.ErrorHandler.throwIfResponseFailed(ErrorHandler.java:167)
	at org.openqa.selenium.remote.RemoteWebDriver.execute(RemoteWebDriver.java:671)
	at org.openqa.selenium.remote.RemoteWebDriver.findElement(RemoteWebDriver.java:410)
	at org.openqa.selenium.remote.RemoteWebDriver.findElementByXPath(RemoteWebDriver.java:509)
	at org.openqa.selenium.By$ByXPath.findElement(By.java:361)
	at org.openqa.selenium.remote.RemoteWebDriver.findElement(RemoteWebDriver.java:402)
	at com.newtour.qa.helper.XpathHelper.findByXPath(XpathHelper.java:88)
	at com.newtour.qa.pages.FlightsPage.isFlightPageLogoDisplayed(FlightsPage.java:230)
	at com.newtour.LoginKeyfunctional.testcases.TC_KF_LG_03_VerifySignOnPageInvalidLoginTest.verifyIsLoginSuccessfulTest(TC_KF_LG_03_VerifySignOnPageInvalidLoginTest.java:82)
	at org.apache.maven.plugin.surefire.InPluginVMSurefireStarter.runSuitesInProcess(InPluginVMSurefireStarter.java:84)
	at org.apache.maven.plugin.surefire.AbstractSurefireMojo.executeProvider(AbstractSurefireMojo.java:1060)
	at org.apache.maven.plugin.surefire.AbstractSurefireMojo.executeAfterPreconditionsChecked(AbstractSurefireMojo.java:907)
	at org.apache.maven.plugin.surefire.AbstractSurefireMojo.execute(AbstractSurefireMojo.java:785)
	at org.apache.maven.plugin.DefaultBuildPluginManager.executeMojo(DefaultBuildPluginManager.java:134)
	at org.apache.maven.lifecycle.internal.MojoExecutor.execute(MojoExecutor.java:207)
	at org.apache.maven.lifecycle.internal.MojoExecutor.execute(MojoExecutor.java:153)
	at org.apache.maven.lifecycle.internal.MojoExecutor.execute(MojoExecutor.java:145)
	at org.apache.maven.lifecycle.internal.LifecycleModuleBuilder.buildProject(LifecycleModuleBuilder.java:116)
	at org.apache.maven.lifecycle.internal.LifecycleModuleBuilder.buildProject(LifecycleModuleBuilder.java:80)
	at org.apache.maven.lifecycle.internal.builder.singlethreaded.SingleThreadedBuilder.build(SingleThreadedBuilder.java:51)
	at org.apache.maven.lifecycle.internal.LifecycleStarter.execute(LifecycleStarter.java:128)
	at org.apache.maven.DefaultMaven.doExecute(DefaultMaven.java:307)
	at org.apache.maven.DefaultMaven.doExecute(DefaultMaven.java:193)
	at org.apache.maven.DefaultMaven.execute(DefaultMaven.java:106)
	at org.apache.maven.cli.MavenCli.execute(MavenCli.java:863)
	at org.apache.maven.cli.MavenCli.doMain(MavenCli.java:288)
	at org.apache.maven.cli.MavenCli.main(MavenCli.java:199)
	at org.codehaus.plexus.classworlds.launcher.Launcher.launchEnhanced(Launcher.java:289)
	at org.codehaus.plexus.classworlds.launcher.Launcher.launch(Launcher.java:229)
	at org.codehaus.plexus.classworlds.launcher.Launcher.mainWithExitCode(Launcher.java:415)
	at org.codehaus.plexus.classworlds.launcher.Launcher.main(Launcher.java:356)
... Removed 39 stack frames</div></td></tr></table><p class="totop"><a href="#summary">back to summary</a></p><h3 id="m2">com.newtour.LoginKeyfunctional.testcases.TC_KF_LG_03_VerifySignOnPageInvalidLoginTest#verifyIsLoginSuccessfulTest</h3><table class="result"><tr><th>Exception</th></tr><tr><td><div class="stacktrace">org.openqa.selenium.NoSuchElementException: no such element: Unable to locate element: {&quot;method&quot;:&quot;xpath&quot;,&quot;selector&quot;:&quot;//img[contains(@src,&apos;/images/masts/mast_flightfinder.gif&apos;)]&quot;}
  (Session info: chrome=63.0.3239.132)
  (Driver info: chromedriver=2.35.528161 (5b82f2d2aae0ca24b877009200ced9065a772e73),platform=Windows NT 10.0.16299 x86_64) (WARNING: The server did not provide any stacktrace information)
Command duration or timeout: 2.04 seconds
For documentation on this error, please visit: http://seleniumhq.org/exceptions/no_such_element.html
Build info: version: &apos;3.4.0&apos;, revision: &apos;unknown&apos;, time: &apos;unknown&apos;
System info: host: &apos;SEETHA&apos;, ip: &apos;192.168.0.2&apos;, os.name: &apos;Windows 10&apos;, os.arch: &apos;amd64&apos;, os.version: &apos;10.0&apos;, java.version: &apos;1.8.0_131&apos;
Driver info: org.openqa.selenium.chrome.ChromeDriver
Capabilities [{applicationCacheEnabled=false, rotatable=false, mobileEmulationEnabled=false, networkConnectionEnabled=false, chrome={chromedriverVersion=2.35.528161 (5b82f2d2aae0ca24b877009200ced9065a772e73), userDataDir=C:\Users\Lakshmi\AppData\Local\Temp\scoped_dir2624_12987}, takesHeapSnapshot=true, pageLoadStrategy=normal, databaseEnabled=false, handlesAlerts=true, hasTouchScreen=false, version=63.0.3239.132, platform=XP, browserConnectionEnabled=false, nativeEvents=true, acceptSslCerts=false, acceptInsecureCerts=false, locationContextEnabled=true, webStorageEnabled=true, browserName=chrome, takesScreenshot=true, javascriptEnabled=true, cssSelectorsEnabled=true, setWindowRect=true, unexpectedAlertBehaviour=}]
Session ID: a4ffe343a2c06cc125aefead4e825a8e
*** Element info: {Using=xpath, value=//img[contains(@src,&apos;/images/masts/mast_flightfinder.gif&apos;)]}
	at org.openqa.selenium.remote.ErrorHandler.createThrowable(ErrorHandler.java:215)
	at org.openqa.selenium.remote.ErrorHandler.throwIfResponseFailed(ErrorHandler.java:167)
	at org.openqa.selenium.remote.RemoteWebDriver.execute(RemoteWebDriver.java:671)
	at org.openqa.selenium.remote.RemoteWebDriver.findElement(RemoteWebDriver.java:410)
	at org.openqa.selenium.remote.RemoteWebDriver.findElementByXPath(RemoteWebDriver.java:509)
	at org.openqa.selenium.By$ByXPath.findElement(By.java:361)
	at org.openqa.selenium.remote.RemoteWebDriver.findElement(RemoteWebDriver.java:402)
	at com.newtour.qa.helper.XpathHelper.findByXPath(XpathHelper.java:88)
	at com.newtour.qa.pages.FlightsPage.isFlightPageLogoDisplayed(FlightsPage.java:230)
	at com.newtour.LoginKeyfunctional.testcases.TC_KF_LG_03_VerifySignOnPageInvalidLoginTest.verifyIsLoginSuccessfulTest(TC_KF_LG_03_VerifySignOnPageInvalidLoginTest.java:82)
	at org.apache.maven.plugin.surefire.InPluginVMSurefireStarter.runSuitesInProcess(InPluginVMSurefireStarter.java:84)
	at org.apache.maven.plugin.surefire.AbstractSurefireMojo.executeProvider(AbstractSurefireMojo.java:1060)
	at org.apache.maven.plugin.surefire.AbstractSurefireMojo.executeAfterPreconditionsChecked(AbstractSurefireMojo.java:907)
	at org.apache.maven.plugin.surefire.AbstractSurefireMojo.execute(AbstractSurefireMojo.java:785)
	at org.apache.maven.plugin.DefaultBuildPluginManager.executeMojo(DefaultBuildPluginManager.java:134)
	at org.apache.maven.lifecycle.internal.MojoExecutor.execute(MojoExecutor.java:207)
	at org.apache.maven.lifecycle.internal.MojoExecutor.execute(MojoExecutor.java:153)
	at org.apache.maven.lifecycle.internal.MojoExecutor.execute(MojoExecutor.java:145)
	at org.apache.maven.lifecycle.internal.LifecycleModuleBuilder.buildProject(LifecycleModuleBuilder.java:116)
	at org.apache.maven.lifecycle.internal.LifecycleModuleBuilder.buildProject(LifecycleModuleBuilder.java:80)
	at org.apache.maven.lifecycle.internal.builder.singlethreaded.SingleThreadedBuilder.build(SingleThreadedBuilder.java:51)
	at org.apache.maven.lifecycle.internal.LifecycleStarter.execute(LifecycleStarter.java:128)
	at org.apache.maven.DefaultMaven.doExecute(DefaultMaven.java:307)
	at org.apache.maven.DefaultMaven.doExecute(DefaultMaven.java:193)
	at org.apache.maven.DefaultMaven.execute(DefaultMaven.java:106)
	at org.apache.maven.cli.MavenCli.execute(MavenCli.java:863)
	at org.apache.maven.cli.MavenCli.doMain(MavenCli.java:288)
	at org.apache.maven.cli.MavenCli.main(MavenCli.java:199)
	at org.codehaus.plexus.classworlds.launcher.Launcher.launchEnhanced(Launcher.java:289)
	at org.codehaus.plexus.classworlds.launcher.Launcher.launch(Launcher.java:229)
	at org.codehaus.plexus.classworlds.launcher.Launcher.mainWithExitCode(Launcher.java:415)
	at org.codehaus.plexus.classworlds.launcher.Launcher.main(Launcher.java:356)
... Removed 39 stack frames</div></td></tr></table><p class="totop"><a href="#summary">back to summary</a></p><h3 id="m3">com.newtour.LoginKeyfunctional.testcases.TC_KF_LG_03_VerifySignOnPageInvalidLoginTest#verifyIsLoginSuccessfulTest</h3><table class="result"><tr><th>Exception</th></tr><tr><td><div class="stacktrace">org.openqa.selenium.NoSuchElementException: no such element: Unable to locate element: {&quot;method&quot;:&quot;xpath&quot;,&quot;selector&quot;:&quot;//img[contains(@src,&apos;/images/masts/mast_flightfinder.gif&apos;)]&quot;}
  (Session info: chrome=63.0.3239.132)
  (Driver info: chromedriver=2.35.528161 (5b82f2d2aae0ca24b877009200ced9065a772e73),platform=Windows NT 10.0.16299 x86_64) (WARNING: The server did not provide any stacktrace information)
Command duration or timeout: 2.04 seconds
For documentation on this error, please visit: http://seleniumhq.org/exceptions/no_such_element.html
Build info: version: &apos;3.4.0&apos;, revision: &apos;unknown&apos;, time: &apos;unknown&apos;
System info: host: &apos;SEETHA&apos;, ip: &apos;192.168.0.2&apos;, os.name: &apos;Windows 10&apos;, os.arch: &apos;amd64&apos;, os.version: &apos;10.0&apos;, java.version: &apos;1.8.0_131&apos;
Driver info: org.openqa.selenium.chrome.ChromeDriver
Capabilities [{applicationCacheEnabled=false, rotatable=false, mobileEmulationEnabled=false, networkConnectionEnabled=false, chrome={chromedriverVersion=2.35.528161 (5b82f2d2aae0ca24b877009200ced9065a772e73), userDataDir=C:\Users\Lakshmi\AppData\Local\Temp\scoped_dir2624_12987}, takesHeapSnapshot=true, pageLoadStrategy=normal, databaseEnabled=false, handlesAlerts=true, hasTouchScreen=false, version=63.0.3239.132, platform=XP, browserConnectionEnabled=false, nativeEvents=true, acceptSslCerts=false, acceptInsecureCerts=false, locationContextEnabled=true, webStorageEnabled=true, browserName=chrome, takesScreenshot=true, javascriptEnabled=true, cssSelectorsEnabled=true, setWindowRect=true, unexpectedAlertBehaviour=}]
Session ID: a4ffe343a2c06cc125aefead4e825a8e
*** Element info: {Using=xpath, value=//img[contains(@src,&apos;/images/masts/mast_flightfinder.gif&apos;)]}
	at org.openqa.selenium.remote.ErrorHandler.createThrowable(ErrorHandler.java:215)
	at org.openqa.selenium.remote.ErrorHandler.throwIfResponseFailed(ErrorHandler.java:167)
	at org.openqa.selenium.remote.RemoteWebDriver.execute(RemoteWebDriver.java:671)
	at org.openqa.selenium.remote.RemoteWebDriver.findElement(RemoteWebDriver.java:410)
	at org.openqa.selenium.remote.RemoteWebDriver.findElementByXPath(RemoteWebDriver.java:509)
	at org.openqa.selenium.By$ByXPath.findElement(By.java:361)
	at org.openqa.selenium.remote.RemoteWebDriver.findElement(RemoteWebDriver.java:402)
	at com.newtour.qa.helper.XpathHelper.findByXPath(XpathHelper.java:88)
	at com.newtour.qa.pages.FlightsPage.isFlightPageLogoDisplayed(FlightsPage.java:230)
	at com.newtour.LoginKeyfunctional.testcases.TC_KF_LG_03_VerifySignOnPageInvalidLoginTest.verifyIsLoginSuccessfulTest(TC_KF_LG_03_VerifySignOnPageInvalidLoginTest.java:82)
	at org.apache.maven.plugin.surefire.InPluginVMSurefireStarter.runSuitesInProcess(InPluginVMSurefireStarter.java:84)
	at org.apache.maven.plugin.surefire.AbstractSurefireMojo.executeProvider(AbstractSurefireMojo.java:1060)
	at org.apache.maven.plugin.surefire.AbstractSurefireMojo.executeAfterPreconditionsChecked(AbstractSurefireMojo.java:907)
	at org.apache.maven.plugin.surefire.AbstractSurefireMojo.execute(AbstractSurefireMojo.java:785)
	at org.apache.maven.plugin.DefaultBuildPluginManager.executeMojo(DefaultBuildPluginManager.java:134)
	at org.apache.maven.lifecycle.internal.MojoExecutor.execute(MojoExecutor.java:207)
	at org.apache.maven.lifecycle.internal.MojoExecutor.execute(MojoExecutor.java:153)
	at org.apache.maven.lifecycle.internal.MojoExecutor.execute(MojoExecutor.java:145)
	at org.apache.maven.lifecycle.internal.LifecycleModuleBuilder.buildProject(LifecycleModuleBuilder.java:116)
	at org.apache.maven.lifecycle.internal.LifecycleModuleBuilder.buildProject(LifecycleModuleBuilder.java:80)
	at org.apache.maven.lifecycle.internal.builder.singlethreaded.SingleThreadedBuilder.build(SingleThreadedBuilder.java:51)
	at org.apache.maven.lifecycle.internal.LifecycleStarter.execute(LifecycleStarter.java:128)
	at org.apache.maven.DefaultMaven.doExecute(DefaultMaven.java:307)
	at org.apache.maven.DefaultMaven.doExecute(DefaultMaven.java:193)
	at org.apache.maven.DefaultMaven.execute(DefaultMaven.java:106)
	at org.apache.maven.cli.MavenCli.execute(MavenCli.java:863)
	at org.apache.maven.cli.MavenCli.doMain(MavenCli.java:288)
	at org.apache.maven.cli.MavenCli.main(MavenCli.java:199)
	at org.codehaus.plexus.classworlds.launcher.Launcher.launchEnhanced(Launcher.java:289)
	at org.codehaus.plexus.classworlds.launcher.Launcher.launch(Launcher.java:229)
	at org.codehaus.plexus.classworlds.launcher.Launcher.mainWithExitCode(Launcher.java:415)
	at org.codehaus.plexus.classworlds.launcher.Launcher.main(Launcher.java:356)
... Removed 39 stack frames</div></td></tr></table><p class="totop"><a href="#summary">back to summary</a></p><h3 id="m4">com.newtour.LoginKeyfunctional.testcases.TC_KF_LG_03_VerifySignOnPageInvalidLoginTest#verifySignOffTest</h3><table class="result"><tr><th>Exception</th></tr><tr><td><div class="stacktrace">java.lang.Throwable: Method TC_KF_LG_03_VerifySignOnPageInvalidLoginTest.verifySignOffTest()[pri:6, instance:com.newtour.LoginKeyfunctional.testcases.TC_KF_LG_03_VerifySignOnPageInvalidLoginTest@3b24087d] depends on not successfully finished methods
	at org.apache.maven.plugin.surefire.InPluginVMSurefireStarter.runSuitesInProcess(InPluginVMSurefireStarter.java:84)
	at org.apache.maven.plugin.surefire.AbstractSurefireMojo.executeProvider(AbstractSurefireMojo.java:1060)
	at org.apache.maven.plugin.surefire.AbstractSurefireMojo.executeAfterPreconditionsChecked(AbstractSurefireMojo.java:907)
	at org.apache.maven.plugin.surefire.AbstractSurefireMojo.execute(AbstractSurefireMojo.java:785)
	at org.apache.maven.plugin.DefaultBuildPluginManager.executeMojo(DefaultBuildPluginManager.java:134)
	at org.apache.maven.lifecycle.internal.MojoExecutor.execute(MojoExecutor.java:207)
	at org.apache.maven.lifecycle.internal.MojoExecutor.execute(MojoExecutor.java:153)
	at org.apache.maven.lifecycle.internal.MojoExecutor.execute(MojoExecutor.java:145)
	at org.apache.maven.lifecycle.internal.LifecycleModuleBuilder.buildProject(LifecycleModuleBuilder.java:116)
	at org.apache.maven.lifecycle.internal.LifecycleModuleBuilder.buildProject(LifecycleModuleBuilder.java:80)
	at org.apache.maven.lifecycle.internal.builder.singlethreaded.SingleThreadedBuilder.build(SingleThreadedBuilder.java:51)
	at org.apache.maven.lifecycle.internal.LifecycleStarter.execute(LifecycleStarter.java:128)
	at org.apache.maven.DefaultMaven.doExecute(DefaultMaven.java:307)
	at org.apache.maven.DefaultMaven.doExecute(DefaultMaven.java:193)
	at org.apache.maven.DefaultMaven.execute(DefaultMaven.java:106)
	at org.apache.maven.cli.MavenCli.execute(MavenCli.java:863)
	at org.apache.maven.cli.MavenCli.doMain(MavenCli.java:288)
	at org.apache.maven.cli.MavenCli.main(MavenCli.java:199)
	at org.codehaus.plexus.classworlds.launcher.Launcher.launchEnhanced(Launcher.java:289)
	at org.codehaus.plexus.classworlds.launcher.Launcher.launch(Launcher.java:229)
	at org.codehaus.plexus.classworlds.launcher.Launcher.mainWithExitCode(Launcher.java:415)
	at org.codehaus.plexus.classworlds.launcher.Launcher.main(Launcher.java:356)
... Removed 28 stack frames</div></td></tr></table><p class="totop"><a href="#summary">back to summary</a></p><h3 id="m5">com.newtour.LoginKeyfunctional.testcases.TC_KF_LG_01_VerifyHomePageLoginTest#verifyHomePageLogoTest</h3><table class="result"></table><p class="totop"><a href="#summary">back to summary</a></p><h3 id="m6">com.newtour.LoginKeyfunctional.testcases.TC_KF_LG_01_VerifyHomePageLoginTest#verifyHomePageTitleTest</h3><table class="result"></table><p class="totop"><a href="#summary">back to summary</a></p><h3 id="m7">com.newtour.LoginKeyfunctional.testcases.TC_KF_LG_01_VerifyHomePageLoginTest#verifyIsLoginSuccessfulTest</h3><table class="result"></table><p class="totop"><a href="#summary">back to summary</a></p><h3 id="m8">com.newtour.LoginKeyfunctional.testcases.TC_KF_LG_01_VerifyHomePageLoginTest#verifySignOffTest</h3><table class="result"></table><p class="totop"><a href="#summary">back to summary</a></p><h3 id="m9">com.newtour.LoginKeyfunctional.testcases.TC_KF_LG_01_VerifyHomePageLoginTest#verifyURLLaunchTest</h3><table class="result"></table><p class="totop"><a href="#summary">back to summary</a></p><h3 id="m10">com.newtour.LoginKeyfunctional.testcases.TC_KF_LG_01_VerifyHomePageLoginTest#verifyValidCredentialsTest</h3><table class="result"><tr class="param"><th>Parameter #1</th><th>Parameter #2</th></tr><tr class="param stripe"><td>lakshmi12</td><td>Yourdreamsaremine0</td></tr></table><p class="totop"><a href="#summary">back to summary</a></p><h3 id="m11">com.newtour.LoginKeyfunctional.testcases.TC_KF_LG_02_VerifySignOnPageLoginTest#verifyIsLoginSuccessfulTest</h3><table class="result"></table><p class="totop"><a href="#summary">back to summary</a></p><h3 id="m12">com.newtour.LoginKeyfunctional.testcases.TC_KF_LG_02_VerifySignOnPageLoginTest#verifySignOffTest</h3><table class="result"></table><p class="totop"><a href="#summary">back to summary</a></p><h3 id="m13">com.newtour.LoginKeyfunctional.testcases.TC_KF_LG_02_VerifySignOnPageLoginTest#verifySignOnPageLogoTest</h3><table class="result"></table><p class="totop"><a href="#summary">back to summary</a></p><h3 id="m14">com.newtour.LoginKeyfunctional.testcases.TC_KF_LG_02_VerifySignOnPageLoginTest#verifySignOnPageTitleTest</h3><table class="result"></table><p class="totop"><a href="#summary">back to summary</a></p><h3 id="m15">com.newtour.LoginKeyfunctional.testcases.TC_KF_LG_02_VerifySignOnPageLoginTest#verifySignonClickTest</h3><table class="result"></table><p class="totop"><a href="#summary">back to summary</a></p><h3 id="m16">com.newtour.LoginKeyfunctional.testcases.TC_KF_LG_02_VerifySignOnPageLoginTest#verifyURLLaunchTest</h3><table class="result"></table><p class="totop"><a href="#summary">back to summary</a></p><h3 id="m17">com.newtour.LoginKeyfunctional.testcases.TC_KF_LG_02_VerifySignOnPageLoginTest#verifyValidCredentialsTest</h3><table class="result"><tr class="param"><th>Parameter #1</th><th>Parameter #2</th></tr><tr class="param stripe"><td>lakshmi12</td><td>Yourdreamsaremine0</td></tr></table><p class="totop"><a href="#summary">back to summary</a></p><h3 id="m18">com.newtour.LoginKeyfunctional.testcases.TC_KF_LG_03_VerifySignOnPageInvalidLoginTest#verifySignOnPageLogoTest</h3><table class="result"></table><p class="totop"><a href="#summary">back to summary</a></p><h3 id="m19">com.newtour.LoginKeyfunctional.testcases.TC_KF_LG_03_VerifySignOnPageInvalidLoginTest#verifySignOnPageTitleTest</h3><table class="result"></table><p class="totop"><a href="#summary">back to summary</a></p><h3 id="m20">com.newtour.LoginKeyfunctional.testcases.TC_KF_LG_03_VerifySignOnPageInvalidLoginTest#verifySignonClickTest</h3><table class="result"></table><p class="totop"><a href="#summary">back to summary</a></p><h3 id="m21">com.newtour.LoginKeyfunctional.testcases.TC_KF_LG_03_VerifySignOnPageInvalidLoginTest#verifyURLLaunchTest</h3><table class="result"></table><p class="totop"><a href="#summary">back to summary</a></p><h3 id="m22">com.newtour.LoginKeyfunctional.testcases.TC_KF_LG_03_VerifySignOnPageInvalidLoginTest#verifyValidCredentialsTest</h3><table class="result"><tr class="param"><th>Parameter #1</th><th>Parameter #2</th></tr><tr class="param stripe"><td>lakshmiay12</td><td>test</td></tr></table><p class="totop"><a href="#summary">back to summary</a></p><h3 id="m23">com.newtour.LoginKeyfunctional.testcases.TC_KF_LG_04_VerifyRegistrationViaSignOnPageTest#verifyNavigationToRegistrationTest</h3><table class="result"></table><p class="totop"><a href="#summary">back to summary</a></p><h3 id="m24">com.newtour.LoginKeyfunctional.testcases.TC_KF_LG_04_VerifyRegistrationViaSignOnPageTest#verifyRegisterPageLogoTest</h3><table class="result"></table><p class="totop"><a href="#summary">back to summary</a></p><h3 id="m25">com.newtour.LoginKeyfunctional.testcases.TC_KF_LG_04_VerifyRegistrationViaSignOnPageTest#verifySignonClickTest</h3><table class="result"></table><p class="totop"><a href="#summary">back to summary</a></p><h3 id="m26">com.newtour.LoginKeyfunctional.testcases.TC_KF_LG_04_VerifyRegistrationViaSignOnPageTest#verifyURLLaunchTest</h3><table class="result"></table><p class="totop"><a href="#summary">back to summary</a></p><h2>Flight Finder KeyFunctional Automation TestSuite</h2><h3 id="m27">com.newtour.flightfinderfunctional.testcases.TC_KF_FF_03_VerifyFlightFinderPageNavigationsTest#verifyNavigateForward</h3><table class="result"><tr><th>Exception</th></tr><tr><td><div class="stacktrace">org.openqa.selenium.NoSuchElementException: no such element: Unable to locate element: {&quot;method&quot;:&quot;xpath&quot;,&quot;selector&quot;:&quot;//img[contains(@src,&apos;/images/masts/mast_selectflight.gif&apos;)]&quot;}
  (Session info: chrome=63.0.3239.132)
  (Driver info: chromedriver=2.35.528161 (5b82f2d2aae0ca24b877009200ced9065a772e73),platform=Windows NT 10.0.16299 x86_64) (WARNING: The server did not provide any stacktrace information)
Command duration or timeout: 2.07 seconds
For documentation on this error, please visit: http://seleniumhq.org/exceptions/no_such_element.html
Build info: version: &apos;3.4.0&apos;, revision: &apos;unknown&apos;, time: &apos;unknown&apos;
System info: host: &apos;SEETHA&apos;, ip: &apos;192.168.0.2&apos;, os.name: &apos;Windows 10&apos;, os.arch: &apos;amd64&apos;, os.version: &apos;10.0&apos;, java.version: &apos;1.8.0_131&apos;
Driver info: org.openqa.selenium.chrome.ChromeDriver
Capabilities [{applicationCacheEnabled=false, rotatable=false, mobileEmulationEnabled=false, networkConnectionEnabled=false, chrome={chromedriverVersion=2.35.528161 (5b82f2d2aae0ca24b877009200ced9065a772e73), userDataDir=C:\Users\Lakshmi\AppData\Local\Temp\scoped_dir15716_11685}, takesHeapSnapshot=true, pageLoadStrategy=normal, databaseEnabled=false, handlesAlerts=true, hasTouchScreen=false, version=63.0.3239.132, platform=XP, browserConnectionEnabled=false, nativeEvents=true, acceptSslCerts=false, acceptInsecureCerts=false, locationContextEnabled=true, webStorageEnabled=true, browserName=chrome, takesScreenshot=true, javascriptEnabled=true, cssSelectorsEnabled=true, setWindowRect=true, unexpectedAlertBehaviour=}]
Session ID: 1d9a814097dbc8c28c5460e9d9d21e9d
*** Element info: {Using=xpath, value=//img[contains(@src,&apos;/images/masts/mast_selectflight.gif&apos;)]}
	at org.openqa.selenium.remote.ErrorHandler.createThrowable(ErrorHandler.java:215)
	at org.openqa.selenium.remote.ErrorHandler.throwIfResponseFailed(ErrorHandler.java:167)
	at org.openqa.selenium.remote.RemoteWebDriver.execute(RemoteWebDriver.java:671)
	at org.openqa.selenium.remote.RemoteWebDriver.findElement(RemoteWebDriver.java:410)
	at org.openqa.selenium.remote.RemoteWebDriver.findElementByXPath(RemoteWebDriver.java:509)
	at org.openqa.selenium.By$ByXPath.findElement(By.java:361)
	at org.openqa.selenium.remote.RemoteWebDriver.findElement(RemoteWebDriver.java:402)
	at com.newtour.qa.helper.XpathHelper.findByXPath(XpathHelper.java:88)
	at com.newtour.qa.pages.FlightsPage.isFlightSearchSuccessful(FlightsPage.java:252)
	at com.newtour.qa.pages.FlightsPage.verifyNavigateForward(FlightsPage.java:319)
	at com.newtour.flightfinderfunctional.testcases.TC_KF_FF_03_VerifyFlightFinderPageNavigationsTest.verifyNavigateForward(TC_KF_FF_03_VerifyFlightFinderPageNavigationsTest.java:80)
	at org.apache.maven.plugin.surefire.InPluginVMSurefireStarter.runSuitesInProcess(InPluginVMSurefireStarter.java:84)
	at org.apache.maven.plugin.surefire.AbstractSurefireMojo.executeProvider(AbstractSurefireMojo.java:1060)
	at org.apache.maven.plugin.surefire.AbstractSurefireMojo.executeAfterPreconditionsChecked(AbstractSurefireMojo.java:907)
	at org.apache.maven.plugin.surefire.AbstractSurefireMojo.execute(AbstractSurefireMojo.java:785)
	at org.apache.maven.plugin.DefaultBuildPluginManager.executeMojo(DefaultBuildPluginManager.java:134)
	at org.apache.maven.lifecycle.internal.MojoExecutor.execute(MojoExecutor.java:207)
	at org.apache.maven.lifecycle.internal.MojoExecutor.execute(MojoExecutor.java:153)
	at org.apache.maven.lifecycle.internal.MojoExecutor.execute(MojoExecutor.java:145)
	at org.apache.maven.lifecycle.internal.LifecycleModuleBuilder.buildProject(LifecycleModuleBuilder.java:116)
	at org.apache.maven.lifecycle.internal.LifecycleModuleBuilder.buildProject(LifecycleModuleBuilder.java:80)
	at org.apache.maven.lifecycle.internal.builder.singlethreaded.SingleThreadedBuilder.build(SingleThreadedBuilder.java:51)
	at org.apache.maven.lifecycle.internal.LifecycleStarter.execute(LifecycleStarter.java:128)
	at org.apache.maven.DefaultMaven.doExecute(DefaultMaven.java:307)
	at org.apache.maven.DefaultMaven.doExecute(DefaultMaven.java:193)
	at org.apache.maven.DefaultMaven.execute(DefaultMaven.java:106)
	at org.apache.maven.cli.MavenCli.execute(MavenCli.java:863)
	at org.apache.maven.cli.MavenCli.doMain(MavenCli.java:288)
	at org.apache.maven.cli.MavenCli.main(MavenCli.java:199)
	at org.codehaus.plexus.classworlds.launcher.Launcher.launchEnhanced(Launcher.java:289)
	at org.codehaus.plexus.classworlds.launcher.Launcher.launch(Launcher.java:229)
	at org.codehaus.plexus.classworlds.launcher.Launcher.mainWithExitCode(Launcher.java:415)
	at org.codehaus.plexus.classworlds.launcher.Launcher.main(Launcher.java:356)
... Removed 39 stack frames</div></td></tr></table><p class="totop"><a href="#summary">back to summary</a></p><h3 id="m28">com.newtour.flightfinderfunctional.testcases.TC_KF_FF_03_VerifyFlightFinderPageNavigationsTest#verifyNavigateForward</h3><table class="result"><tr><th>Exception</th></tr><tr><td><div class="stacktrace">org.openqa.selenium.NoSuchElementException: no such element: Unable to locate element: {&quot;method&quot;:&quot;xpath&quot;,&quot;selector&quot;:&quot;//img[contains(@src,&apos;/images/masts/mast_selectflight.gif&apos;)]&quot;}
  (Session info: chrome=63.0.3239.132)
  (Driver info: chromedriver=2.35.528161 (5b82f2d2aae0ca24b877009200ced9065a772e73),platform=Windows NT 10.0.16299 x86_64) (WARNING: The server did not provide any stacktrace information)
Command duration or timeout: 2.07 seconds
For documentation on this error, please visit: http://seleniumhq.org/exceptions/no_such_element.html
Build info: version: &apos;3.4.0&apos;, revision: &apos;unknown&apos;, time: &apos;unknown&apos;
System info: host: &apos;SEETHA&apos;, ip: &apos;192.168.0.2&apos;, os.name: &apos;Windows 10&apos;, os.arch: &apos;amd64&apos;, os.version: &apos;10.0&apos;, java.version: &apos;1.8.0_131&apos;
Driver info: org.openqa.selenium.chrome.ChromeDriver
Capabilities [{applicationCacheEnabled=false, rotatable=false, mobileEmulationEnabled=false, networkConnectionEnabled=false, chrome={chromedriverVersion=2.35.528161 (5b82f2d2aae0ca24b877009200ced9065a772e73), userDataDir=C:\Users\Lakshmi\AppData\Local\Temp\scoped_dir15716_11685}, takesHeapSnapshot=true, pageLoadStrategy=normal, databaseEnabled=false, handlesAlerts=true, hasTouchScreen=false, version=63.0.3239.132, platform=XP, browserConnectionEnabled=false, nativeEvents=true, acceptSslCerts=false, acceptInsecureCerts=false, locationContextEnabled=true, webStorageEnabled=true, browserName=chrome, takesScreenshot=true, javascriptEnabled=true, cssSelectorsEnabled=true, setWindowRect=true, unexpectedAlertBehaviour=}]
Session ID: 1d9a814097dbc8c28c5460e9d9d21e9d
*** Element info: {Using=xpath, value=//img[contains(@src,&apos;/images/masts/mast_selectflight.gif&apos;)]}
	at org.openqa.selenium.remote.ErrorHandler.createThrowable(ErrorHandler.java:215)
	at org.openqa.selenium.remote.ErrorHandler.throwIfResponseFailed(ErrorHandler.java:167)
	at org.openqa.selenium.remote.RemoteWebDriver.execute(RemoteWebDriver.java:671)
	at org.openqa.selenium.remote.RemoteWebDriver.findElement(RemoteWebDriver.java:410)
	at org.openqa.selenium.remote.RemoteWebDriver.findElementByXPath(RemoteWebDriver.java:509)
	at org.openqa.selenium.By$ByXPath.findElement(By.java:361)
	at org.openqa.selenium.remote.RemoteWebDriver.findElement(RemoteWebDriver.java:402)
	at com.newtour.qa.helper.XpathHelper.findByXPath(XpathHelper.java:88)
	at com.newtour.qa.pages.FlightsPage.isFlightSearchSuccessful(FlightsPage.java:252)
	at com.newtour.qa.pages.FlightsPage.verifyNavigateForward(FlightsPage.java:319)
	at com.newtour.flightfinderfunctional.testcases.TC_KF_FF_03_VerifyFlightFinderPageNavigationsTest.verifyNavigateForward(TC_KF_FF_03_VerifyFlightFinderPageNavigationsTest.java:80)
	at org.apache.maven.plugin.surefire.InPluginVMSurefireStarter.runSuitesInProcess(InPluginVMSurefireStarter.java:84)
	at org.apache.maven.plugin.surefire.AbstractSurefireMojo.executeProvider(AbstractSurefireMojo.java:1060)
	at org.apache.maven.plugin.surefire.AbstractSurefireMojo.executeAfterPreconditionsChecked(AbstractSurefireMojo.java:907)
	at org.apache.maven.plugin.surefire.AbstractSurefireMojo.execute(AbstractSurefireMojo.java:785)
	at org.apache.maven.plugin.DefaultBuildPluginManager.executeMojo(DefaultBuildPluginManager.java:134)
	at org.apache.maven.lifecycle.internal.MojoExecutor.execute(MojoExecutor.java:207)
	at org.apache.maven.lifecycle.internal.MojoExecutor.execute(MojoExecutor.java:153)
	at org.apache.maven.lifecycle.internal.MojoExecutor.execute(MojoExecutor.java:145)
	at org.apache.maven.lifecycle.internal.LifecycleModuleBuilder.buildProject(LifecycleModuleBuilder.java:116)
	at org.apache.maven.lifecycle.internal.LifecycleModuleBuilder.buildProject(LifecycleModuleBuilder.java:80)
	at org.apache.maven.lifecycle.internal.builder.singlethreaded.SingleThreadedBuilder.build(SingleThreadedBuilder.java:51)
	at org.apache.maven.lifecycle.internal.LifecycleStarter.execute(LifecycleStarter.java:128)
	at org.apache.maven.DefaultMaven.doExecute(DefaultMaven.java:307)
	at org.apache.maven.DefaultMaven.doExecute(DefaultMaven.java:193)
	at org.apache.maven.DefaultMaven.execute(DefaultMaven.java:106)
	at org.apache.maven.cli.MavenCli.execute(MavenCli.java:863)
	at org.apache.maven.cli.MavenCli.doMain(MavenCli.java:288)
	at org.apache.maven.cli.MavenCli.main(MavenCli.java:199)
	at org.codehaus.plexus.classworlds.launcher.Launcher.launchEnhanced(Launcher.java:289)
	at org.codehaus.plexus.classworlds.launcher.Launcher.launch(Launcher.java:229)
	at org.codehaus.plexus.classworlds.launcher.Launcher.mainWithExitCode(Launcher.java:415)
	at org.codehaus.plexus.classworlds.launcher.Launcher.main(Launcher.java:356)
... Removed 39 stack frames</div></td></tr></table><p class="totop"><a href="#summary">back to summary</a></p><h3 id="m29">com.newtour.flightfinderfunctional.testcases.TC_KF_FF_03_VerifyFlightFinderPageNavigationsTest#verifyNavigateForward</h3><table class="result"><tr><th>Exception</th></tr><tr><td><div class="stacktrace">org.openqa.selenium.NoSuchElementException: no such element: Unable to locate element: {&quot;method&quot;:&quot;xpath&quot;,&quot;selector&quot;:&quot;//img[contains(@src,&apos;/images/masts/mast_selectflight.gif&apos;)]&quot;}
  (Session info: chrome=63.0.3239.132)
  (Driver info: chromedriver=2.35.528161 (5b82f2d2aae0ca24b877009200ced9065a772e73),platform=Windows NT 10.0.16299 x86_64) (WARNING: The server did not provide any stacktrace information)
Command duration or timeout: 2.06 seconds
For documentation on this error, please visit: http://seleniumhq.org/exceptions/no_such_element.html
Build info: version: &apos;3.4.0&apos;, revision: &apos;unknown&apos;, time: &apos;unknown&apos;
System info: host: &apos;SEETHA&apos;, ip: &apos;192.168.0.2&apos;, os.name: &apos;Windows 10&apos;, os.arch: &apos;amd64&apos;, os.version: &apos;10.0&apos;, java.version: &apos;1.8.0_131&apos;
Driver info: org.openqa.selenium.chrome.ChromeDriver
Capabilities [{applicationCacheEnabled=false, rotatable=false, mobileEmulationEnabled=false, networkConnectionEnabled=false, chrome={chromedriverVersion=2.35.528161 (5b82f2d2aae0ca24b877009200ced9065a772e73), userDataDir=C:\Users\Lakshmi\AppData\Local\Temp\scoped_dir15716_11685}, takesHeapSnapshot=true, pageLoadStrategy=normal, databaseEnabled=false, handlesAlerts=true, hasTouchScreen=false, version=63.0.3239.132, platform=XP, browserConnectionEnabled=false, nativeEvents=true, acceptSslCerts=false, acceptInsecureCerts=false, locationContextEnabled=true, webStorageEnabled=true, browserName=chrome, takesScreenshot=true, javascriptEnabled=true, cssSelectorsEnabled=true, setWindowRect=true, unexpectedAlertBehaviour=}]
Session ID: 1d9a814097dbc8c28c5460e9d9d21e9d
*** Element info: {Using=xpath, value=//img[contains(@src,&apos;/images/masts/mast_selectflight.gif&apos;)]}
	at org.openqa.selenium.remote.ErrorHandler.createThrowable(ErrorHandler.java:215)
	at org.openqa.selenium.remote.ErrorHandler.throwIfResponseFailed(ErrorHandler.java:167)
	at org.openqa.selenium.remote.RemoteWebDriver.execute(RemoteWebDriver.java:671)
	at org.openqa.selenium.remote.RemoteWebDriver.findElement(RemoteWebDriver.java:410)
	at org.openqa.selenium.remote.RemoteWebDriver.findElementByXPath(RemoteWebDriver.java:509)
	at org.openqa.selenium.By$ByXPath.findElement(By.java:361)
	at org.openqa.selenium.remote.RemoteWebDriver.findElement(RemoteWebDriver.java:402)
	at com.newtour.qa.helper.XpathHelper.findByXPath(XpathHelper.java:88)
	at com.newtour.qa.pages.FlightsPage.isFlightSearchSuccessful(FlightsPage.java:252)
	at com.newtour.qa.pages.FlightsPage.verifyNavigateForward(FlightsPage.java:319)
	at com.newtour.flightfinderfunctional.testcases.TC_KF_FF_03_VerifyFlightFinderPageNavigationsTest.verifyNavigateForward(TC_KF_FF_03_VerifyFlightFinderPageNavigationsTest.java:80)
	at org.apache.maven.plugin.surefire.InPluginVMSurefireStarter.runSuitesInProcess(InPluginVMSurefireStarter.java:84)
	at org.apache.maven.plugin.surefire.AbstractSurefireMojo.executeProvider(AbstractSurefireMojo.java:1060)
	at org.apache.maven.plugin.surefire.AbstractSurefireMojo.executeAfterPreconditionsChecked(AbstractSurefireMojo.java:907)
	at org.apache.maven.plugin.surefire.AbstractSurefireMojo.execute(AbstractSurefireMojo.java:785)
	at org.apache.maven.plugin.DefaultBuildPluginManager.executeMojo(DefaultBuildPluginManager.java:134)
	at org.apache.maven.lifecycle.internal.MojoExecutor.execute(MojoExecutor.java:207)
	at org.apache.maven.lifecycle.internal.MojoExecutor.execute(MojoExecutor.java:153)
	at org.apache.maven.lifecycle.internal.MojoExecutor.execute(MojoExecutor.java:145)
	at org.apache.maven.lifecycle.internal.LifecycleModuleBuilder.buildProject(LifecycleModuleBuilder.java:116)
	at org.apache.maven.lifecycle.internal.LifecycleModuleBuilder.buildProject(LifecycleModuleBuilder.java:80)
	at org.apache.maven.lifecycle.internal.builder.singlethreaded.SingleThreadedBuilder.build(SingleThreadedBuilder.java:51)
	at org.apache.maven.lifecycle.internal.LifecycleStarter.execute(LifecycleStarter.java:128)
	at org.apache.maven.DefaultMaven.doExecute(DefaultMaven.java:307)
	at org.apache.maven.DefaultMaven.doExecute(DefaultMaven.java:193)
	at org.apache.maven.DefaultMaven.execute(DefaultMaven.java:106)
	at org.apache.maven.cli.MavenCli.execute(MavenCli.java:863)
	at org.apache.maven.cli.MavenCli.doMain(MavenCli.java:288)
	at org.apache.maven.cli.MavenCli.main(MavenCli.java:199)
	at org.codehaus.plexus.classworlds.launcher.Launcher.launchEnhanced(Launcher.java:289)
	at org.codehaus.plexus.classworlds.launcher.Launcher.launch(Launcher.java:229)
	at org.codehaus.plexus.classworlds.launcher.Launcher.mainWithExitCode(Launcher.java:415)
	at org.codehaus.plexus.classworlds.launcher.Launcher.main(Launcher.java:356)
... Removed 39 stack frames</div></td></tr></table><p class="totop"><a href="#summary">back to summary</a></p><h3 id="m30">com.newtour.flightfinderfunctional.testcases.TC_KF_FF_03_VerifyFlightFinderPageNavigationsTest#verifyNavigateForward</h3><table class="result"><tr><th>Exception</th></tr><tr><td><div class="stacktrace">org.openqa.selenium.NoSuchElementException: no such element: Unable to locate element: {&quot;method&quot;:&quot;xpath&quot;,&quot;selector&quot;:&quot;//img[contains(@src,&apos;/images/masts/mast_selectflight.gif&apos;)]&quot;}
  (Session info: chrome=63.0.3239.132)
  (Driver info: chromedriver=2.35.528161 (5b82f2d2aae0ca24b877009200ced9065a772e73),platform=Windows NT 10.0.16299 x86_64) (WARNING: The server did not provide any stacktrace information)
Command duration or timeout: 2.07 seconds
For documentation on this error, please visit: http://seleniumhq.org/exceptions/no_such_element.html
Build info: version: &apos;3.4.0&apos;, revision: &apos;unknown&apos;, time: &apos;unknown&apos;
System info: host: &apos;SEETHA&apos;, ip: &apos;192.168.0.2&apos;, os.name: &apos;Windows 10&apos;, os.arch: &apos;amd64&apos;, os.version: &apos;10.0&apos;, java.version: &apos;1.8.0_131&apos;
Driver info: org.openqa.selenium.chrome.ChromeDriver
Capabilities [{applicationCacheEnabled=false, rotatable=false, mobileEmulationEnabled=false, networkConnectionEnabled=false, chrome={chromedriverVersion=2.35.528161 (5b82f2d2aae0ca24b877009200ced9065a772e73), userDataDir=C:\Users\Lakshmi\AppData\Local\Temp\scoped_dir15716_11685}, takesHeapSnapshot=true, pageLoadStrategy=normal, databaseEnabled=false, handlesAlerts=true, hasTouchScreen=false, version=63.0.3239.132, platform=XP, browserConnectionEnabled=false, nativeEvents=true, acceptSslCerts=false, acceptInsecureCerts=false, locationContextEnabled=true, webStorageEnabled=true, browserName=chrome, takesScreenshot=true, javascriptEnabled=true, cssSelectorsEnabled=true, setWindowRect=true, unexpectedAlertBehaviour=}]
Session ID: 1d9a814097dbc8c28c5460e9d9d21e9d
*** Element info: {Using=xpath, value=//img[contains(@src,&apos;/images/masts/mast_selectflight.gif&apos;)]}
	at org.openqa.selenium.remote.ErrorHandler.createThrowable(ErrorHandler.java:215)
	at org.openqa.selenium.remote.ErrorHandler.throwIfResponseFailed(ErrorHandler.java:167)
	at org.openqa.selenium.remote.RemoteWebDriver.execute(RemoteWebDriver.java:671)
	at org.openqa.selenium.remote.RemoteWebDriver.findElement(RemoteWebDriver.java:410)
	at org.openqa.selenium.remote.RemoteWebDriver.findElementByXPath(RemoteWebDriver.java:509)
	at org.openqa.selenium.By$ByXPath.findElement(By.java:361)
	at org.openqa.selenium.remote.RemoteWebDriver.findElement(RemoteWebDriver.java:402)
	at com.newtour.qa.helper.XpathHelper.findByXPath(XpathHelper.java:88)
	at com.newtour.qa.pages.FlightsPage.isFlightSearchSuccessful(FlightsPage.java:252)
	at com.newtour.qa.pages.FlightsPage.verifyNavigateForward(FlightsPage.java:319)
	at com.newtour.flightfinderfunctional.testcases.TC_KF_FF_03_VerifyFlightFinderPageNavigationsTest.verifyNavigateForward(TC_KF_FF_03_VerifyFlightFinderPageNavigationsTest.java:80)
	at org.apache.maven.plugin.surefire.InPluginVMSurefireStarter.runSuitesInProcess(InPluginVMSurefireStarter.java:84)
	at org.apache.maven.plugin.surefire.AbstractSurefireMojo.executeProvider(AbstractSurefireMojo.java:1060)
	at org.apache.maven.plugin.surefire.AbstractSurefireMojo.executeAfterPreconditionsChecked(AbstractSurefireMojo.java:907)
	at org.apache.maven.plugin.surefire.AbstractSurefireMojo.execute(AbstractSurefireMojo.java:785)
	at org.apache.maven.plugin.DefaultBuildPluginManager.executeMojo(DefaultBuildPluginManager.java:134)
	at org.apache.maven.lifecycle.internal.MojoExecutor.execute(MojoExecutor.java:207)
	at org.apache.maven.lifecycle.internal.MojoExecutor.execute(MojoExecutor.java:153)
	at org.apache.maven.lifecycle.internal.MojoExecutor.execute(MojoExecutor.java:145)
	at org.apache.maven.lifecycle.internal.LifecycleModuleBuilder.buildProject(LifecycleModuleBuilder.java:116)
	at org.apache.maven.lifecycle.internal.LifecycleModuleBuilder.buildProject(LifecycleModuleBuilder.java:80)
	at org.apache.maven.lifecycle.internal.builder.singlethreaded.SingleThreadedBuilder.build(SingleThreadedBuilder.java:51)
	at org.apache.maven.lifecycle.internal.LifecycleStarter.execute(LifecycleStarter.java:128)
	at org.apache.maven.DefaultMaven.doExecute(DefaultMaven.java:307)
	at org.apache.maven.DefaultMaven.doExecute(DefaultMaven.java:193)
	at org.apache.maven.DefaultMaven.execute(DefaultMaven.java:106)
	at org.apache.maven.cli.MavenCli.execute(MavenCli.java:863)
	at org.apache.maven.cli.MavenCli.doMain(MavenCli.java:288)
	at org.apache.maven.cli.MavenCli.main(MavenCli.java:199)
	at org.codehaus.plexus.classworlds.launcher.Launcher.launchEnhanced(Launcher.java:289)
	at org.codehaus.plexus.classworlds.launcher.Launcher.launch(Launcher.java:229)
	at org.codehaus.plexus.classworlds.launcher.Launcher.mainWithExitCode(Launcher.java:415)
	at org.codehaus.plexus.classworlds.launcher.Launcher.main(Launcher.java:356)
... Removed 39 stack frames</div></td></tr></table><p class="totop"><a href="#summary">back to summary</a></p><h3 id="m31">com.newtour.flightfinderfunctional.testcases.TC_KF_FF_03_VerifyFlightFinderPageNavigationsTest#verifySignOffTest</h3><table class="result"><tr><th>Exception</th></tr><tr><td><div class="stacktrace">java.lang.Throwable: Method TC_KF_FF_03_VerifyFlightFinderPageNavigationsTest.verifySignOffTest()[pri:6, instance:com.newtour.flightfinderfunctional.testcases.TC_KF_FF_03_VerifyFlightFinderPageNavigationsTest@78da899f] depends on not successfully finished methods
	at org.apache.maven.plugin.surefire.InPluginVMSurefireStarter.runSuitesInProcess(InPluginVMSurefireStarter.java:84)
	at org.apache.maven.plugin.surefire.AbstractSurefireMojo.executeProvider(AbstractSurefireMojo.java:1060)
	at org.apache.maven.plugin.surefire.AbstractSurefireMojo.executeAfterPreconditionsChecked(AbstractSurefireMojo.java:907)
	at org.apache.maven.plugin.surefire.AbstractSurefireMojo.execute(AbstractSurefireMojo.java:785)
	at org.apache.maven.plugin.DefaultBuildPluginManager.executeMojo(DefaultBuildPluginManager.java:134)
	at org.apache.maven.lifecycle.internal.MojoExecutor.execute(MojoExecutor.java:207)
	at org.apache.maven.lifecycle.internal.MojoExecutor.execute(MojoExecutor.java:153)
	at org.apache.maven.lifecycle.internal.MojoExecutor.execute(MojoExecutor.java:145)
	at org.apache.maven.lifecycle.internal.LifecycleModuleBuilder.buildProject(LifecycleModuleBuilder.java:116)
	at org.apache.maven.lifecycle.internal.LifecycleModuleBuilder.buildProject(LifecycleModuleBuilder.java:80)
	at org.apache.maven.lifecycle.internal.builder.singlethreaded.SingleThreadedBuilder.build(SingleThreadedBuilder.java:51)
	at org.apache.maven.lifecycle.internal.LifecycleStarter.execute(LifecycleStarter.java:128)
	at org.apache.maven.DefaultMaven.doExecute(DefaultMaven.java:307)
	at org.apache.maven.DefaultMaven.doExecute(DefaultMaven.java:193)
	at org.apache.maven.DefaultMaven.execute(DefaultMaven.java:106)
	at org.apache.maven.cli.MavenCli.execute(MavenCli.java:863)
	at org.apache.maven.cli.MavenCli.doMain(MavenCli.java:288)
	at org.apache.maven.cli.MavenCli.main(MavenCli.java:199)
	at org.codehaus.plexus.classworlds.launcher.Launcher.launchEnhanced(Launcher.java:289)
	at org.codehaus.plexus.classworlds.launcher.Launcher.launch(Launcher.java:229)
	at org.codehaus.plexus.classworlds.launcher.Launcher.mainWithExitCode(Launcher.java:415)
	at org.codehaus.plexus.classworlds.launcher.Launcher.main(Launcher.java:356)
... Removed 28 stack frames</div></td></tr></table><p class="totop"><a href="#summary">back to summary</a></p><h3 id="m32">com.newtour.flightfinderfunctional.testcases.TC_KF_FF_01_VerifyOneWayFlightSearchTest#verifyCredentialsTest</h3><table class="result"><tr class="param"><th>Parameter #1</th><th>Parameter #2</th></tr><tr class="param stripe"><td>lakshmi12</td><td>Yourdreamsaremine0</td></tr></table><p class="totop"><a href="#summary">back to summary</a></p><h3 id="m33">com.newtour.flightfinderfunctional.testcases.TC_KF_FF_01_VerifyOneWayFlightSearchTest#verifyFlightDetailsList</h3><table class="result"></table><p class="totop"><a href="#summary">back to summary</a></p><h3 id="m34">com.newtour.flightfinderfunctional.testcases.TC_KF_FF_01_VerifyOneWayFlightSearchTest#verifyFlightSearch</h3><table class="result"></table><p class="totop"><a href="#summary">back to summary</a></p><h3 id="m35">com.newtour.flightfinderfunctional.testcases.TC_KF_FF_01_VerifyOneWayFlightSearchTest#verifyLaunchURLTest</h3><table class="result"></table><p class="totop"><a href="#summary">back to summary</a></p><h3 id="m36">com.newtour.flightfinderfunctional.testcases.TC_KF_FF_01_VerifyOneWayFlightSearchTest#verifyOneWayFlightSearchTest</h3><table class="result"><tr class="param"><th>Parameter #1</th><th>Parameter #2</th><th>Parameter #3</th><th>Parameter #4</th><th>Parameter #5</th><th>Parameter #6</th><th>Parameter #7</th><th>Parameter #8</th><th>Parameter #9</th></tr><tr class="param stripe"><td>1.0</td><td>Frankfurt</td><td>March</td><td>12.0</td><td>Zurich</td><td>May</td><td>10.0</td><td>Business</td><td>Unified Airlines</td></tr></table><p class="totop"><a href="#summary">back to summary</a></p><h3 id="m37">com.newtour.flightfinderfunctional.testcases.TC_KF_FF_01_VerifyOneWayFlightSearchTest#verifyReserveFlights</h3><table class="result"></table><p class="totop"><a href="#summary">back to summary</a></p><h3 id="m38">com.newtour.flightfinderfunctional.testcases.TC_KF_FF_01_VerifyOneWayFlightSearchTest#verifySignOffTest</h3><table class="result"></table><p class="totop"><a href="#summary">back to summary</a></p><h3 id="m39">com.newtour.flightfinderfunctional.testcases.TC_KF_FF_02_VerifyRoundTripFlightSearchTest#verifyCredentialsTest</h3><table class="result"><tr class="param"><th>Parameter #1</th><th>Parameter #2</th></tr><tr class="param stripe"><td>lakshmi12</td><td>Yourdreamsaremine0</td></tr></table><p class="totop"><a href="#summary">back to summary</a></p><h3 id="m40">com.newtour.flightfinderfunctional.testcases.TC_KF_FF_02_VerifyRoundTripFlightSearchTest#verifyFlightDetailsList</h3><table class="result"></table><p class="totop"><a href="#summary">back to summary</a></p><h3 id="m41">com.newtour.flightfinderfunctional.testcases.TC_KF_FF_02_VerifyRoundTripFlightSearchTest#verifyFlightSearch</h3><table class="result"></table><p class="totop"><a href="#summary">back to summary</a></p><h3 id="m42">com.newtour.flightfinderfunctional.testcases.TC_KF_FF_02_VerifyRoundTripFlightSearchTest#verifyLaunchURLTest</h3><table class="result"></table><p class="totop"><a href="#summary">back to summary</a></p><h3 id="m43">com.newtour.flightfinderfunctional.testcases.TC_KF_FF_02_VerifyRoundTripFlightSearchTest#verifyReserveFlights</h3><table class="result"></table><p class="totop"><a href="#summary">back to summary</a></p><h3 id="m44">com.newtour.flightfinderfunctional.testcases.TC_KF_FF_02_VerifyRoundTripFlightSearchTest#verifyRoundTripFlightSearchTest</h3><table class="result"><tr class="param"><th>Parameter #1</th><th>Parameter #2</th><th>Parameter #3</th><th>Parameter #4</th><th>Parameter #5</th><th>Parameter #6</th><th>Parameter #7</th><th>Parameter #8</th><th>Parameter #9</th></tr><tr class="param stripe"><td>2.0</td><td>London</td><td>June</td><td>15.0</td><td>Paris</td><td>July</td><td>15.0</td><td>First</td><td>Pangea Airlines</td></tr></table><p class="totop"><a href="#summary">back to summary</a></p><h3 id="m45">com.newtour.flightfinderfunctional.testcases.TC_KF_FF_02_VerifyRoundTripFlightSearchTest#verifySignOffTest</h3><table class="result"></table><p class="totop"><a href="#summary">back to summary</a></p><h3 id="m46">com.newtour.flightfinderfunctional.testcases.TC_KF_FF_03_VerifyFlightFinderPageNavigationsTest#verifyCredentialsTest</h3><table class="result"><tr class="param"><th>Parameter #1</th><th>Parameter #2</th></tr><tr class="param stripe"><td>lakshmi12</td><td>Yourdreamsaremine0</td></tr></table><p class="totop"><a href="#summary">back to summary</a></p><h3 id="m47">com.newtour.flightfinderfunctional.testcases.TC_KF_FF_03_VerifyFlightFinderPageNavigationsTest#verifyFlightSearch</h3><table class="result"></table><p class="totop"><a href="#summary">back to summary</a></p><h3 id="m48">com.newtour.flightfinderfunctional.testcases.TC_KF_FF_03_VerifyFlightFinderPageNavigationsTest#verifyLaunchURLTest</h3><table class="result"></table><p class="totop"><a href="#summary">back to summary</a></p><h3 id="m49">com.newtour.flightfinderfunctional.testcases.TC_KF_FF_03_VerifyFlightFinderPageNavigationsTest#verifyNavigateBack</h3><table class="result"></table><p class="totop"><a href="#summary">back to summary</a></p><h3 id="m50">com.newtour.flightfinderfunctional.testcases.TC_KF_FF_03_VerifyFlightFinderPageNavigationsTest#verifyOneWayFlightSearchTest</h3><table class="result"><tr class="param"><th>Parameter #1</th><th>Parameter #2</th><th>Parameter #3</th><th>Parameter #4</th><th>Parameter #5</th><th>Parameter #6</th><th>Parameter #7</th><th>Parameter #8</th><th>Parameter #9</th></tr><tr class="param stripe"><td>1.0</td><td>Frankfurt</td><td>March</td><td>12.0</td><td>Zurich</td><td>May</td><td>10.0</td><td>Business</td><td>Unified Airlines</td></tr></table><p class="totop"><a href="#summary">back to summary</a></p></body></html>