<!DOCTYPE html>

<html>
  <head>
  <meta charset='utf-8'>
  <title>TestNG reports</title>

    <link type="text/css" href="testng-reports.css" rel="stylesheet" />  
    <script type="text/javascript" src="jquery-1.7.1.min.js"></script>
    <script type="text/javascript" src="testng-reports.js"></script>
    <script type="text/javascript" src="https://www.google.com/jsapi"></script>
    <script type='text/javascript'>
      google.load('visualization', '1', {packages:['table']});
      google.setOnLoadCallback(drawTable);
      var suiteTableInitFunctions = new Array();
      var suiteTableData = new Array();
    </script>
    <!--
      <script type="text/javascript" src="jquery-ui/js/jquery-ui-1.8.16.custom.min.js"></script>
     -->
  </head>

  <body>
    <div class="top-banner-root">
      <span class="top-banner-title-font">Test results</span>
      <br/>
      <span class="top-banner-font-1">2 suites, 2 failed tests</span>
    </div> <!-- top-banner-root -->
    <div class="navigator-root">
      <div class="navigator-suite-header">
        <span>All suites</span>
        <a href="#" class="collapse-all-link" title="Collapse/expand all the suites">
          <img class="collapse-all-icon" src="collapseall.gif">
          </img> <!-- collapse-all-icon -->
        </a> <!-- collapse-all-link -->
      </div> <!-- navigator-suite-header -->
      <div class="suite">
        <div class="rounded-window">
          <div class="suite-header light-rounded-window-top">
            <a href="#" class="navigator-link" panel-name="suite-NewTours_Login_Key_Functional_AutomationSuite">
              <span class="suite-name border-failed">NewTours Login Key Functional AutomationSuite</span>
            </a> <!-- navigator-link -->
          </div> <!-- suite-header light-rounded-window-top -->
          <div class="navigator-suite-content">
            <div class="suite-section-title">
              <span>Info</span>
            </div> <!-- suite-section-title -->
            <div class="suite-section-content">
              <ul>
                <li>
                  <a href="#" class="navigator-link " panel-name="test-xml-NewTours_Login_Key_Functional_AutomationSuite">
                    <span>C:\Assignment\NewTours-FunctionalTests\src\main\resources\loginFunctionalTestSuite.xml</span>
                  </a> <!-- navigator-link  -->
                </li>
                <li>
                  <a href="#" class="navigator-link " panel-name="testlist-NewTours_Login_Key_Functional_AutomationSuite">
                    <span class="test-stats">1 test</span>
                  </a> <!-- navigator-link  -->
                </li>
                <li>
                  <a href="#" class="navigator-link " panel-name="group-NewTours_Login_Key_Functional_AutomationSuite">
                    <span>0 groups</span>
                  </a> <!-- navigator-link  -->
                </li>
                <li>
                  <a href="#" class="navigator-link " panel-name="times-NewTours_Login_Key_Functional_AutomationSuite">
                    <span>Times</span>
                  </a> <!-- navigator-link  -->
                </li>
                <li>
                  <a href="#" class="navigator-link " panel-name="reporter-NewTours_Login_Key_Functional_AutomationSuite">
                    <span>Reporter output</span>
                  </a> <!-- navigator-link  -->
                </li>
                <li>
                  <a href="#" class="navigator-link " panel-name="ignored-methods-NewTours_Login_Key_Functional_AutomationSuite">
                    <span>Ignored methods</span>
                  </a> <!-- navigator-link  -->
                </li>
                <li>
                  <a href="#" class="navigator-link " panel-name="chronological-NewTours_Login_Key_Functional_AutomationSuite">
                    <span>Chronological view</span>
                  </a> <!-- navigator-link  -->
                </li>
              </ul>
            </div> <!-- suite-section-content -->
            <div class="result-section">
              <div class="suite-section-title">
                <span>Results</span>
              </div> <!-- suite-section-title -->
              <div class="suite-section-content">
                <ul>
                  <li>
                    <span class="method-stats">27 methods, 1 failed,  4 skipped,  22 passed</span>
                  </li>
                  <li>
                    <span class="method-list-title failed">Failed methods</span>
                    <span class="show-or-hide-methods failed">
                      <a href="#" panel-name="suite-NewTours_Login_Key_Functional_AutomationSuite" class="hide-methods failed suite-NewTours_Login_Key_Functional_AutomationSuite"> (hide)</a> <!-- hide-methods failed suite-NewTours_Login_Key_Functional_AutomationSuite -->
                      <a href="#" panel-name="suite-NewTours_Login_Key_Functional_AutomationSuite" class="show-methods failed suite-NewTours_Login_Key_Functional_AutomationSuite"> (show)</a> <!-- show-methods failed suite-NewTours_Login_Key_Functional_AutomationSuite -->
                    </span>
                    <div class="method-list-content failed suite-NewTours_Login_Key_Functional_AutomationSuite">
                      <span>
                        <img width="3%" src="failed.png"/>
                        <a href="#" class="method navigator-link" panel-name="suite-NewTours_Login_Key_Functional_AutomationSuite" title="com.newtour.LoginKeyfunctional.testcases.TC_KF_LG_03_VerifySignOnPageInvalidLoginTest" hash-for-method="verifyIsLoginSuccessfulTest">verifyIsLoginSuccessfulTest</a> <!-- method navigator-link -->
                      </span>
                      <br/>
                    </div> <!-- method-list-content failed suite-NewTours_Login_Key_Functional_AutomationSuite -->
                  </li>
                  <li>
                    <span class="method-list-title skipped">Skipped methods</span>
                    <span class="show-or-hide-methods skipped">
                      <a href="#" panel-name="suite-NewTours_Login_Key_Functional_AutomationSuite" class="hide-methods skipped suite-NewTours_Login_Key_Functional_AutomationSuite"> (hide)</a> <!-- hide-methods skipped suite-NewTours_Login_Key_Functional_AutomationSuite -->
                      <a href="#" panel-name="suite-NewTours_Login_Key_Functional_AutomationSuite" class="show-methods skipped suite-NewTours_Login_Key_Functional_AutomationSuite"> (show)</a> <!-- show-methods skipped suite-NewTours_Login_Key_Functional_AutomationSuite -->
                    </span>
                    <div class="method-list-content skipped suite-NewTours_Login_Key_Functional_AutomationSuite">
                      <span>
                        <img width="3%" src="skipped.png"/>
                        <a href="#" class="method navigator-link" panel-name="suite-NewTours_Login_Key_Functional_AutomationSuite" title="com.newtour.LoginKeyfunctional.testcases.TC_KF_LG_03_VerifySignOnPageInvalidLoginTest" hash-for-method="verifyIsLoginSuccessfulTest">verifyIsLoginSuccessfulTest</a> <!-- method navigator-link -->
                      </span>
                      <br/>
                      <span>
                        <img width="3%" src="skipped.png"/>
                        <a href="#" class="method navigator-link" panel-name="suite-NewTours_Login_Key_Functional_AutomationSuite" title="com.newtour.LoginKeyfunctional.testcases.TC_KF_LG_03_VerifySignOnPageInvalidLoginTest" hash-for-method="verifyIsLoginSuccessfulTest">verifyIsLoginSuccessfulTest</a> <!-- method navigator-link -->
                      </span>
                      <br/>
                      <span>
                        <img width="3%" src="skipped.png"/>
                        <a href="#" class="method navigator-link" panel-name="suite-NewTours_Login_Key_Functional_AutomationSuite" title="com.newtour.LoginKeyfunctional.testcases.TC_KF_LG_03_VerifySignOnPageInvalidLoginTest" hash-for-method="verifyIsLoginSuccessfulTest">verifyIsLoginSuccessfulTest</a> <!-- method navigator-link -->
                      </span>
                      <br/>
                      <span>
                        <img width="3%" src="skipped.png"/>
                        <a href="#" class="method navigator-link" panel-name="suite-NewTours_Login_Key_Functional_AutomationSuite" title="com.newtour.LoginKeyfunctional.testcases.TC_KF_LG_03_VerifySignOnPageInvalidLoginTest" hash-for-method="verifySignOffTest">verifySignOffTest</a> <!-- method navigator-link -->
                      </span>
                      <br/>
                    </div> <!-- method-list-content skipped suite-NewTours_Login_Key_Functional_AutomationSuite -->
                  </li>
                  <li>
                    <span class="method-list-title passed">Passed methods</span>
                    <span class="show-or-hide-methods passed">
                      <a href="#" panel-name="suite-NewTours_Login_Key_Functional_AutomationSuite" class="hide-methods passed suite-NewTours_Login_Key_Functional_AutomationSuite"> (hide)</a> <!-- hide-methods passed suite-NewTours_Login_Key_Functional_AutomationSuite -->
                      <a href="#" panel-name="suite-NewTours_Login_Key_Functional_AutomationSuite" class="show-methods passed suite-NewTours_Login_Key_Functional_AutomationSuite"> (show)</a> <!-- show-methods passed suite-NewTours_Login_Key_Functional_AutomationSuite -->
                    </span>
                    <div class="method-list-content passed suite-NewTours_Login_Key_Functional_AutomationSuite">
                      <span>
                        <img width="3%" src="passed.png"/>
                        <a href="#" class="method navigator-link" panel-name="suite-NewTours_Login_Key_Functional_AutomationSuite" title="com.newtour.LoginKeyfunctional.testcases.TC_KF_LG_01_VerifyHomePageLoginTest" hash-for-method="verifyHomePageLogoTest">verifyHomePageLogoTest</a> <!-- method navigator-link -->
                      </span>
                      <br/>
                      <span>
                        <img width="3%" src="passed.png"/>
                        <a href="#" class="method navigator-link" panel-name="suite-NewTours_Login_Key_Functional_AutomationSuite" title="com.newtour.LoginKeyfunctional.testcases.TC_KF_LG_01_VerifyHomePageLoginTest" hash-for-method="verifyHomePageTitleTest">verifyHomePageTitleTest</a> <!-- method navigator-link -->
                      </span>
                      <br/>
                      <span>
                        <img width="3%" src="passed.png"/>
                        <a href="#" class="method navigator-link" panel-name="suite-NewTours_Login_Key_Functional_AutomationSuite" title="com.newtour.LoginKeyfunctional.testcases.TC_KF_LG_02_VerifySignOnPageLoginTest" hash-for-method="verifyIsLoginSuccessfulTest">verifyIsLoginSuccessfulTest</a> <!-- method navigator-link -->
                      </span>
                      <br/>
                      <span>
                        <img width="3%" src="passed.png"/>
                        <a href="#" class="method navigator-link" panel-name="suite-NewTours_Login_Key_Functional_AutomationSuite" title="com.newtour.LoginKeyfunctional.testcases.TC_KF_LG_01_VerifyHomePageLoginTest" hash-for-method="verifyIsLoginSuccessfulTest">verifyIsLoginSuccessfulTest</a> <!-- method navigator-link -->
                      </span>
                      <br/>
                      <span>
                        <img width="3%" src="passed.png"/>
                        <a href="#" class="method navigator-link" panel-name="suite-NewTours_Login_Key_Functional_AutomationSuite" title="com.newtour.LoginKeyfunctional.testcases.TC_KF_LG_04_VerifyRegistrationViaSignOnPageTest" hash-for-method="verifyNavigationToRegistrationTest">verifyNavigationToRegistrationTest</a> <!-- method navigator-link -->
                      </span>
                      <br/>
                      <span>
                        <img width="3%" src="passed.png"/>
                        <a href="#" class="method navigator-link" panel-name="suite-NewTours_Login_Key_Functional_AutomationSuite" title="com.newtour.LoginKeyfunctional.testcases.TC_KF_LG_04_VerifyRegistrationViaSignOnPageTest" hash-for-method="verifyRegisterPageLogoTest">verifyRegisterPageLogoTest</a> <!-- method navigator-link -->
                      </span>
                      <br/>
                      <span>
                        <img width="3%" src="passed.png"/>
                        <a href="#" class="method navigator-link" panel-name="suite-NewTours_Login_Key_Functional_AutomationSuite" title="com.newtour.LoginKeyfunctional.testcases.TC_KF_LG_02_VerifySignOnPageLoginTest" hash-for-method="verifySignOffTest">verifySignOffTest</a> <!-- method navigator-link -->
                      </span>
                      <br/>
                      <span>
                        <img width="3%" src="passed.png"/>
                        <a href="#" class="method navigator-link" panel-name="suite-NewTours_Login_Key_Functional_AutomationSuite" title="com.newtour.LoginKeyfunctional.testcases.TC_KF_LG_01_VerifyHomePageLoginTest" hash-for-method="verifySignOffTest">verifySignOffTest</a> <!-- method navigator-link -->
                      </span>
                      <br/>
                      <span>
                        <img width="3%" src="passed.png"/>
                        <a href="#" class="method navigator-link" panel-name="suite-NewTours_Login_Key_Functional_AutomationSuite" title="com.newtour.LoginKeyfunctional.testcases.TC_KF_LG_03_VerifySignOnPageInvalidLoginTest" hash-for-method="verifySignOnPageLogoTest">verifySignOnPageLogoTest</a> <!-- method navigator-link -->
                      </span>
                      <br/>
                      <span>
                        <img width="3%" src="passed.png"/>
                        <a href="#" class="method navigator-link" panel-name="suite-NewTours_Login_Key_Functional_AutomationSuite" title="com.newtour.LoginKeyfunctional.testcases.TC_KF_LG_02_VerifySignOnPageLoginTest" hash-for-method="verifySignOnPageLogoTest">verifySignOnPageLogoTest</a> <!-- method navigator-link -->
                      </span>
                      <br/>
                      <span>
                        <img width="3%" src="passed.png"/>
                        <a href="#" class="method navigator-link" panel-name="suite-NewTours_Login_Key_Functional_AutomationSuite" title="com.newtour.LoginKeyfunctional.testcases.TC_KF_LG_03_VerifySignOnPageInvalidLoginTest" hash-for-method="verifySignOnPageTitleTest">verifySignOnPageTitleTest</a> <!-- method navigator-link -->
                      </span>
                      <br/>
                      <span>
                        <img width="3%" src="passed.png"/>
                        <a href="#" class="method navigator-link" panel-name="suite-NewTours_Login_Key_Functional_AutomationSuite" title="com.newtour.LoginKeyfunctional.testcases.TC_KF_LG_02_VerifySignOnPageLoginTest" hash-for-method="verifySignOnPageTitleTest">verifySignOnPageTitleTest</a> <!-- method navigator-link -->
                      </span>
                      <br/>
                      <span>
                        <img width="3%" src="passed.png"/>
                        <a href="#" class="method navigator-link" panel-name="suite-NewTours_Login_Key_Functional_AutomationSuite" title="com.newtour.LoginKeyfunctional.testcases.TC_KF_LG_02_VerifySignOnPageLoginTest" hash-for-method="verifySignonClickTest">verifySignonClickTest</a> <!-- method navigator-link -->
                      </span>
                      <br/>
                      <span>
                        <img width="3%" src="passed.png"/>
                        <a href="#" class="method navigator-link" panel-name="suite-NewTours_Login_Key_Functional_AutomationSuite" title="com.newtour.LoginKeyfunctional.testcases.TC_KF_LG_04_VerifyRegistrationViaSignOnPageTest" hash-for-method="verifySignonClickTest">verifySignonClickTest</a> <!-- method navigator-link -->
                      </span>
                      <br/>
                      <span>
                        <img width="3%" src="passed.png"/>
                        <a href="#" class="method navigator-link" panel-name="suite-NewTours_Login_Key_Functional_AutomationSuite" title="com.newtour.LoginKeyfunctional.testcases.TC_KF_LG_03_VerifySignOnPageInvalidLoginTest" hash-for-method="verifySignonClickTest">verifySignonClickTest</a> <!-- method navigator-link -->
                      </span>
                      <br/>
                      <span>
                        <img width="3%" src="passed.png"/>
                        <a href="#" class="method navigator-link" panel-name="suite-NewTours_Login_Key_Functional_AutomationSuite" title="com.newtour.LoginKeyfunctional.testcases.TC_KF_LG_01_VerifyHomePageLoginTest" hash-for-method="verifyURLLaunchTest">verifyURLLaunchTest</a> <!-- method navigator-link -->
                      </span>
                      <br/>
                      <span>
                        <img width="3%" src="passed.png"/>
                        <a href="#" class="method navigator-link" panel-name="suite-NewTours_Login_Key_Functional_AutomationSuite" title="com.newtour.LoginKeyfunctional.testcases.TC_KF_LG_02_VerifySignOnPageLoginTest" hash-for-method="verifyURLLaunchTest">verifyURLLaunchTest</a> <!-- method navigator-link -->
                      </span>
                      <br/>
                      <span>
                        <img width="3%" src="passed.png"/>
                        <a href="#" class="method navigator-link" panel-name="suite-NewTours_Login_Key_Functional_AutomationSuite" title="com.newtour.LoginKeyfunctional.testcases.TC_KF_LG_04_VerifyRegistrationViaSignOnPageTest" hash-for-method="verifyURLLaunchTest">verifyURLLaunchTest</a> <!-- method navigator-link -->
                      </span>
                      <br/>
                      <span>
                        <img width="3%" src="passed.png"/>
                        <a href="#" class="method navigator-link" panel-name="suite-NewTours_Login_Key_Functional_AutomationSuite" title="com.newtour.LoginKeyfunctional.testcases.TC_KF_LG_03_VerifySignOnPageInvalidLoginTest" hash-for-method="verifyURLLaunchTest">verifyURLLaunchTest</a> <!-- method navigator-link -->
                      </span>
                      <br/>
                      <span>
                        <img width="3%" src="passed.png"/>
                        <a href="#" class="method navigator-link" panel-name="suite-NewTours_Login_Key_Functional_AutomationSuite" title="com.newtour.LoginKeyfunctional.testcases.TC_KF_LG_01_VerifyHomePageLoginTest" hash-for-method="verifyValidCredentialsTest(lakshmi12, Yourdreamsaremine0)">verifyValidCredentialsTest(lakshmi12, Yourdreamsaremine0)</a> <!-- method navigator-link -->
                      </span>
                      <br/>
                      <span>
                        <img width="3%" src="passed.png"/>
                        <a href="#" class="method navigator-link" panel-name="suite-NewTours_Login_Key_Functional_AutomationSuite" title="com.newtour.LoginKeyfunctional.testcases.TC_KF_LG_02_VerifySignOnPageLoginTest" hash-for-method="verifyValidCredentialsTest(lakshmi12, Yourdreamsaremine0)">verifyValidCredentialsTest(lakshmi12, Yourdreamsaremine0)</a> <!-- method navigator-link -->
                      </span>
                      <br/>
                      <span>
                        <img width="3%" src="passed.png"/>
                        <a href="#" class="method navigator-link" panel-name="suite-NewTours_Login_Key_Functional_AutomationSuite" title="com.newtour.LoginKeyfunctional.testcases.TC_KF_LG_03_VerifySignOnPageInvalidLoginTest" hash-for-method="verifyValidCredentialsTest(lakshmiay12, test)">verifyValidCredentialsTest(lakshmiay12, test)</a> <!-- method navigator-link -->
                      </span>
                      <br/>
                    </div> <!-- method-list-content passed suite-NewTours_Login_Key_Functional_AutomationSuite -->
                  </li>
                </ul>
              </div> <!-- suite-section-content -->
            </div> <!-- result-section -->
          </div> <!-- navigator-suite-content -->
        </div> <!-- rounded-window -->
      </div> <!-- suite -->
      <div class="suite">
        <div class="rounded-window">
          <div class="suite-header light-rounded-window-top">
            <a href="#" class="navigator-link" panel-name="suite-NewTours_Flight_Finder_Key_Functional_AutomationSuite">
              <span class="suite-name border-failed">NewTours Flight Finder Key Functional AutomationSuite</span>
            </a> <!-- navigator-link -->
          </div> <!-- suite-header light-rounded-window-top -->
          <div class="navigator-suite-content">
            <div class="suite-section-title">
              <span>Info</span>
            </div> <!-- suite-section-title -->
            <div class="suite-section-content">
              <ul>
                <li>
                  <a href="#" class="navigator-link " panel-name="test-xml-NewTours_Flight_Finder_Key_Functional_AutomationSuite">
                    <span>C:\Assignment\NewTours-FunctionalTests\src\main\resources\flightFinderFunctionalTestSuite.xml</span>
                  </a> <!-- navigator-link  -->
                </li>
                <li>
                  <a href="#" class="navigator-link " panel-name="testlist-NewTours_Flight_Finder_Key_Functional_AutomationSuite">
                    <span class="test-stats">1 test</span>
                  </a> <!-- navigator-link  -->
                </li>
                <li>
                  <a href="#" class="navigator-link " panel-name="group-NewTours_Flight_Finder_Key_Functional_AutomationSuite">
                    <span>0 groups</span>
                  </a> <!-- navigator-link  -->
                </li>
                <li>
                  <a href="#" class="navigator-link " panel-name="times-NewTours_Flight_Finder_Key_Functional_AutomationSuite">
                    <span>Times</span>
                  </a> <!-- navigator-link  -->
                </li>
                <li>
                  <a href="#" class="navigator-link " panel-name="reporter-NewTours_Flight_Finder_Key_Functional_AutomationSuite">
                    <span>Reporter output</span>
                  </a> <!-- navigator-link  -->
                </li>
                <li>
                  <a href="#" class="navigator-link " panel-name="ignored-methods-NewTours_Flight_Finder_Key_Functional_AutomationSuite">
                    <span>Ignored methods</span>
                  </a> <!-- navigator-link  -->
                </li>
                <li>
                  <a href="#" class="navigator-link " panel-name="chronological-NewTours_Flight_Finder_Key_Functional_AutomationSuite">
                    <span>Chronological view</span>
                  </a> <!-- navigator-link  -->
                </li>
              </ul>
            </div> <!-- suite-section-content -->
            <div class="result-section">
              <div class="suite-section-title">
                <span>Results</span>
              </div> <!-- suite-section-title -->
              <div class="suite-section-content">
                <ul>
                  <li>
                    <span class="method-stats">24 methods, 1 failed,  4 skipped,  19 passed</span>
                  </li>
                  <li>
                    <span class="method-list-title failed">Failed methods</span>
                    <span class="show-or-hide-methods failed">
                      <a href="#" panel-name="suite-NewTours_Flight_Finder_Key_Functional_AutomationSuite" class="hide-methods failed suite-NewTours_Flight_Finder_Key_Functional_AutomationSuite"> (hide)</a> <!-- hide-methods failed suite-NewTours_Flight_Finder_Key_Functional_AutomationSuite -->
                      <a href="#" panel-name="suite-NewTours_Flight_Finder_Key_Functional_AutomationSuite" class="show-methods failed suite-NewTours_Flight_Finder_Key_Functional_AutomationSuite"> (show)</a> <!-- show-methods failed suite-NewTours_Flight_Finder_Key_Functional_AutomationSuite -->
                    </span>
                    <div class="method-list-content failed suite-NewTours_Flight_Finder_Key_Functional_AutomationSuite">
                      <span>
                        <img width="3%" src="failed.png"/>
                        <a href="#" class="method navigator-link" panel-name="suite-NewTours_Flight_Finder_Key_Functional_AutomationSuite" title="com.newtour.flightfinderfunctional.testcases.TC_KF_FF_03_VerifyFlightFinderPageNavigationsTest" hash-for-method="verifyNavigateForward">verifyNavigateForward</a> <!-- method navigator-link -->
                      </span>
                      <br/>
                    </div> <!-- method-list-content failed suite-NewTours_Flight_Finder_Key_Functional_AutomationSuite -->
                  </li>
                  <li>
                    <span class="method-list-title skipped">Skipped methods</span>
                    <span class="show-or-hide-methods skipped">
                      <a href="#" panel-name="suite-NewTours_Flight_Finder_Key_Functional_AutomationSuite" class="hide-methods skipped suite-NewTours_Flight_Finder_Key_Functional_AutomationSuite"> (hide)</a> <!-- hide-methods skipped suite-NewTours_Flight_Finder_Key_Functional_AutomationSuite -->
                      <a href="#" panel-name="suite-NewTours_Flight_Finder_Key_Functional_AutomationSuite" class="show-methods skipped suite-NewTours_Flight_Finder_Key_Functional_AutomationSuite"> (show)</a> <!-- show-methods skipped suite-NewTours_Flight_Finder_Key_Functional_AutomationSuite -->
                    </span>
                    <div class="method-list-content skipped suite-NewTours_Flight_Finder_Key_Functional_AutomationSuite">
                      <span>
                        <img width="3%" src="skipped.png"/>
                        <a href="#" class="method navigator-link" panel-name="suite-NewTours_Flight_Finder_Key_Functional_AutomationSuite" title="com.newtour.flightfinderfunctional.testcases.TC_KF_FF_03_VerifyFlightFinderPageNavigationsTest" hash-for-method="verifyNavigateForward">verifyNavigateForward</a> <!-- method navigator-link -->
                      </span>
                      <br/>
                      <span>
                        <img width="3%" src="skipped.png"/>
                        <a href="#" class="method navigator-link" panel-name="suite-NewTours_Flight_Finder_Key_Functional_AutomationSuite" title="com.newtour.flightfinderfunctional.testcases.TC_KF_FF_03_VerifyFlightFinderPageNavigationsTest" hash-for-method="verifyNavigateForward">verifyNavigateForward</a> <!-- method navigator-link -->
                      </span>
                      <br/>
                      <span>
                        <img width="3%" src="skipped.png"/>
                        <a href="#" class="method navigator-link" panel-name="suite-NewTours_Flight_Finder_Key_Functional_AutomationSuite" title="com.newtour.flightfinderfunctional.testcases.TC_KF_FF_03_VerifyFlightFinderPageNavigationsTest" hash-for-method="verifyNavigateForward">verifyNavigateForward</a> <!-- method navigator-link -->
                      </span>
                      <br/>
                      <span>
                        <img width="3%" src="skipped.png"/>
                        <a href="#" class="method navigator-link" panel-name="suite-NewTours_Flight_Finder_Key_Functional_AutomationSuite" title="com.newtour.flightfinderfunctional.testcases.TC_KF_FF_03_VerifyFlightFinderPageNavigationsTest" hash-for-method="verifySignOffTest">verifySignOffTest</a> <!-- method navigator-link -->
                      </span>
                      <br/>
                    </div> <!-- method-list-content skipped suite-NewTours_Flight_Finder_Key_Functional_AutomationSuite -->
                  </li>
                  <li>
                    <span class="method-list-title passed">Passed methods</span>
                    <span class="show-or-hide-methods passed">
                      <a href="#" panel-name="suite-NewTours_Flight_Finder_Key_Functional_AutomationSuite" class="hide-methods passed suite-NewTours_Flight_Finder_Key_Functional_AutomationSuite"> (hide)</a> <!-- hide-methods passed suite-NewTours_Flight_Finder_Key_Functional_AutomationSuite -->
                      <a href="#" panel-name="suite-NewTours_Flight_Finder_Key_Functional_AutomationSuite" class="show-methods passed suite-NewTours_Flight_Finder_Key_Functional_AutomationSuite"> (show)</a> <!-- show-methods passed suite-NewTours_Flight_Finder_Key_Functional_AutomationSuite -->
                    </span>
                    <div class="method-list-content passed suite-NewTours_Flight_Finder_Key_Functional_AutomationSuite">
                      <span>
                        <img width="3%" src="passed.png"/>
                        <a href="#" class="method navigator-link" panel-name="suite-NewTours_Flight_Finder_Key_Functional_AutomationSuite" title="com.newtour.flightfinderfunctional.testcases.TC_KF_FF_03_VerifyFlightFinderPageNavigationsTest" hash-for-method="verifyCredentialsTest(lakshmi12, Yourdreamsaremine0)">verifyCredentialsTest(lakshmi12, Yourdreamsaremine0)</a> <!-- method navigator-link -->
                      </span>
                      <br/>
                      <span>
                        <img width="3%" src="passed.png"/>
                        <a href="#" class="method navigator-link" panel-name="suite-NewTours_Flight_Finder_Key_Functional_AutomationSuite" title="com.newtour.flightfinderfunctional.testcases.TC_KF_FF_02_VerifyRoundTripFlightSearchTest" hash-for-method="verifyCredentialsTest(lakshmi12, Yourdreamsaremine0)">verifyCredentialsTest(lakshmi12, Yourdreamsaremine0)</a> <!-- method navigator-link -->
                      </span>
                      <br/>
                      <span>
                        <img width="3%" src="passed.png"/>
                        <a href="#" class="method navigator-link" panel-name="suite-NewTours_Flight_Finder_Key_Functional_AutomationSuite" title="com.newtour.flightfinderfunctional.testcases.TC_KF_FF_01_VerifyOneWayFlightSearchTest" hash-for-method="verifyCredentialsTest(lakshmi12, Yourdreamsaremine0)">verifyCredentialsTest(lakshmi12, Yourdreamsaremine0)</a> <!-- method navigator-link -->
                      </span>
                      <br/>
                      <span>
                        <img width="3%" src="passed.png"/>
                        <a href="#" class="method navigator-link" panel-name="suite-NewTours_Flight_Finder_Key_Functional_AutomationSuite" title="com.newtour.flightfinderfunctional.testcases.TC_KF_FF_01_VerifyOneWayFlightSearchTest" hash-for-method="verifyFlightDetailsList">verifyFlightDetailsList</a> <!-- method navigator-link -->
                      </span>
                      <br/>
                      <span>
                        <img width="3%" src="passed.png"/>
                        <a href="#" class="method navigator-link" panel-name="suite-NewTours_Flight_Finder_Key_Functional_AutomationSuite" title="com.newtour.flightfinderfunctional.testcases.TC_KF_FF_02_VerifyRoundTripFlightSearchTest" hash-for-method="verifyFlightDetailsList">verifyFlightDetailsList</a> <!-- method navigator-link -->
                      </span>
                      <br/>
                      <span>
                        <img width="3%" src="passed.png"/>
                        <a href="#" class="method navigator-link" panel-name="suite-NewTours_Flight_Finder_Key_Functional_AutomationSuite" title="com.newtour.flightfinderfunctional.testcases.TC_KF_FF_02_VerifyRoundTripFlightSearchTest" hash-for-method="verifyFlightSearch">verifyFlightSearch</a> <!-- method navigator-link -->
                      </span>
                      <br/>
                      <span>
                        <img width="3%" src="passed.png"/>
                        <a href="#" class="method navigator-link" panel-name="suite-NewTours_Flight_Finder_Key_Functional_AutomationSuite" title="com.newtour.flightfinderfunctional.testcases.TC_KF_FF_03_VerifyFlightFinderPageNavigationsTest" hash-for-method="verifyFlightSearch">verifyFlightSearch</a> <!-- method navigator-link -->
                      </span>
                      <br/>
                      <span>
                        <img width="3%" src="passed.png"/>
                        <a href="#" class="method navigator-link" panel-name="suite-NewTours_Flight_Finder_Key_Functional_AutomationSuite" title="com.newtour.flightfinderfunctional.testcases.TC_KF_FF_01_VerifyOneWayFlightSearchTest" hash-for-method="verifyFlightSearch">verifyFlightSearch</a> <!-- method navigator-link -->
                      </span>
                      <br/>
                      <span>
                        <img width="3%" src="passed.png"/>
                        <a href="#" class="method navigator-link" panel-name="suite-NewTours_Flight_Finder_Key_Functional_AutomationSuite" title="com.newtour.flightfinderfunctional.testcases.TC_KF_FF_02_VerifyRoundTripFlightSearchTest" hash-for-method="verifyLaunchURLTest">verifyLaunchURLTest</a> <!-- method navigator-link -->
                      </span>
                      <br/>
                      <span>
                        <img width="3%" src="passed.png"/>
                        <a href="#" class="method navigator-link" panel-name="suite-NewTours_Flight_Finder_Key_Functional_AutomationSuite" title="com.newtour.flightfinderfunctional.testcases.TC_KF_FF_03_VerifyFlightFinderPageNavigationsTest" hash-for-method="verifyLaunchURLTest">verifyLaunchURLTest</a> <!-- method navigator-link -->
                      </span>
                      <br/>
                      <span>
                        <img width="3%" src="passed.png"/>
                        <a href="#" class="method navigator-link" panel-name="suite-NewTours_Flight_Finder_Key_Functional_AutomationSuite" title="com.newtour.flightfinderfunctional.testcases.TC_KF_FF_01_VerifyOneWayFlightSearchTest" hash-for-method="verifyLaunchURLTest">verifyLaunchURLTest</a> <!-- method navigator-link -->
                      </span>
                      <br/>
                      <span>
                        <img width="3%" src="passed.png"/>
                        <a href="#" class="method navigator-link" panel-name="suite-NewTours_Flight_Finder_Key_Functional_AutomationSuite" title="com.newtour.flightfinderfunctional.testcases.TC_KF_FF_03_VerifyFlightFinderPageNavigationsTest" hash-for-method="verifyNavigateBack">verifyNavigateBack</a> <!-- method navigator-link -->
                      </span>
                      <br/>
                      <span>
                        <img width="3%" src="passed.png"/>
                        <a href="#" class="method navigator-link" panel-name="suite-NewTours_Flight_Finder_Key_Functional_AutomationSuite" title="com.newtour.flightfinderfunctional.testcases.TC_KF_FF_03_VerifyFlightFinderPageNavigationsTest" hash-for-method="verifyOneWayFlightSearchTest(1.0, Frankfurt, March, 12.0, Zurich, May, 10.0, Business, Unified Airlines)">verifyOneWayFlightSearchTest(1.0, Frankfurt, March, 12.0, Zurich, May, 10.0, Business, Unified Airlines)</a> <!-- method navigator-link -->
                      </span>
                      <br/>
                      <span>
                        <img width="3%" src="passed.png"/>
                        <a href="#" class="method navigator-link" panel-name="suite-NewTours_Flight_Finder_Key_Functional_AutomationSuite" title="com.newtour.flightfinderfunctional.testcases.TC_KF_FF_01_VerifyOneWayFlightSearchTest" hash-for-method="verifyOneWayFlightSearchTest(1.0, Frankfurt, March, 12.0, Zurich, May, 10.0, Business, Unified Airlines)">verifyOneWayFlightSearchTest(1.0, Frankfurt, March, 12.0, Zurich, May, 10.0, Business, Unified Airlines)</a> <!-- method navigator-link -->
                      </span>
                      <br/>
                      <span>
                        <img width="3%" src="passed.png"/>
                        <a href="#" class="method navigator-link" panel-name="suite-NewTours_Flight_Finder_Key_Functional_AutomationSuite" title="com.newtour.flightfinderfunctional.testcases.TC_KF_FF_01_VerifyOneWayFlightSearchTest" hash-for-method="verifyReserveFlights">verifyReserveFlights</a> <!-- method navigator-link -->
                      </span>
                      <br/>
                      <span>
                        <img width="3%" src="passed.png"/>
                        <a href="#" class="method navigator-link" panel-name="suite-NewTours_Flight_Finder_Key_Functional_AutomationSuite" title="com.newtour.flightfinderfunctional.testcases.TC_KF_FF_02_VerifyRoundTripFlightSearchTest" hash-for-method="verifyReserveFlights">verifyReserveFlights</a> <!-- method navigator-link -->
                      </span>
                      <br/>
                      <span>
                        <img width="3%" src="passed.png"/>
                        <a href="#" class="method navigator-link" panel-name="suite-NewTours_Flight_Finder_Key_Functional_AutomationSuite" title="com.newtour.flightfinderfunctional.testcases.TC_KF_FF_02_VerifyRoundTripFlightSearchTest" hash-for-method="verifyRoundTripFlightSearchTest(2.0, London, June, 15.0, Paris, July, 15.0, First, Pangea Airlines)">verifyRoundTripFlightSearchTest(2.0, London, June, 15.0, Paris, July, 15.0, First, Pangea Airlines)</a> <!-- method navigator-link -->
                      </span>
                      <br/>
                      <span>
                        <img width="3%" src="passed.png"/>
                        <a href="#" class="method navigator-link" panel-name="suite-NewTours_Flight_Finder_Key_Functional_AutomationSuite" title="com.newtour.flightfinderfunctional.testcases.TC_KF_FF_01_VerifyOneWayFlightSearchTest" hash-for-method="verifySignOffTest">verifySignOffTest</a> <!-- method navigator-link -->
                      </span>
                      <br/>
                      <span>
                        <img width="3%" src="passed.png"/>
                        <a href="#" class="method navigator-link" panel-name="suite-NewTours_Flight_Finder_Key_Functional_AutomationSuite" title="com.newtour.flightfinderfunctional.testcases.TC_KF_FF_02_VerifyRoundTripFlightSearchTest" hash-for-method="verifySignOffTest">verifySignOffTest</a> <!-- method navigator-link -->
                      </span>
                      <br/>
                    </div> <!-- method-list-content passed suite-NewTours_Flight_Finder_Key_Functional_AutomationSuite -->
                  </li>
                </ul>
              </div> <!-- suite-section-content -->
            </div> <!-- result-section -->
          </div> <!-- navigator-suite-content -->
        </div> <!-- rounded-window -->
      </div> <!-- suite -->
    </div> <!-- navigator-root -->
    <div class="wrapper">
      <div class="main-panel-root">
        <div panel-name="suite-NewTours_Login_Key_Functional_AutomationSuite" class="panel NewTours_Login_Key_Functional_AutomationSuite">
          <div class="suite-NewTours_Login_Key_Functional_AutomationSuite-class-failed">
            <div class="main-panel-header rounded-window-top">
              <img src="failed.png"/>
              <span class="class-name">com.newtour.LoginKeyfunctional.testcases.TC_KF_LG_03_VerifySignOnPageInvalidLoginTest</span>
            </div> <!-- main-panel-header rounded-window-top -->
            <div class="main-panel-content rounded-window-bottom">
              <div class="method">
                <div class="method-content">
                  <a name="verifyIsLoginSuccessfulTest">
                  </a> <!-- verifyIsLoginSuccessfulTest -->
                  <span class="method-name">verifyIsLoginSuccessfulTest</span>
                  <div class="stack-trace">org.openqa.selenium.NoSuchElementException: no such element: Unable to locate element: {&quot;method&quot;:&quot;xpath&quot;,&quot;selector&quot;:&quot;//img[contains(@src,&apos;/images/masts/mast_flightfinder.gif&apos;)]&quot;}
  (Session info: chrome=63.0.3239.132)
  (Driver info: chromedriver=2.35.528161 (5b82f2d2aae0ca24b877009200ced9065a772e73),platform=Windows NT 10.0.16299 x86_64) (WARNING: The server did not provide any stacktrace information)
Command duration or timeout: 2.03 seconds
For documentation on this error, please visit: http://seleniumhq.org/exceptions/no_such_element.html
Build info: version: &apos;3.4.0&apos;, revision: &apos;unknown&apos;, time: &apos;unknown&apos;
System info: host: &apos;SEETHA&apos;, ip: &apos;192.168.0.2&apos;, os.name: &apos;Windows 10&apos;, os.arch: &apos;amd64&apos;, os.version: &apos;10.0&apos;, java.version: &apos;1.8.0_131&apos;
Driver info: org.openqa.selenium.chrome.ChromeDriver
Capabilities [{applicationCacheEnabled=false, rotatable=false, mobileEmulationEnabled=false, networkConnectionEnabled=false, chrome={chromedriverVersion=2.35.528161 (5b82f2d2aae0ca24b877009200ced9065a772e73), userDataDir=C:\Users\Lakshmi\AppData\Local\Temp\scoped_dir2624_12987}, takesHeapSnapshot=true, pageLoadStrategy=normal, databaseEnabled=false, handlesAlerts=true, hasTouchScreen=false, version=63.0.3239.132, platform=XP, browserConnectionEnabled=false, nativeEvents=true, acceptSslCerts=false, acceptInsecureCerts=false, locationContextEnabled=true, webStorageEnabled=true, browserName=chrome, takesScreenshot=true, javascriptEnabled=true, cssSelectorsEnabled=true, setWindowRect=true, unexpectedAlertBehaviour=}]
Session ID: a4ffe343a2c06cc125aefead4e825a8e
*** Element info: {Using=xpath, value=//img[contains(@src,&apos;/images/masts/mast_flightfinder.gif&apos;)]}
	at org.openqa.selenium.remote.ErrorHandler.createThrowable(ErrorHandler.java:215)
	at org.openqa.selenium.remote.ErrorHandler.throwIfResponseFailed(ErrorHandler.java:167)
	at org.openqa.selenium.remote.RemoteWebDriver.execute(RemoteWebDriver.java:671)
	at org.openqa.selenium.remote.RemoteWebDriver.findElement(RemoteWebDriver.java:410)
	at org.openqa.selenium.remote.RemoteWebDriver.findElementByXPath(RemoteWebDriver.java:509)
	at org.openqa.selenium.By$ByXPath.findElement(By.java:361)
	at org.openqa.selenium.remote.RemoteWebDriver.findElement(RemoteWebDriver.java:402)
	at com.newtour.qa.helper.XpathHelper.findByXPath(XpathHelper.java:88)
	at com.newtour.qa.pages.FlightsPage.isFlightPageLogoDisplayed(FlightsPage.java:230)
	at com.newtour.LoginKeyfunctional.testcases.TC_KF_LG_03_VerifySignOnPageInvalidLoginTest.verifyIsLoginSuccessfulTest(TC_KF_LG_03_VerifySignOnPageInvalidLoginTest.java:82)
	at org.apache.maven.plugin.surefire.InPluginVMSurefireStarter.runSuitesInProcess(InPluginVMSurefireStarter.java:84)
	at org.apache.maven.plugin.surefire.AbstractSurefireMojo.executeProvider(AbstractSurefireMojo.java:1060)
	at org.apache.maven.plugin.surefire.AbstractSurefireMojo.executeAfterPreconditionsChecked(AbstractSurefireMojo.java:907)
	at org.apache.maven.plugin.surefire.AbstractSurefireMojo.execute(AbstractSurefireMojo.java:785)
	at org.apache.maven.plugin.DefaultBuildPluginManager.executeMojo(DefaultBuildPluginManager.java:134)
	at org.apache.maven.lifecycle.internal.MojoExecutor.execute(MojoExecutor.java:207)
	at org.apache.maven.lifecycle.internal.MojoExecutor.execute(MojoExecutor.java:153)
	at org.apache.maven.lifecycle.internal.MojoExecutor.execute(MojoExecutor.java:145)
	at org.apache.maven.lifecycle.internal.LifecycleModuleBuilder.buildProject(LifecycleModuleBuilder.java:116)
	at org.apache.maven.lifecycle.internal.LifecycleModuleBuilder.buildProject(LifecycleModuleBuilder.java:80)
	at org.apache.maven.lifecycle.internal.builder.singlethreaded.SingleThreadedBuilder.build(SingleThreadedBuilder.java:51)
	at org.apache.maven.lifecycle.internal.LifecycleStarter.execute(LifecycleStarter.java:128)
	at org.apache.maven.DefaultMaven.doExecute(DefaultMaven.java:307)
	at org.apache.maven.DefaultMaven.doExecute(DefaultMaven.java:193)
	at org.apache.maven.DefaultMaven.execute(DefaultMaven.java:106)
	at org.apache.maven.cli.MavenCli.execute(MavenCli.java:863)
	at org.apache.maven.cli.MavenCli.doMain(MavenCli.java:288)
	at org.apache.maven.cli.MavenCli.main(MavenCli.java:199)
	at org.codehaus.plexus.classworlds.launcher.Launcher.launchEnhanced(Launcher.java:289)
	at org.codehaus.plexus.classworlds.launcher.Launcher.launch(Launcher.java:229)
	at org.codehaus.plexus.classworlds.launcher.Launcher.mainWithExitCode(Launcher.java:415)
	at org.codehaus.plexus.classworlds.launcher.Launcher.main(Launcher.java:356)
... Removed 39 stack frames
</div> <!-- stack-trace -->
                </div> <!-- method-content -->
              </div> <!-- method -->
            </div> <!-- main-panel-content rounded-window-bottom -->
          </div> <!-- suite-NewTours_Login_Key_Functional_AutomationSuite-class-failed -->
          <div class="suite-NewTours_Login_Key_Functional_AutomationSuite-class-skipped">
            <div class="main-panel-header rounded-window-top">
              <img src="skipped.png"/>
              <span class="class-name">com.newtour.LoginKeyfunctional.testcases.TC_KF_LG_03_VerifySignOnPageInvalidLoginTest</span>
            </div> <!-- main-panel-header rounded-window-top -->
            <div class="main-panel-content rounded-window-bottom">
              <div class="method">
                <div class="method-content">
                  <a name="verifyIsLoginSuccessfulTest">
                  </a> <!-- verifyIsLoginSuccessfulTest -->
                  <span class="method-name">verifyIsLoginSuccessfulTest</span>
                  <div class="stack-trace">org.openqa.selenium.NoSuchElementException: no such element: Unable to locate element: {&quot;method&quot;:&quot;xpath&quot;,&quot;selector&quot;:&quot;//img[contains(@src,&apos;/images/masts/mast_flightfinder.gif&apos;)]&quot;}
  (Session info: chrome=63.0.3239.132)
  (Driver info: chromedriver=2.35.528161 (5b82f2d2aae0ca24b877009200ced9065a772e73),platform=Windows NT 10.0.16299 x86_64) (WARNING: The server did not provide any stacktrace information)
Command duration or timeout: 2.03 seconds
For documentation on this error, please visit: http://seleniumhq.org/exceptions/no_such_element.html
Build info: version: &apos;3.4.0&apos;, revision: &apos;unknown&apos;, time: &apos;unknown&apos;
System info: host: &apos;SEETHA&apos;, ip: &apos;192.168.0.2&apos;, os.name: &apos;Windows 10&apos;, os.arch: &apos;amd64&apos;, os.version: &apos;10.0&apos;, java.version: &apos;1.8.0_131&apos;
Driver info: org.openqa.selenium.chrome.ChromeDriver
Capabilities [{applicationCacheEnabled=false, rotatable=false, mobileEmulationEnabled=false, networkConnectionEnabled=false, chrome={chromedriverVersion=2.35.528161 (5b82f2d2aae0ca24b877009200ced9065a772e73), userDataDir=C:\Users\Lakshmi\AppData\Local\Temp\scoped_dir2624_12987}, takesHeapSnapshot=true, pageLoadStrategy=normal, databaseEnabled=false, handlesAlerts=true, hasTouchScreen=false, version=63.0.3239.132, platform=XP, browserConnectionEnabled=false, nativeEvents=true, acceptSslCerts=false, acceptInsecureCerts=false, locationContextEnabled=true, webStorageEnabled=true, browserName=chrome, takesScreenshot=true, javascriptEnabled=true, cssSelectorsEnabled=true, setWindowRect=true, unexpectedAlertBehaviour=}]
Session ID: a4ffe343a2c06cc125aefead4e825a8e
*** Element info: {Using=xpath, value=//img[contains(@src,&apos;/images/masts/mast_flightfinder.gif&apos;)]}
	at org.openqa.selenium.remote.ErrorHandler.createThrowable(ErrorHandler.java:215)
	at org.openqa.selenium.remote.ErrorHandler.throwIfResponseFailed(ErrorHandler.java:167)
	at org.openqa.selenium.remote.RemoteWebDriver.execute(RemoteWebDriver.java:671)
	at org.openqa.selenium.remote.RemoteWebDriver.findElement(RemoteWebDriver.java:410)
	at org.openqa.selenium.remote.RemoteWebDriver.findElementByXPath(RemoteWebDriver.java:509)
	at org.openqa.selenium.By$ByXPath.findElement(By.java:361)
	at org.openqa.selenium.remote.RemoteWebDriver.findElement(RemoteWebDriver.java:402)
	at com.newtour.qa.helper.XpathHelper.findByXPath(XpathHelper.java:88)
	at com.newtour.qa.pages.FlightsPage.isFlightPageLogoDisplayed(FlightsPage.java:230)
	at com.newtour.LoginKeyfunctional.testcases.TC_KF_LG_03_VerifySignOnPageInvalidLoginTest.verifyIsLoginSuccessfulTest(TC_KF_LG_03_VerifySignOnPageInvalidLoginTest.java:82)
	at org.apache.maven.plugin.surefire.InPluginVMSurefireStarter.runSuitesInProcess(InPluginVMSurefireStarter.java:84)
	at org.apache.maven.plugin.surefire.AbstractSurefireMojo.executeProvider(AbstractSurefireMojo.java:1060)
	at org.apache.maven.plugin.surefire.AbstractSurefireMojo.executeAfterPreconditionsChecked(AbstractSurefireMojo.java:907)
	at org.apache.maven.plugin.surefire.AbstractSurefireMojo.execute(AbstractSurefireMojo.java:785)
	at org.apache.maven.plugin.DefaultBuildPluginManager.executeMojo(DefaultBuildPluginManager.java:134)
	at org.apache.maven.lifecycle.internal.MojoExecutor.execute(MojoExecutor.java:207)
	at org.apache.maven.lifecycle.internal.MojoExecutor.execute(MojoExecutor.java:153)
	at org.apache.maven.lifecycle.internal.MojoExecutor.execute(MojoExecutor.java:145)
	at org.apache.maven.lifecycle.internal.LifecycleModuleBuilder.buildProject(LifecycleModuleBuilder.java:116)
	at org.apache.maven.lifecycle.internal.LifecycleModuleBuilder.buildProject(LifecycleModuleBuilder.java:80)
	at org.apache.maven.lifecycle.internal.builder.singlethreaded.SingleThreadedBuilder.build(SingleThreadedBuilder.java:51)
	at org.apache.maven.lifecycle.internal.LifecycleStarter.execute(LifecycleStarter.java:128)
	at org.apache.maven.DefaultMaven.doExecute(DefaultMaven.java:307)
	at org.apache.maven.DefaultMaven.doExecute(DefaultMaven.java:193)
	at org.apache.maven.DefaultMaven.execute(DefaultMaven.java:106)
	at org.apache.maven.cli.MavenCli.execute(MavenCli.java:863)
	at org.apache.maven.cli.MavenCli.doMain(MavenCli.java:288)
	at org.apache.maven.cli.MavenCli.main(MavenCli.java:199)
	at org.codehaus.plexus.classworlds.launcher.Launcher.launchEnhanced(Launcher.java:289)
	at org.codehaus.plexus.classworlds.launcher.Launcher.launch(Launcher.java:229)
	at org.codehaus.plexus.classworlds.launcher.Launcher.mainWithExitCode(Launcher.java:415)
	at org.codehaus.plexus.classworlds.launcher.Launcher.main(Launcher.java:356)
... Removed 39 stack frames
</div> <!-- stack-trace -->
                </div> <!-- method-content -->
              </div> <!-- method -->
              <div class="method">
                <div class="method-content">
                  <a name="verifyIsLoginSuccessfulTest">
                  </a> <!-- verifyIsLoginSuccessfulTest -->
                  <span class="method-name">verifyIsLoginSuccessfulTest</span>
                  <div class="stack-trace">org.openqa.selenium.NoSuchElementException: no such element: Unable to locate element: {&quot;method&quot;:&quot;xpath&quot;,&quot;selector&quot;:&quot;//img[contains(@src,&apos;/images/masts/mast_flightfinder.gif&apos;)]&quot;}
  (Session info: chrome=63.0.3239.132)
  (Driver info: chromedriver=2.35.528161 (5b82f2d2aae0ca24b877009200ced9065a772e73),platform=Windows NT 10.0.16299 x86_64) (WARNING: The server did not provide any stacktrace information)
Command duration or timeout: 2.04 seconds
For documentation on this error, please visit: http://seleniumhq.org/exceptions/no_such_element.html
Build info: version: &apos;3.4.0&apos;, revision: &apos;unknown&apos;, time: &apos;unknown&apos;
System info: host: &apos;SEETHA&apos;, ip: &apos;192.168.0.2&apos;, os.name: &apos;Windows 10&apos;, os.arch: &apos;amd64&apos;, os.version: &apos;10.0&apos;, java.version: &apos;1.8.0_131&apos;
Driver info: org.openqa.selenium.chrome.ChromeDriver
Capabilities [{applicationCacheEnabled=false, rotatable=false, mobileEmulationEnabled=false, networkConnectionEnabled=false, chrome={chromedriverVersion=2.35.528161 (5b82f2d2aae0ca24b877009200ced9065a772e73), userDataDir=C:\Users\Lakshmi\AppData\Local\Temp\scoped_dir2624_12987}, takesHeapSnapshot=true, pageLoadStrategy=normal, databaseEnabled=false, handlesAlerts=true, hasTouchScreen=false, version=63.0.3239.132, platform=XP, browserConnectionEnabled=false, nativeEvents=true, acceptSslCerts=false, acceptInsecureCerts=false, locationContextEnabled=true, webStorageEnabled=true, browserName=chrome, takesScreenshot=true, javascriptEnabled=true, cssSelectorsEnabled=true, setWindowRect=true, unexpectedAlertBehaviour=}]
Session ID: a4ffe343a2c06cc125aefead4e825a8e
*** Element info: {Using=xpath, value=//img[contains(@src,&apos;/images/masts/mast_flightfinder.gif&apos;)]}
	at org.openqa.selenium.remote.ErrorHandler.createThrowable(ErrorHandler.java:215)
	at org.openqa.selenium.remote.ErrorHandler.throwIfResponseFailed(ErrorHandler.java:167)
	at org.openqa.selenium.remote.RemoteWebDriver.execute(RemoteWebDriver.java:671)
	at org.openqa.selenium.remote.RemoteWebDriver.findElement(RemoteWebDriver.java:410)
	at org.openqa.selenium.remote.RemoteWebDriver.findElementByXPath(RemoteWebDriver.java:509)
	at org.openqa.selenium.By$ByXPath.findElement(By.java:361)
	at org.openqa.selenium.remote.RemoteWebDriver.findElement(RemoteWebDriver.java:402)
	at com.newtour.qa.helper.XpathHelper.findByXPath(XpathHelper.java:88)
	at com.newtour.qa.pages.FlightsPage.isFlightPageLogoDisplayed(FlightsPage.java:230)
	at com.newtour.LoginKeyfunctional.testcases.TC_KF_LG_03_VerifySignOnPageInvalidLoginTest.verifyIsLoginSuccessfulTest(TC_KF_LG_03_VerifySignOnPageInvalidLoginTest.java:82)
	at org.apache.maven.plugin.surefire.InPluginVMSurefireStarter.runSuitesInProcess(InPluginVMSurefireStarter.java:84)
	at org.apache.maven.plugin.surefire.AbstractSurefireMojo.executeProvider(AbstractSurefireMojo.java:1060)
	at org.apache.maven.plugin.surefire.AbstractSurefireMojo.executeAfterPreconditionsChecked(AbstractSurefireMojo.java:907)
	at org.apache.maven.plugin.surefire.AbstractSurefireMojo.execute(AbstractSurefireMojo.java:785)
	at org.apache.maven.plugin.DefaultBuildPluginManager.executeMojo(DefaultBuildPluginManager.java:134)
	at org.apache.maven.lifecycle.internal.MojoExecutor.execute(MojoExecutor.java:207)
	at org.apache.maven.lifecycle.internal.MojoExecutor.execute(MojoExecutor.java:153)
	at org.apache.maven.lifecycle.internal.MojoExecutor.execute(MojoExecutor.java:145)
	at org.apache.maven.lifecycle.internal.LifecycleModuleBuilder.buildProject(LifecycleModuleBuilder.java:116)
	at org.apache.maven.lifecycle.internal.LifecycleModuleBuilder.buildProject(LifecycleModuleBuilder.java:80)
	at org.apache.maven.lifecycle.internal.builder.singlethreaded.SingleThreadedBuilder.build(SingleThreadedBuilder.java:51)
	at org.apache.maven.lifecycle.internal.LifecycleStarter.execute(LifecycleStarter.java:128)
	at org.apache.maven.DefaultMaven.doExecute(DefaultMaven.java:307)
	at org.apache.maven.DefaultMaven.doExecute(DefaultMaven.java:193)
	at org.apache.maven.DefaultMaven.execute(DefaultMaven.java:106)
	at org.apache.maven.cli.MavenCli.execute(MavenCli.java:863)
	at org.apache.maven.cli.MavenCli.doMain(MavenCli.java:288)
	at org.apache.maven.cli.MavenCli.main(MavenCli.java:199)
	at org.codehaus.plexus.classworlds.launcher.Launcher.launchEnhanced(Launcher.java:289)
	at org.codehaus.plexus.classworlds.launcher.Launcher.launch(Launcher.java:229)
	at org.codehaus.plexus.classworlds.launcher.Launcher.mainWithExitCode(Launcher.java:415)
	at org.codehaus.plexus.classworlds.launcher.Launcher.main(Launcher.java:356)
... Removed 39 stack frames
</div> <!-- stack-trace -->
                </div> <!-- method-content -->
              </div> <!-- method -->
              <div class="method">
                <div class="method-content">
                  <a name="verifyIsLoginSuccessfulTest">
                  </a> <!-- verifyIsLoginSuccessfulTest -->
                  <span class="method-name">verifyIsLoginSuccessfulTest</span>
                  <div class="stack-trace">org.openqa.selenium.NoSuchElementException: no such element: Unable to locate element: {&quot;method&quot;:&quot;xpath&quot;,&quot;selector&quot;:&quot;//img[contains(@src,&apos;/images/masts/mast_flightfinder.gif&apos;)]&quot;}
  (Session info: chrome=63.0.3239.132)
  (Driver info: chromedriver=2.35.528161 (5b82f2d2aae0ca24b877009200ced9065a772e73),platform=Windows NT 10.0.16299 x86_64) (WARNING: The server did not provide any stacktrace information)
Command duration or timeout: 2.04 seconds
For documentation on this error, please visit: http://seleniumhq.org/exceptions/no_such_element.html
Build info: version: &apos;3.4.0&apos;, revision: &apos;unknown&apos;, time: &apos;unknown&apos;
System info: host: &apos;SEETHA&apos;, ip: &apos;192.168.0.2&apos;, os.name: &apos;Windows 10&apos;, os.arch: &apos;amd64&apos;, os.version: &apos;10.0&apos;, java.version: &apos;1.8.0_131&apos;
Driver info: org.openqa.selenium.chrome.ChromeDriver
Capabilities [{applicationCacheEnabled=false, rotatable=false, mobileEmulationEnabled=false, networkConnectionEnabled=false, chrome={chromedriverVersion=2.35.528161 (5b82f2d2aae0ca24b877009200ced9065a772e73), userDataDir=C:\Users\Lakshmi\AppData\Local\Temp\scoped_dir2624_12987}, takesHeapSnapshot=true, pageLoadStrategy=normal, databaseEnabled=false, handlesAlerts=true, hasTouchScreen=false, version=63.0.3239.132, platform=XP, browserConnectionEnabled=false, nativeEvents=true, acceptSslCerts=false, acceptInsecureCerts=false, locationContextEnabled=true, webStorageEnabled=true, browserName=chrome, takesScreenshot=true, javascriptEnabled=true, cssSelectorsEnabled=true, setWindowRect=true, unexpectedAlertBehaviour=}]
Session ID: a4ffe343a2c06cc125aefead4e825a8e
*** Element info: {Using=xpath, value=//img[contains(@src,&apos;/images/masts/mast_flightfinder.gif&apos;)]}
	at org.openqa.selenium.remote.ErrorHandler.createThrowable(ErrorHandler.java:215)
	at org.openqa.selenium.remote.ErrorHandler.throwIfResponseFailed(ErrorHandler.java:167)
	at org.openqa.selenium.remote.RemoteWebDriver.execute(RemoteWebDriver.java:671)
	at org.openqa.selenium.remote.RemoteWebDriver.findElement(RemoteWebDriver.java:410)
	at org.openqa.selenium.remote.RemoteWebDriver.findElementByXPath(RemoteWebDriver.java:509)
	at org.openqa.selenium.By$ByXPath.findElement(By.java:361)
	at org.openqa.selenium.remote.RemoteWebDriver.findElement(RemoteWebDriver.java:402)
	at com.newtour.qa.helper.XpathHelper.findByXPath(XpathHelper.java:88)
	at com.newtour.qa.pages.FlightsPage.isFlightPageLogoDisplayed(FlightsPage.java:230)
	at com.newtour.LoginKeyfunctional.testcases.TC_KF_LG_03_VerifySignOnPageInvalidLoginTest.verifyIsLoginSuccessfulTest(TC_KF_LG_03_VerifySignOnPageInvalidLoginTest.java:82)
	at org.apache.maven.plugin.surefire.InPluginVMSurefireStarter.runSuitesInProcess(InPluginVMSurefireStarter.java:84)
	at org.apache.maven.plugin.surefire.AbstractSurefireMojo.executeProvider(AbstractSurefireMojo.java:1060)
	at org.apache.maven.plugin.surefire.AbstractSurefireMojo.executeAfterPreconditionsChecked(AbstractSurefireMojo.java:907)
	at org.apache.maven.plugin.surefire.AbstractSurefireMojo.execute(AbstractSurefireMojo.java:785)
	at org.apache.maven.plugin.DefaultBuildPluginManager.executeMojo(DefaultBuildPluginManager.java:134)
	at org.apache.maven.lifecycle.internal.MojoExecutor.execute(MojoExecutor.java:207)
	at org.apache.maven.lifecycle.internal.MojoExecutor.execute(MojoExecutor.java:153)
	at org.apache.maven.lifecycle.internal.MojoExecutor.execute(MojoExecutor.java:145)
	at org.apache.maven.lifecycle.internal.LifecycleModuleBuilder.buildProject(LifecycleModuleBuilder.java:116)
	at org.apache.maven.lifecycle.internal.LifecycleModuleBuilder.buildProject(LifecycleModuleBuilder.java:80)
	at org.apache.maven.lifecycle.internal.builder.singlethreaded.SingleThreadedBuilder.build(SingleThreadedBuilder.java:51)
	at org.apache.maven.lifecycle.internal.LifecycleStarter.execute(LifecycleStarter.java:128)
	at org.apache.maven.DefaultMaven.doExecute(DefaultMaven.java:307)
	at org.apache.maven.DefaultMaven.doExecute(DefaultMaven.java:193)
	at org.apache.maven.DefaultMaven.execute(DefaultMaven.java:106)
	at org.apache.maven.cli.MavenCli.execute(MavenCli.java:863)
	at org.apache.maven.cli.MavenCli.doMain(MavenCli.java:288)
	at org.apache.maven.cli.MavenCli.main(MavenCli.java:199)
	at org.codehaus.plexus.classworlds.launcher.Launcher.launchEnhanced(Launcher.java:289)
	at org.codehaus.plexus.classworlds.launcher.Launcher.launch(Launcher.java:229)
	at org.codehaus.plexus.classworlds.launcher.Launcher.mainWithExitCode(Launcher.java:415)
	at org.codehaus.plexus.classworlds.launcher.Launcher.main(Launcher.java:356)
... Removed 39 stack frames
</div> <!-- stack-trace -->
                </div> <!-- method-content -->
              </div> <!-- method -->
              <div class="method">
                <div class="method-content">
                  <a name="verifySignOffTest">
                  </a> <!-- verifySignOffTest -->
                  <span class="method-name">verifySignOffTest</span>
                  <div class="stack-trace">java.lang.Throwable: Method TC_KF_LG_03_VerifySignOnPageInvalidLoginTest.verifySignOffTest()[pri:6, instance:com.newtour.LoginKeyfunctional.testcases.TC_KF_LG_03_VerifySignOnPageInvalidLoginTest@3b24087d] depends on not successfully finished methods
	at org.apache.maven.plugin.surefire.InPluginVMSurefireStarter.runSuitesInProcess(InPluginVMSurefireStarter.java:84)
	at org.apache.maven.plugin.surefire.AbstractSurefireMojo.executeProvider(AbstractSurefireMojo.java:1060)
	at org.apache.maven.plugin.surefire.AbstractSurefireMojo.executeAfterPreconditionsChecked(AbstractSurefireMojo.java:907)
	at org.apache.maven.plugin.surefire.AbstractSurefireMojo.execute(AbstractSurefireMojo.java:785)
	at org.apache.maven.plugin.DefaultBuildPluginManager.executeMojo(DefaultBuildPluginManager.java:134)
	at org.apache.maven.lifecycle.internal.MojoExecutor.execute(MojoExecutor.java:207)
	at org.apache.maven.lifecycle.internal.MojoExecutor.execute(MojoExecutor.java:153)
	at org.apache.maven.lifecycle.internal.MojoExecutor.execute(MojoExecutor.java:145)
	at org.apache.maven.lifecycle.internal.LifecycleModuleBuilder.buildProject(LifecycleModuleBuilder.java:116)
	at org.apache.maven.lifecycle.internal.LifecycleModuleBuilder.buildProject(LifecycleModuleBuilder.java:80)
	at org.apache.maven.lifecycle.internal.builder.singlethreaded.SingleThreadedBuilder.build(SingleThreadedBuilder.java:51)
	at org.apache.maven.lifecycle.internal.LifecycleStarter.execute(LifecycleStarter.java:128)
	at org.apache.maven.DefaultMaven.doExecute(DefaultMaven.java:307)
	at org.apache.maven.DefaultMaven.doExecute(DefaultMaven.java:193)
	at org.apache.maven.DefaultMaven.execute(DefaultMaven.java:106)
	at org.apache.maven.cli.MavenCli.execute(MavenCli.java:863)
	at org.apache.maven.cli.MavenCli.doMain(MavenCli.java:288)
	at org.apache.maven.cli.MavenCli.main(MavenCli.java:199)
	at org.codehaus.plexus.classworlds.launcher.Launcher.launchEnhanced(Launcher.java:289)
	at org.codehaus.plexus.classworlds.launcher.Launcher.launch(Launcher.java:229)
	at org.codehaus.plexus.classworlds.launcher.Launcher.mainWithExitCode(Launcher.java:415)
	at org.codehaus.plexus.classworlds.launcher.Launcher.main(Launcher.java:356)
... Removed 28 stack frames
</div> <!-- stack-trace -->
                </div> <!-- method-content -->
              </div> <!-- method -->
            </div> <!-- main-panel-content rounded-window-bottom -->
          </div> <!-- suite-NewTours_Login_Key_Functional_AutomationSuite-class-skipped -->
          <div class="suite-NewTours_Login_Key_Functional_AutomationSuite-class-passed">
            <div class="main-panel-header rounded-window-top">
              <img src="passed.png"/>
              <span class="class-name">com.newtour.LoginKeyfunctional.testcases.TC_KF_LG_01_VerifyHomePageLoginTest</span>
            </div> <!-- main-panel-header rounded-window-top -->
            <div class="main-panel-content rounded-window-bottom">
              <div class="method">
                <div class="method-content">
                  <a name="verifyHomePageLogoTest">
                  </a> <!-- verifyHomePageLogoTest -->
                  <span class="method-name">verifyHomePageLogoTest</span>
                </div> <!-- method-content -->
              </div> <!-- method -->
              <div class="method">
                <div class="method-content">
                  <a name="verifyHomePageTitleTest">
                  </a> <!-- verifyHomePageTitleTest -->
                  <span class="method-name">verifyHomePageTitleTest</span>
                </div> <!-- method-content -->
              </div> <!-- method -->
              <div class="method">
                <div class="method-content">
                  <a name="verifyIsLoginSuccessfulTest">
                  </a> <!-- verifyIsLoginSuccessfulTest -->
                  <span class="method-name">verifyIsLoginSuccessfulTest</span>
                </div> <!-- method-content -->
              </div> <!-- method -->
              <div class="method">
                <div class="method-content">
                  <a name="verifySignOffTest">
                  </a> <!-- verifySignOffTest -->
                  <span class="method-name">verifySignOffTest</span>
                </div> <!-- method-content -->
              </div> <!-- method -->
              <div class="method">
                <div class="method-content">
                  <a name="verifyURLLaunchTest">
                  </a> <!-- verifyURLLaunchTest -->
                  <span class="method-name">verifyURLLaunchTest</span>
                </div> <!-- method-content -->
              </div> <!-- method -->
              <div class="method">
                <div class="method-content">
                  <a name="verifyValidCredentialsTest(lakshmi12, Yourdreamsaremine0)">
                  </a> <!-- verifyValidCredentialsTest(lakshmi12, Yourdreamsaremine0) -->
                  <span class="method-name">verifyValidCredentialsTest</span>
                  <span class="parameters">(lakshmi12, Yourdreamsaremine0)</span>
                </div> <!-- method-content -->
              </div> <!-- method -->
            </div> <!-- main-panel-content rounded-window-bottom -->
          </div> <!-- suite-NewTours_Login_Key_Functional_AutomationSuite-class-passed -->
          <div class="suite-NewTours_Login_Key_Functional_AutomationSuite-class-passed">
            <div class="main-panel-header rounded-window-top">
              <img src="passed.png"/>
              <span class="class-name">com.newtour.LoginKeyfunctional.testcases.TC_KF_LG_03_VerifySignOnPageInvalidLoginTest</span>
            </div> <!-- main-panel-header rounded-window-top -->
            <div class="main-panel-content rounded-window-bottom">
              <div class="method">
                <div class="method-content">
                  <a name="verifySignOnPageLogoTest">
                  </a> <!-- verifySignOnPageLogoTest -->
                  <span class="method-name">verifySignOnPageLogoTest</span>
                </div> <!-- method-content -->
              </div> <!-- method -->
              <div class="method">
                <div class="method-content">
                  <a name="verifySignOnPageTitleTest">
                  </a> <!-- verifySignOnPageTitleTest -->
                  <span class="method-name">verifySignOnPageTitleTest</span>
                </div> <!-- method-content -->
              </div> <!-- method -->
              <div class="method">
                <div class="method-content">
                  <a name="verifySignonClickTest">
                  </a> <!-- verifySignonClickTest -->
                  <span class="method-name">verifySignonClickTest</span>
                </div> <!-- method-content -->
              </div> <!-- method -->
              <div class="method">
                <div class="method-content">
                  <a name="verifyURLLaunchTest">
                  </a> <!-- verifyURLLaunchTest -->
                  <span class="method-name">verifyURLLaunchTest</span>
                </div> <!-- method-content -->
              </div> <!-- method -->
              <div class="method">
                <div class="method-content">
                  <a name="verifyValidCredentialsTest(lakshmiay12, test)">
                  </a> <!-- verifyValidCredentialsTest(lakshmiay12, test) -->
                  <span class="method-name">verifyValidCredentialsTest</span>
                  <span class="parameters">(lakshmiay12, test)</span>
                </div> <!-- method-content -->
              </div> <!-- method -->
            </div> <!-- main-panel-content rounded-window-bottom -->
          </div> <!-- suite-NewTours_Login_Key_Functional_AutomationSuite-class-passed -->
          <div class="suite-NewTours_Login_Key_Functional_AutomationSuite-class-passed">
            <div class="main-panel-header rounded-window-top">
              <img src="passed.png"/>
              <span class="class-name">com.newtour.LoginKeyfunctional.testcases.TC_KF_LG_04_VerifyRegistrationViaSignOnPageTest</span>
            </div> <!-- main-panel-header rounded-window-top -->
            <div class="main-panel-content rounded-window-bottom">
              <div class="method">
                <div class="method-content">
                  <a name="verifyNavigationToRegistrationTest">
                  </a> <!-- verifyNavigationToRegistrationTest -->
                  <span class="method-name">verifyNavigationToRegistrationTest</span>
                </div> <!-- method-content -->
              </div> <!-- method -->
              <div class="method">
                <div class="method-content">
                  <a name="verifyRegisterPageLogoTest">
                  </a> <!-- verifyRegisterPageLogoTest -->
                  <span class="method-name">verifyRegisterPageLogoTest</span>
                </div> <!-- method-content -->
              </div> <!-- method -->
              <div class="method">
                <div class="method-content">
                  <a name="verifySignonClickTest">
                  </a> <!-- verifySignonClickTest -->
                  <span class="method-name">verifySignonClickTest</span>
                </div> <!-- method-content -->
              </div> <!-- method -->
              <div class="method">
                <div class="method-content">
                  <a name="verifyURLLaunchTest">
                  </a> <!-- verifyURLLaunchTest -->
                  <span class="method-name">verifyURLLaunchTest</span>
                </div> <!-- method-content -->
              </div> <!-- method -->
            </div> <!-- main-panel-content rounded-window-bottom -->
          </div> <!-- suite-NewTours_Login_Key_Functional_AutomationSuite-class-passed -->
          <div class="suite-NewTours_Login_Key_Functional_AutomationSuite-class-passed">
            <div class="main-panel-header rounded-window-top">
              <img src="passed.png"/>
              <span class="class-name">com.newtour.LoginKeyfunctional.testcases.TC_KF_LG_02_VerifySignOnPageLoginTest</span>
            </div> <!-- main-panel-header rounded-window-top -->
            <div class="main-panel-content rounded-window-bottom">
              <div class="method">
                <div class="method-content">
                  <a name="verifyIsLoginSuccessfulTest">
                  </a> <!-- verifyIsLoginSuccessfulTest -->
                  <span class="method-name">verifyIsLoginSuccessfulTest</span>
                </div> <!-- method-content -->
              </div> <!-- method -->
              <div class="method">
                <div class="method-content">
                  <a name="verifySignOffTest">
                  </a> <!-- verifySignOffTest -->
                  <span class="method-name">verifySignOffTest</span>
                </div> <!-- method-content -->
              </div> <!-- method -->
              <div class="method">
                <div class="method-content">
                  <a name="verifySignOnPageLogoTest">
                  </a> <!-- verifySignOnPageLogoTest -->
                  <span class="method-name">verifySignOnPageLogoTest</span>
                </div> <!-- method-content -->
              </div> <!-- method -->
              <div class="method">
                <div class="method-content">
                  <a name="verifySignOnPageTitleTest">
                  </a> <!-- verifySignOnPageTitleTest -->
                  <span class="method-name">verifySignOnPageTitleTest</span>
                </div> <!-- method-content -->
              </div> <!-- method -->
              <div class="method">
                <div class="method-content">
                  <a name="verifySignonClickTest">
                  </a> <!-- verifySignonClickTest -->
                  <span class="method-name">verifySignonClickTest</span>
                </div> <!-- method-content -->
              </div> <!-- method -->
              <div class="method">
                <div class="method-content">
                  <a name="verifyURLLaunchTest">
                  </a> <!-- verifyURLLaunchTest -->
                  <span class="method-name">verifyURLLaunchTest</span>
                </div> <!-- method-content -->
              </div> <!-- method -->
              <div class="method">
                <div class="method-content">
                  <a name="verifyValidCredentialsTest(lakshmi12, Yourdreamsaremine0)">
                  </a> <!-- verifyValidCredentialsTest(lakshmi12, Yourdreamsaremine0) -->
                  <span class="method-name">verifyValidCredentialsTest</span>
                  <span class="parameters">(lakshmi12, Yourdreamsaremine0)</span>
                </div> <!-- method-content -->
              </div> <!-- method -->
            </div> <!-- main-panel-content rounded-window-bottom -->
          </div> <!-- suite-NewTours_Login_Key_Functional_AutomationSuite-class-passed -->
        </div> <!-- panel NewTours_Login_Key_Functional_AutomationSuite -->
        <div panel-name="suite-NewTours_Flight_Finder_Key_Functional_AutomationSuite" class="panel NewTours_Flight_Finder_Key_Functional_AutomationSuite">
          <div class="suite-NewTours_Flight_Finder_Key_Functional_AutomationSuite-class-failed">
            <div class="main-panel-header rounded-window-top">
              <img src="failed.png"/>
              <span class="class-name">com.newtour.flightfinderfunctional.testcases.TC_KF_FF_03_VerifyFlightFinderPageNavigationsTest</span>
            </div> <!-- main-panel-header rounded-window-top -->
            <div class="main-panel-content rounded-window-bottom">
              <div class="method">
                <div class="method-content">
                  <a name="verifyNavigateForward">
                  </a> <!-- verifyNavigateForward -->
                  <span class="method-name">verifyNavigateForward</span>
                  <div class="stack-trace">org.openqa.selenium.NoSuchElementException: no such element: Unable to locate element: {&quot;method&quot;:&quot;xpath&quot;,&quot;selector&quot;:&quot;//img[contains(@src,&apos;/images/masts/mast_selectflight.gif&apos;)]&quot;}
  (Session info: chrome=63.0.3239.132)
  (Driver info: chromedriver=2.35.528161 (5b82f2d2aae0ca24b877009200ced9065a772e73),platform=Windows NT 10.0.16299 x86_64) (WARNING: The server did not provide any stacktrace information)
Command duration or timeout: 2.07 seconds
For documentation on this error, please visit: http://seleniumhq.org/exceptions/no_such_element.html
Build info: version: &apos;3.4.0&apos;, revision: &apos;unknown&apos;, time: &apos;unknown&apos;
System info: host: &apos;SEETHA&apos;, ip: &apos;192.168.0.2&apos;, os.name: &apos;Windows 10&apos;, os.arch: &apos;amd64&apos;, os.version: &apos;10.0&apos;, java.version: &apos;1.8.0_131&apos;
Driver info: org.openqa.selenium.chrome.ChromeDriver
Capabilities [{applicationCacheEnabled=false, rotatable=false, mobileEmulationEnabled=false, networkConnectionEnabled=false, chrome={chromedriverVersion=2.35.528161 (5b82f2d2aae0ca24b877009200ced9065a772e73), userDataDir=C:\Users\Lakshmi\AppData\Local\Temp\scoped_dir15716_11685}, takesHeapSnapshot=true, pageLoadStrategy=normal, databaseEnabled=false, handlesAlerts=true, hasTouchScreen=false, version=63.0.3239.132, platform=XP, browserConnectionEnabled=false, nativeEvents=true, acceptSslCerts=false, acceptInsecureCerts=false, locationContextEnabled=true, webStorageEnabled=true, browserName=chrome, takesScreenshot=true, javascriptEnabled=true, cssSelectorsEnabled=true, setWindowRect=true, unexpectedAlertBehaviour=}]
Session ID: 1d9a814097dbc8c28c5460e9d9d21e9d
*** Element info: {Using=xpath, value=//img[contains(@src,&apos;/images/masts/mast_selectflight.gif&apos;)]}
	at org.openqa.selenium.remote.ErrorHandler.createThrowable(ErrorHandler.java:215)
	at org.openqa.selenium.remote.ErrorHandler.throwIfResponseFailed(ErrorHandler.java:167)
	at org.openqa.selenium.remote.RemoteWebDriver.execute(RemoteWebDriver.java:671)
	at org.openqa.selenium.remote.RemoteWebDriver.findElement(RemoteWebDriver.java:410)
	at org.openqa.selenium.remote.RemoteWebDriver.findElementByXPath(RemoteWebDriver.java:509)
	at org.openqa.selenium.By$ByXPath.findElement(By.java:361)
	at org.openqa.selenium.remote.RemoteWebDriver.findElement(RemoteWebDriver.java:402)
	at com.newtour.qa.helper.XpathHelper.findByXPath(XpathHelper.java:88)
	at com.newtour.qa.pages.FlightsPage.isFlightSearchSuccessful(FlightsPage.java:252)
	at com.newtour.qa.pages.FlightsPage.verifyNavigateForward(FlightsPage.java:319)
	at com.newtour.flightfinderfunctional.testcases.TC_KF_FF_03_VerifyFlightFinderPageNavigationsTest.verifyNavigateForward(TC_KF_FF_03_VerifyFlightFinderPageNavigationsTest.java:80)
	at org.apache.maven.plugin.surefire.InPluginVMSurefireStarter.runSuitesInProcess(InPluginVMSurefireStarter.java:84)
	at org.apache.maven.plugin.surefire.AbstractSurefireMojo.executeProvider(AbstractSurefireMojo.java:1060)
	at org.apache.maven.plugin.surefire.AbstractSurefireMojo.executeAfterPreconditionsChecked(AbstractSurefireMojo.java:907)
	at org.apache.maven.plugin.surefire.AbstractSurefireMojo.execute(AbstractSurefireMojo.java:785)
	at org.apache.maven.plugin.DefaultBuildPluginManager.executeMojo(DefaultBuildPluginManager.java:134)
	at org.apache.maven.lifecycle.internal.MojoExecutor.execute(MojoExecutor.java:207)
	at org.apache.maven.lifecycle.internal.MojoExecutor.execute(MojoExecutor.java:153)
	at org.apache.maven.lifecycle.internal.MojoExecutor.execute(MojoExecutor.java:145)
	at org.apache.maven.lifecycle.internal.LifecycleModuleBuilder.buildProject(LifecycleModuleBuilder.java:116)
	at org.apache.maven.lifecycle.internal.LifecycleModuleBuilder.buildProject(LifecycleModuleBuilder.java:80)
	at org.apache.maven.lifecycle.internal.builder.singlethreaded.SingleThreadedBuilder.build(SingleThreadedBuilder.java:51)
	at org.apache.maven.lifecycle.internal.LifecycleStarter.execute(LifecycleStarter.java:128)
	at org.apache.maven.DefaultMaven.doExecute(DefaultMaven.java:307)
	at org.apache.maven.DefaultMaven.doExecute(DefaultMaven.java:193)
	at org.apache.maven.DefaultMaven.execute(DefaultMaven.java:106)
	at org.apache.maven.cli.MavenCli.execute(MavenCli.java:863)
	at org.apache.maven.cli.MavenCli.doMain(MavenCli.java:288)
	at org.apache.maven.cli.MavenCli.main(MavenCli.java:199)
	at org.codehaus.plexus.classworlds.launcher.Launcher.launchEnhanced(Launcher.java:289)
	at org.codehaus.plexus.classworlds.launcher.Launcher.launch(Launcher.java:229)
	at org.codehaus.plexus.classworlds.launcher.Launcher.mainWithExitCode(Launcher.java:415)
	at org.codehaus.plexus.classworlds.launcher.Launcher.main(Launcher.java:356)
... Removed 39 stack frames
</div> <!-- stack-trace -->
                </div> <!-- method-content -->
              </div> <!-- method -->
            </div> <!-- main-panel-content rounded-window-bottom -->
          </div> <!-- suite-NewTours_Flight_Finder_Key_Functional_AutomationSuite-class-failed -->
          <div class="suite-NewTours_Flight_Finder_Key_Functional_AutomationSuite-class-skipped">
            <div class="main-panel-header rounded-window-top">
              <img src="skipped.png"/>
              <span class="class-name">com.newtour.flightfinderfunctional.testcases.TC_KF_FF_03_VerifyFlightFinderPageNavigationsTest</span>
            </div> <!-- main-panel-header rounded-window-top -->
            <div class="main-panel-content rounded-window-bottom">
              <div class="method">
                <div class="method-content">
                  <a name="verifyNavigateForward">
                  </a> <!-- verifyNavigateForward -->
                  <span class="method-name">verifyNavigateForward</span>
                  <div class="stack-trace">org.openqa.selenium.NoSuchElementException: no such element: Unable to locate element: {&quot;method&quot;:&quot;xpath&quot;,&quot;selector&quot;:&quot;//img[contains(@src,&apos;/images/masts/mast_selectflight.gif&apos;)]&quot;}
  (Session info: chrome=63.0.3239.132)
  (Driver info: chromedriver=2.35.528161 (5b82f2d2aae0ca24b877009200ced9065a772e73),platform=Windows NT 10.0.16299 x86_64) (WARNING: The server did not provide any stacktrace information)
Command duration or timeout: 2.07 seconds
For documentation on this error, please visit: http://seleniumhq.org/exceptions/no_such_element.html
Build info: version: &apos;3.4.0&apos;, revision: &apos;unknown&apos;, time: &apos;unknown&apos;
System info: host: &apos;SEETHA&apos;, ip: &apos;192.168.0.2&apos;, os.name: &apos;Windows 10&apos;, os.arch: &apos;amd64&apos;, os.version: &apos;10.0&apos;, java.version: &apos;1.8.0_131&apos;
Driver info: org.openqa.selenium.chrome.ChromeDriver
Capabilities [{applicationCacheEnabled=false, rotatable=false, mobileEmulationEnabled=false, networkConnectionEnabled=false, chrome={chromedriverVersion=2.35.528161 (5b82f2d2aae0ca24b877009200ced9065a772e73), userDataDir=C:\Users\Lakshmi\AppData\Local\Temp\scoped_dir15716_11685}, takesHeapSnapshot=true, pageLoadStrategy=normal, databaseEnabled=false, handlesAlerts=true, hasTouchScreen=false, version=63.0.3239.132, platform=XP, browserConnectionEnabled=false, nativeEvents=true, acceptSslCerts=false, acceptInsecureCerts=false, locationContextEnabled=true, webStorageEnabled=true, browserName=chrome, takesScreenshot=true, javascriptEnabled=true, cssSelectorsEnabled=true, setWindowRect=true, unexpectedAlertBehaviour=}]
Session ID: 1d9a814097dbc8c28c5460e9d9d21e9d
*** Element info: {Using=xpath, value=//img[contains(@src,&apos;/images/masts/mast_selectflight.gif&apos;)]}
	at org.openqa.selenium.remote.ErrorHandler.createThrowable(ErrorHandler.java:215)
	at org.openqa.selenium.remote.ErrorHandler.throwIfResponseFailed(ErrorHandler.java:167)
	at org.openqa.selenium.remote.RemoteWebDriver.execute(RemoteWebDriver.java:671)
	at org.openqa.selenium.remote.RemoteWebDriver.findElement(RemoteWebDriver.java:410)
	at org.openqa.selenium.remote.RemoteWebDriver.findElementByXPath(RemoteWebDriver.java:509)
	at org.openqa.selenium.By$ByXPath.findElement(By.java:361)
	at org.openqa.selenium.remote.RemoteWebDriver.findElement(RemoteWebDriver.java:402)
	at com.newtour.qa.helper.XpathHelper.findByXPath(XpathHelper.java:88)
	at com.newtour.qa.pages.FlightsPage.isFlightSearchSuccessful(FlightsPage.java:252)
	at com.newtour.qa.pages.FlightsPage.verifyNavigateForward(FlightsPage.java:319)
	at com.newtour.flightfinderfunctional.testcases.TC_KF_FF_03_VerifyFlightFinderPageNavigationsTest.verifyNavigateForward(TC_KF_FF_03_VerifyFlightFinderPageNavigationsTest.java:80)
	at org.apache.maven.plugin.surefire.InPluginVMSurefireStarter.runSuitesInProcess(InPluginVMSurefireStarter.java:84)
	at org.apache.maven.plugin.surefire.AbstractSurefireMojo.executeProvider(AbstractSurefireMojo.java:1060)
	at org.apache.maven.plugin.surefire.AbstractSurefireMojo.executeAfterPreconditionsChecked(AbstractSurefireMojo.java:907)
	at org.apache.maven.plugin.surefire.AbstractSurefireMojo.execute(AbstractSurefireMojo.java:785)
	at org.apache.maven.plugin.DefaultBuildPluginManager.executeMojo(DefaultBuildPluginManager.java:134)
	at org.apache.maven.lifecycle.internal.MojoExecutor.execute(MojoExecutor.java:207)
	at org.apache.maven.lifecycle.internal.MojoExecutor.execute(MojoExecutor.java:153)
	at org.apache.maven.lifecycle.internal.MojoExecutor.execute(MojoExecutor.java:145)
	at org.apache.maven.lifecycle.internal.LifecycleModuleBuilder.buildProject(LifecycleModuleBuilder.java:116)
	at org.apache.maven.lifecycle.internal.LifecycleModuleBuilder.buildProject(LifecycleModuleBuilder.java:80)
	at org.apache.maven.lifecycle.internal.builder.singlethreaded.SingleThreadedBuilder.build(SingleThreadedBuilder.java:51)
	at org.apache.maven.lifecycle.internal.LifecycleStarter.execute(LifecycleStarter.java:128)
	at org.apache.maven.DefaultMaven.doExecute(DefaultMaven.java:307)
	at org.apache.maven.DefaultMaven.doExecute(DefaultMaven.java:193)
	at org.apache.maven.DefaultMaven.execute(DefaultMaven.java:106)
	at org.apache.maven.cli.MavenCli.execute(MavenCli.java:863)
	at org.apache.maven.cli.MavenCli.doMain(MavenCli.java:288)
	at org.apache.maven.cli.MavenCli.main(MavenCli.java:199)
	at org.codehaus.plexus.classworlds.launcher.Launcher.launchEnhanced(Launcher.java:289)
	at org.codehaus.plexus.classworlds.launcher.Launcher.launch(Launcher.java:229)
	at org.codehaus.plexus.classworlds.launcher.Launcher.mainWithExitCode(Launcher.java:415)
	at org.codehaus.plexus.classworlds.launcher.Launcher.main(Launcher.java:356)
... Removed 39 stack frames
</div> <!-- stack-trace -->
                </div> <!-- method-content -->
              </div> <!-- method -->
              <div class="method">
                <div class="method-content">
                  <a name="verifyNavigateForward">
                  </a> <!-- verifyNavigateForward -->
                  <span class="method-name">verifyNavigateForward</span>
                  <div class="stack-trace">org.openqa.selenium.NoSuchElementException: no such element: Unable to locate element: {&quot;method&quot;:&quot;xpath&quot;,&quot;selector&quot;:&quot;//img[contains(@src,&apos;/images/masts/mast_selectflight.gif&apos;)]&quot;}
  (Session info: chrome=63.0.3239.132)
  (Driver info: chromedriver=2.35.528161 (5b82f2d2aae0ca24b877009200ced9065a772e73),platform=Windows NT 10.0.16299 x86_64) (WARNING: The server did not provide any stacktrace information)
Command duration or timeout: 2.06 seconds
For documentation on this error, please visit: http://seleniumhq.org/exceptions/no_such_element.html
Build info: version: &apos;3.4.0&apos;, revision: &apos;unknown&apos;, time: &apos;unknown&apos;
System info: host: &apos;SEETHA&apos;, ip: &apos;192.168.0.2&apos;, os.name: &apos;Windows 10&apos;, os.arch: &apos;amd64&apos;, os.version: &apos;10.0&apos;, java.version: &apos;1.8.0_131&apos;
Driver info: org.openqa.selenium.chrome.ChromeDriver
Capabilities [{applicationCacheEnabled=false, rotatable=false, mobileEmulationEnabled=false, networkConnectionEnabled=false, chrome={chromedriverVersion=2.35.528161 (5b82f2d2aae0ca24b877009200ced9065a772e73), userDataDir=C:\Users\Lakshmi\AppData\Local\Temp\scoped_dir15716_11685}, takesHeapSnapshot=true, pageLoadStrategy=normal, databaseEnabled=false, handlesAlerts=true, hasTouchScreen=false, version=63.0.3239.132, platform=XP, browserConnectionEnabled=false, nativeEvents=true, acceptSslCerts=false, acceptInsecureCerts=false, locationContextEnabled=true, webStorageEnabled=true, browserName=chrome, takesScreenshot=true, javascriptEnabled=true, cssSelectorsEnabled=true, setWindowRect=true, unexpectedAlertBehaviour=}]
Session ID: 1d9a814097dbc8c28c5460e9d9d21e9d
*** Element info: {Using=xpath, value=//img[contains(@src,&apos;/images/masts/mast_selectflight.gif&apos;)]}
	at org.openqa.selenium.remote.ErrorHandler.createThrowable(ErrorHandler.java:215)
	at org.openqa.selenium.remote.ErrorHandler.throwIfResponseFailed(ErrorHandler.java:167)
	at org.openqa.selenium.remote.RemoteWebDriver.execute(RemoteWebDriver.java:671)
	at org.openqa.selenium.remote.RemoteWebDriver.findElement(RemoteWebDriver.java:410)
	at org.openqa.selenium.remote.RemoteWebDriver.findElementByXPath(RemoteWebDriver.java:509)
	at org.openqa.selenium.By$ByXPath.findElement(By.java:361)
	at org.openqa.selenium.remote.RemoteWebDriver.findElement(RemoteWebDriver.java:402)
	at com.newtour.qa.helper.XpathHelper.findByXPath(XpathHelper.java:88)
	at com.newtour.qa.pages.FlightsPage.isFlightSearchSuccessful(FlightsPage.java:252)
	at com.newtour.qa.pages.FlightsPage.verifyNavigateForward(FlightsPage.java:319)
	at com.newtour.flightfinderfunctional.testcases.TC_KF_FF_03_VerifyFlightFinderPageNavigationsTest.verifyNavigateForward(TC_KF_FF_03_VerifyFlightFinderPageNavigationsTest.java:80)
	at org.apache.maven.plugin.surefire.InPluginVMSurefireStarter.runSuitesInProcess(InPluginVMSurefireStarter.java:84)
	at org.apache.maven.plugin.surefire.AbstractSurefireMojo.executeProvider(AbstractSurefireMojo.java:1060)
	at org.apache.maven.plugin.surefire.AbstractSurefireMojo.executeAfterPreconditionsChecked(AbstractSurefireMojo.java:907)
	at org.apache.maven.plugin.surefire.AbstractSurefireMojo.execute(AbstractSurefireMojo.java:785)
	at org.apache.maven.plugin.DefaultBuildPluginManager.executeMojo(DefaultBuildPluginManager.java:134)
	at org.apache.maven.lifecycle.internal.MojoExecutor.execute(MojoExecutor.java:207)
	at org.apache.maven.lifecycle.internal.MojoExecutor.execute(MojoExecutor.java:153)
	at org.apache.maven.lifecycle.internal.MojoExecutor.execute(MojoExecutor.java:145)
	at org.apache.maven.lifecycle.internal.LifecycleModuleBuilder.buildProject(LifecycleModuleBuilder.java:116)
	at org.apache.maven.lifecycle.internal.LifecycleModuleBuilder.buildProject(LifecycleModuleBuilder.java:80)
	at org.apache.maven.lifecycle.internal.builder.singlethreaded.SingleThreadedBuilder.build(SingleThreadedBuilder.java:51)
	at org.apache.maven.lifecycle.internal.LifecycleStarter.execute(LifecycleStarter.java:128)
	at org.apache.maven.DefaultMaven.doExecute(DefaultMaven.java:307)
	at org.apache.maven.DefaultMaven.doExecute(DefaultMaven.java:193)
	at org.apache.maven.DefaultMaven.execute(DefaultMaven.java:106)
	at org.apache.maven.cli.MavenCli.execute(MavenCli.java:863)
	at org.apache.maven.cli.MavenCli.doMain(MavenCli.java:288)
	at org.apache.maven.cli.MavenCli.main(MavenCli.java:199)
	at org.codehaus.plexus.classworlds.launcher.Launcher.launchEnhanced(Launcher.java:289)
	at org.codehaus.plexus.classworlds.launcher.Launcher.launch(Launcher.java:229)
	at org.codehaus.plexus.classworlds.launcher.Launcher.mainWithExitCode(Launcher.java:415)
	at org.codehaus.plexus.classworlds.launcher.Launcher.main(Launcher.java:356)
... Removed 39 stack frames
</div> <!-- stack-trace -->
                </div> <!-- method-content -->
              </div> <!-- method -->
              <div class="method">
                <div class="method-content">
                  <a name="verifyNavigateForward">
                  </a> <!-- verifyNavigateForward -->
                  <span class="method-name">verifyNavigateForward</span>
                  <div class="stack-trace">org.openqa.selenium.NoSuchElementException: no such element: Unable to locate element: {&quot;method&quot;:&quot;xpath&quot;,&quot;selector&quot;:&quot;//img[contains(@src,&apos;/images/masts/mast_selectflight.gif&apos;)]&quot;}
  (Session info: chrome=63.0.3239.132)
  (Driver info: chromedriver=2.35.528161 (5b82f2d2aae0ca24b877009200ced9065a772e73),platform=Windows NT 10.0.16299 x86_64) (WARNING: The server did not provide any stacktrace information)
Command duration or timeout: 2.07 seconds
For documentation on this error, please visit: http://seleniumhq.org/exceptions/no_such_element.html
Build info: version: &apos;3.4.0&apos;, revision: &apos;unknown&apos;, time: &apos;unknown&apos;
System info: host: &apos;SEETHA&apos;, ip: &apos;192.168.0.2&apos;, os.name: &apos;Windows 10&apos;, os.arch: &apos;amd64&apos;, os.version: &apos;10.0&apos;, java.version: &apos;1.8.0_131&apos;
Driver info: org.openqa.selenium.chrome.ChromeDriver
Capabilities [{applicationCacheEnabled=false, rotatable=false, mobileEmulationEnabled=false, networkConnectionEnabled=false, chrome={chromedriverVersion=2.35.528161 (5b82f2d2aae0ca24b877009200ced9065a772e73), userDataDir=C:\Users\Lakshmi\AppData\Local\Temp\scoped_dir15716_11685}, takesHeapSnapshot=true, pageLoadStrategy=normal, databaseEnabled=false, handlesAlerts=true, hasTouchScreen=false, version=63.0.3239.132, platform=XP, browserConnectionEnabled=false, nativeEvents=true, acceptSslCerts=false, acceptInsecureCerts=false, locationContextEnabled=true, webStorageEnabled=true, browserName=chrome, takesScreenshot=true, javascriptEnabled=true, cssSelectorsEnabled=true, setWindowRect=true, unexpectedAlertBehaviour=}]
Session ID: 1d9a814097dbc8c28c5460e9d9d21e9d
*** Element info: {Using=xpath, value=//img[contains(@src,&apos;/images/masts/mast_selectflight.gif&apos;)]}
	at org.openqa.selenium.remote.ErrorHandler.createThrowable(ErrorHandler.java:215)
	at org.openqa.selenium.remote.ErrorHandler.throwIfResponseFailed(ErrorHandler.java:167)
	at org.openqa.selenium.remote.RemoteWebDriver.execute(RemoteWebDriver.java:671)
	at org.openqa.selenium.remote.RemoteWebDriver.findElement(RemoteWebDriver.java:410)
	at org.openqa.selenium.remote.RemoteWebDriver.findElementByXPath(RemoteWebDriver.java:509)
	at org.openqa.selenium.By$ByXPath.findElement(By.java:361)
	at org.openqa.selenium.remote.RemoteWebDriver.findElement(RemoteWebDriver.java:402)
	at com.newtour.qa.helper.XpathHelper.findByXPath(XpathHelper.java:88)
	at com.newtour.qa.pages.FlightsPage.isFlightSearchSuccessful(FlightsPage.java:252)
	at com.newtour.qa.pages.FlightsPage.verifyNavigateForward(FlightsPage.java:319)
	at com.newtour.flightfinderfunctional.testcases.TC_KF_FF_03_VerifyFlightFinderPageNavigationsTest.verifyNavigateForward(TC_KF_FF_03_VerifyFlightFinderPageNavigationsTest.java:80)
	at org.apache.maven.plugin.surefire.InPluginVMSurefireStarter.runSuitesInProcess(InPluginVMSurefireStarter.java:84)
	at org.apache.maven.plugin.surefire.AbstractSurefireMojo.executeProvider(AbstractSurefireMojo.java:1060)
	at org.apache.maven.plugin.surefire.AbstractSurefireMojo.executeAfterPreconditionsChecked(AbstractSurefireMojo.java:907)
	at org.apache.maven.plugin.surefire.AbstractSurefireMojo.execute(AbstractSurefireMojo.java:785)
	at org.apache.maven.plugin.DefaultBuildPluginManager.executeMojo(DefaultBuildPluginManager.java:134)
	at org.apache.maven.lifecycle.internal.MojoExecutor.execute(MojoExecutor.java:207)
	at org.apache.maven.lifecycle.internal.MojoExecutor.execute(MojoExecutor.java:153)
	at org.apache.maven.lifecycle.internal.MojoExecutor.execute(MojoExecutor.java:145)
	at org.apache.maven.lifecycle.internal.LifecycleModuleBuilder.buildProject(LifecycleModuleBuilder.java:116)
	at org.apache.maven.lifecycle.internal.LifecycleModuleBuilder.buildProject(LifecycleModuleBuilder.java:80)
	at org.apache.maven.lifecycle.internal.builder.singlethreaded.SingleThreadedBuilder.build(SingleThreadedBuilder.java:51)
	at org.apache.maven.lifecycle.internal.LifecycleStarter.execute(LifecycleStarter.java:128)
	at org.apache.maven.DefaultMaven.doExecute(DefaultMaven.java:307)
	at org.apache.maven.DefaultMaven.doExecute(DefaultMaven.java:193)
	at org.apache.maven.DefaultMaven.execute(DefaultMaven.java:106)
	at org.apache.maven.cli.MavenCli.execute(MavenCli.java:863)
	at org.apache.maven.cli.MavenCli.doMain(MavenCli.java:288)
	at org.apache.maven.cli.MavenCli.main(MavenCli.java:199)
	at org.codehaus.plexus.classworlds.launcher.Launcher.launchEnhanced(Launcher.java:289)
	at org.codehaus.plexus.classworlds.launcher.Launcher.launch(Launcher.java:229)
	at org.codehaus.plexus.classworlds.launcher.Launcher.mainWithExitCode(Launcher.java:415)
	at org.codehaus.plexus.classworlds.launcher.Launcher.main(Launcher.java:356)
... Removed 39 stack frames
</div> <!-- stack-trace -->
                </div> <!-- method-content -->
              </div> <!-- method -->
              <div class="method">
                <div class="method-content">
                  <a name="verifySignOffTest">
                  </a> <!-- verifySignOffTest -->
                  <span class="method-name">verifySignOffTest</span>
                  <div class="stack-trace">java.lang.Throwable: Method TC_KF_FF_03_VerifyFlightFinderPageNavigationsTest.verifySignOffTest()[pri:6, instance:com.newtour.flightfinderfunctional.testcases.TC_KF_FF_03_VerifyFlightFinderPageNavigationsTest@78da899f] depends on not successfully finished methods
	at org.apache.maven.plugin.surefire.InPluginVMSurefireStarter.runSuitesInProcess(InPluginVMSurefireStarter.java:84)
	at org.apache.maven.plugin.surefire.AbstractSurefireMojo.executeProvider(AbstractSurefireMojo.java:1060)
	at org.apache.maven.plugin.surefire.AbstractSurefireMojo.executeAfterPreconditionsChecked(AbstractSurefireMojo.java:907)
	at org.apache.maven.plugin.surefire.AbstractSurefireMojo.execute(AbstractSurefireMojo.java:785)
	at org.apache.maven.plugin.DefaultBuildPluginManager.executeMojo(DefaultBuildPluginManager.java:134)
	at org.apache.maven.lifecycle.internal.MojoExecutor.execute(MojoExecutor.java:207)
	at org.apache.maven.lifecycle.internal.MojoExecutor.execute(MojoExecutor.java:153)
	at org.apache.maven.lifecycle.internal.MojoExecutor.execute(MojoExecutor.java:145)
	at org.apache.maven.lifecycle.internal.LifecycleModuleBuilder.buildProject(LifecycleModuleBuilder.java:116)
	at org.apache.maven.lifecycle.internal.LifecycleModuleBuilder.buildProject(LifecycleModuleBuilder.java:80)
	at org.apache.maven.lifecycle.internal.builder.singlethreaded.SingleThreadedBuilder.build(SingleThreadedBuilder.java:51)
	at org.apache.maven.lifecycle.internal.LifecycleStarter.execute(LifecycleStarter.java:128)
	at org.apache.maven.DefaultMaven.doExecute(DefaultMaven.java:307)
	at org.apache.maven.DefaultMaven.doExecute(DefaultMaven.java:193)
	at org.apache.maven.DefaultMaven.execute(DefaultMaven.java:106)
	at org.apache.maven.cli.MavenCli.execute(MavenCli.java:863)
	at org.apache.maven.cli.MavenCli.doMain(MavenCli.java:288)
	at org.apache.maven.cli.MavenCli.main(MavenCli.java:199)
	at org.codehaus.plexus.classworlds.launcher.Launcher.launchEnhanced(Launcher.java:289)
	at org.codehaus.plexus.classworlds.launcher.Launcher.launch(Launcher.java:229)
	at org.codehaus.plexus.classworlds.launcher.Launcher.mainWithExitCode(Launcher.java:415)
	at org.codehaus.plexus.classworlds.launcher.Launcher.main(Launcher.java:356)
... Removed 28 stack frames
</div> <!-- stack-trace -->
                </div> <!-- method-content -->
              </div> <!-- method -->
            </div> <!-- main-panel-content rounded-window-bottom -->
          </div> <!-- suite-NewTours_Flight_Finder_Key_Functional_AutomationSuite-class-skipped -->
          <div class="suite-NewTours_Flight_Finder_Key_Functional_AutomationSuite-class-passed">
            <div class="main-panel-header rounded-window-top">
              <img src="passed.png"/>
              <span class="class-name">com.newtour.flightfinderfunctional.testcases.TC_KF_FF_02_VerifyRoundTripFlightSearchTest</span>
            </div> <!-- main-panel-header rounded-window-top -->
            <div class="main-panel-content rounded-window-bottom">
              <div class="method">
                <div class="method-content">
                  <a name="verifyCredentialsTest(lakshmi12, Yourdreamsaremine0)">
                  </a> <!-- verifyCredentialsTest(lakshmi12, Yourdreamsaremine0) -->
                  <span class="method-name">verifyCredentialsTest</span>
                  <span class="parameters">(lakshmi12, Yourdreamsaremine0)</span>
                </div> <!-- method-content -->
              </div> <!-- method -->
              <div class="method">
                <div class="method-content">
                  <a name="verifyFlightDetailsList">
                  </a> <!-- verifyFlightDetailsList -->
                  <span class="method-name">verifyFlightDetailsList</span>
                </div> <!-- method-content -->
              </div> <!-- method -->
              <div class="method">
                <div class="method-content">
                  <a name="verifyFlightSearch">
                  </a> <!-- verifyFlightSearch -->
                  <span class="method-name">verifyFlightSearch</span>
                </div> <!-- method-content -->
              </div> <!-- method -->
              <div class="method">
                <div class="method-content">
                  <a name="verifyLaunchURLTest">
                  </a> <!-- verifyLaunchURLTest -->
                  <span class="method-name">verifyLaunchURLTest</span>
                </div> <!-- method-content -->
              </div> <!-- method -->
              <div class="method">
                <div class="method-content">
                  <a name="verifyReserveFlights">
                  </a> <!-- verifyReserveFlights -->
                  <span class="method-name">verifyReserveFlights</span>
                </div> <!-- method-content -->
              </div> <!-- method -->
              <div class="method">
                <div class="method-content">
                  <a name="verifyRoundTripFlightSearchTest(2.0, London, June, 15.0, Paris, July, 15.0, First, Pangea Airlines)">
                  </a> <!-- verifyRoundTripFlightSearchTest(2.0, London, June, 15.0, Paris, July, 15.0, First, Pangea Airlines) -->
                  <span class="method-name">verifyRoundTripFlightSearchTest</span>
                  <span class="parameters">(2.0, London, June, 15.0, Paris, July, 15.0, First, Pangea Airlines)</span>
                </div> <!-- method-content -->
              </div> <!-- method -->
              <div class="method">
                <div class="method-content">
                  <a name="verifySignOffTest">
                  </a> <!-- verifySignOffTest -->
                  <span class="method-name">verifySignOffTest</span>
                </div> <!-- method-content -->
              </div> <!-- method -->
            </div> <!-- main-panel-content rounded-window-bottom -->
          </div> <!-- suite-NewTours_Flight_Finder_Key_Functional_AutomationSuite-class-passed -->
          <div class="suite-NewTours_Flight_Finder_Key_Functional_AutomationSuite-class-passed">
            <div class="main-panel-header rounded-window-top">
              <img src="passed.png"/>
              <span class="class-name">com.newtour.flightfinderfunctional.testcases.TC_KF_FF_03_VerifyFlightFinderPageNavigationsTest</span>
            </div> <!-- main-panel-header rounded-window-top -->
            <div class="main-panel-content rounded-window-bottom">
              <div class="method">
                <div class="method-content">
                  <a name="verifyCredentialsTest(lakshmi12, Yourdreamsaremine0)">
                  </a> <!-- verifyCredentialsTest(lakshmi12, Yourdreamsaremine0) -->
                  <span class="method-name">verifyCredentialsTest</span>
                  <span class="parameters">(lakshmi12, Yourdreamsaremine0)</span>
                </div> <!-- method-content -->
              </div> <!-- method -->
              <div class="method">
                <div class="method-content">
                  <a name="verifyFlightSearch">
                  </a> <!-- verifyFlightSearch -->
                  <span class="method-name">verifyFlightSearch</span>
                </div> <!-- method-content -->
              </div> <!-- method -->
              <div class="method">
                <div class="method-content">
                  <a name="verifyLaunchURLTest">
                  </a> <!-- verifyLaunchURLTest -->
                  <span class="method-name">verifyLaunchURLTest</span>
                </div> <!-- method-content -->
              </div> <!-- method -->
              <div class="method">
                <div class="method-content">
                  <a name="verifyNavigateBack">
                  </a> <!-- verifyNavigateBack -->
                  <span class="method-name">verifyNavigateBack</span>
                </div> <!-- method-content -->
              </div> <!-- method -->
              <div class="method">
                <div class="method-content">
                  <a name="verifyOneWayFlightSearchTest(1.0, Frankfurt, March, 12.0, Zurich, May, 10.0, Business, Unified Airlines)">
                  </a> <!-- verifyOneWayFlightSearchTest(1.0, Frankfurt, March, 12.0, Zurich, May, 10.0, Business, Unified Airlines) -->
                  <span class="method-name">verifyOneWayFlightSearchTest</span>
                  <span class="parameters">(1.0, Frankfurt, March, 12.0, Zurich, May, 10.0, Business, Unified Airlines)</span>
                </div> <!-- method-content -->
              </div> <!-- method -->
            </div> <!-- main-panel-content rounded-window-bottom -->
          </div> <!-- suite-NewTours_Flight_Finder_Key_Functional_AutomationSuite-class-passed -->
          <div class="suite-NewTours_Flight_Finder_Key_Functional_AutomationSuite-class-passed">
            <div class="main-panel-header rounded-window-top">
              <img src="passed.png"/>
              <span class="class-name">com.newtour.flightfinderfunctional.testcases.TC_KF_FF_01_VerifyOneWayFlightSearchTest</span>
            </div> <!-- main-panel-header rounded-window-top -->
            <div class="main-panel-content rounded-window-bottom">
              <div class="method">
                <div class="method-content">
                  <a name="verifyCredentialsTest(lakshmi12, Yourdreamsaremine0)">
                  </a> <!-- verifyCredentialsTest(lakshmi12, Yourdreamsaremine0) -->
                  <span class="method-name">verifyCredentialsTest</span>
                  <span class="parameters">(lakshmi12, Yourdreamsaremine0)</span>
                </div> <!-- method-content -->
              </div> <!-- method -->
              <div class="method">
                <div class="method-content">
                  <a name="verifyFlightDetailsList">
                  </a> <!-- verifyFlightDetailsList -->
                  <span class="method-name">verifyFlightDetailsList</span>
                </div> <!-- method-content -->
              </div> <!-- method -->
              <div class="method">
                <div class="method-content">
                  <a name="verifyFlightSearch">
                  </a> <!-- verifyFlightSearch -->
                  <span class="method-name">verifyFlightSearch</span>
                </div> <!-- method-content -->
              </div> <!-- method -->
              <div class="method">
                <div class="method-content">
                  <a name="verifyLaunchURLTest">
                  </a> <!-- verifyLaunchURLTest -->
                  <span class="method-name">verifyLaunchURLTest</span>
                </div> <!-- method-content -->
              </div> <!-- method -->
              <div class="method">
                <div class="method-content">
                  <a name="verifyOneWayFlightSearchTest(1.0, Frankfurt, March, 12.0, Zurich, May, 10.0, Business, Unified Airlines)">
                  </a> <!-- verifyOneWayFlightSearchTest(1.0, Frankfurt, March, 12.0, Zurich, May, 10.0, Business, Unified Airlines) -->
                  <span class="method-name">verifyOneWayFlightSearchTest</span>
                  <span class="parameters">(1.0, Frankfurt, March, 12.0, Zurich, May, 10.0, Business, Unified Airlines)</span>
                </div> <!-- method-content -->
              </div> <!-- method -->
              <div class="method">
                <div class="method-content">
                  <a name="verifyReserveFlights">
                  </a> <!-- verifyReserveFlights -->
                  <span class="method-name">verifyReserveFlights</span>
                </div> <!-- method-content -->
              </div> <!-- method -->
              <div class="method">
                <div class="method-content">
                  <a name="verifySignOffTest">
                  </a> <!-- verifySignOffTest -->
                  <span class="method-name">verifySignOffTest</span>
                </div> <!-- method-content -->
              </div> <!-- method -->
            </div> <!-- main-panel-content rounded-window-bottom -->
          </div> <!-- suite-NewTours_Flight_Finder_Key_Functional_AutomationSuite-class-passed -->
        </div> <!-- panel NewTours_Flight_Finder_Key_Functional_AutomationSuite -->
        <div panel-name="test-xml-NewTours_Login_Key_Functional_AutomationSuite" class="panel">
          <div class="main-panel-header rounded-window-top">
            <span class="header-content">C:\Assignment\NewTours-FunctionalTests\src\main\resources\loginFunctionalTestSuite.xml</span>
          </div> <!-- main-panel-header rounded-window-top -->
          <div class="main-panel-content rounded-window-bottom">
            <pre>
&lt;?xml version=&quot;1.0&quot; encoding=&quot;UTF-8&quot;?&gt;
&lt;!DOCTYPE suite SYSTEM &quot;http://testng.org/testng-1.0.dtd&quot;&gt;
&lt;suite verbose=&quot;0&quot; name=&quot;NewTours Login Key Functional AutomationSuite&quot;&gt;
  &lt;listeners&gt;
    &lt;listener class-name=&quot;com.newtour.qa.ExtentReportListener.TestReporter&quot;/&gt;
    &lt;listener class-name=&quot;com.newtour.qa.ExtentReportListener.RetryListener&quot;/&gt;
    &lt;listener class-name=&quot;com.newtour.qa.ExtentReportListener.ExtentReport&quot;/&gt;
  &lt;/listeners&gt;
  &lt;test name=&quot;Login KeyFunctional TestSuite&quot;&gt;
    &lt;classes&gt;
      &lt;class name=&quot;com.newtour.LoginKeyfunctional.testcases.TC_KF_LG_01_VerifyHomePageLoginTest&quot;/&gt;
      &lt;class name=&quot;com.newtour.LoginKeyfunctional.testcases.TC_KF_LG_02_VerifySignOnPageLoginTest&quot;/&gt;
      &lt;class name=&quot;com.newtour.LoginKeyfunctional.testcases.TC_KF_LG_03_VerifySignOnPageInvalidLoginTest&quot;/&gt;
      &lt;class name=&quot;com.newtour.LoginKeyfunctional.testcases.TC_KF_LG_04_VerifyRegistrationViaSignOnPageTest&quot;/&gt;
    &lt;/classes&gt;
  &lt;/test&gt; &lt;!-- Login KeyFunctional TestSuite --&gt;
&lt;/suite&gt; &lt;!-- NewTours Login Key Functional AutomationSuite --&gt;
            </pre>
          </div> <!-- main-panel-content rounded-window-bottom -->
        </div> <!-- panel -->
        <div panel-name="test-xml-NewTours_Flight_Finder_Key_Functional_AutomationSuite" class="panel">
          <div class="main-panel-header rounded-window-top">
            <span class="header-content">C:\Assignment\NewTours-FunctionalTests\src\main\resources\flightFinderFunctionalTestSuite.xml</span>
          </div> <!-- main-panel-header rounded-window-top -->
          <div class="main-panel-content rounded-window-bottom">
            <pre>
&lt;?xml version=&quot;1.0&quot; encoding=&quot;UTF-8&quot;?&gt;
&lt;!DOCTYPE suite SYSTEM &quot;http://testng.org/testng-1.0.dtd&quot;&gt;
&lt;suite verbose=&quot;0&quot; name=&quot;NewTours Flight Finder Key Functional AutomationSuite&quot;&gt;
  &lt;listeners&gt;
    &lt;listener class-name=&quot;com.newtour.qa.ExtentReportListener.TestReporter&quot;/&gt;
    &lt;listener class-name=&quot;com.newtour.qa.ExtentReportListener.RetryListener&quot;/&gt;
    &lt;listener class-name=&quot;com.newtour.qa.ExtentReportListener.ExtentReport&quot;/&gt;
  &lt;/listeners&gt;
  &lt;test name=&quot;Flight Finder KeyFunctional Automation TestSuite&quot;&gt;
    &lt;classes&gt;
      &lt;class name=&quot;com.newtour.flightfinderfunctional.testcases.TC_KF_FF_01_VerifyOneWayFlightSearchTest&quot;/&gt;
      &lt;class name=&quot;com.newtour.flightfinderfunctional.testcases.TC_KF_FF_02_VerifyRoundTripFlightSearchTest&quot;/&gt;
      &lt;class name=&quot;com.newtour.flightfinderfunctional.testcases.TC_KF_FF_03_VerifyFlightFinderPageNavigationsTest&quot;/&gt;
    &lt;/classes&gt;
  &lt;/test&gt; &lt;!-- Flight Finder KeyFunctional Automation TestSuite --&gt;
&lt;/suite&gt; &lt;!-- NewTours Flight Finder Key Functional AutomationSuite --&gt;
            </pre>
          </div> <!-- main-panel-content rounded-window-bottom -->
        </div> <!-- panel -->
        <div panel-name="testlist-NewTours_Login_Key_Functional_AutomationSuite" class="panel">
          <div class="main-panel-header rounded-window-top">
            <span class="header-content">Tests for NewTours Login Key Functional AutomationSuite</span>
          </div> <!-- main-panel-header rounded-window-top -->
          <div class="main-panel-content rounded-window-bottom">
            <ul>
              <li>
                <span class="test-name">Login KeyFunctional TestSuite (4 classes)</span>
              </li>
            </ul>
          </div> <!-- main-panel-content rounded-window-bottom -->
        </div> <!-- panel -->
        <div panel-name="testlist-NewTours_Flight_Finder_Key_Functional_AutomationSuite" class="panel">
          <div class="main-panel-header rounded-window-top">
            <span class="header-content">Tests for NewTours Flight Finder Key Functional AutomationSuite</span>
          </div> <!-- main-panel-header rounded-window-top -->
          <div class="main-panel-content rounded-window-bottom">
            <ul>
              <li>
                <span class="test-name">Flight Finder KeyFunctional Automation TestSuite (3 classes)</span>
              </li>
            </ul>
          </div> <!-- main-panel-content rounded-window-bottom -->
        </div> <!-- panel -->
        <div panel-name="group-NewTours_Login_Key_Functional_AutomationSuite" class="panel">
          <div class="main-panel-header rounded-window-top">
            <span class="header-content">Groups for NewTours Login Key Functional AutomationSuite</span>
          </div> <!-- main-panel-header rounded-window-top -->
          <div class="main-panel-content rounded-window-bottom">
          </div> <!-- main-panel-content rounded-window-bottom -->
        </div> <!-- panel -->
        <div panel-name="group-NewTours_Flight_Finder_Key_Functional_AutomationSuite" class="panel">
          <div class="main-panel-header rounded-window-top">
            <span class="header-content">Groups for NewTours Flight Finder Key Functional AutomationSuite</span>
          </div> <!-- main-panel-header rounded-window-top -->
          <div class="main-panel-content rounded-window-bottom">
          </div> <!-- main-panel-content rounded-window-bottom -->
        </div> <!-- panel -->
        <div panel-name="times-NewTours_Login_Key_Functional_AutomationSuite" class="panel">
          <div class="main-panel-header rounded-window-top">
            <span class="header-content">Times for NewTours Login Key Functional AutomationSuite</span>
          </div> <!-- main-panel-header rounded-window-top -->
          <div class="main-panel-content rounded-window-bottom">
            <div class="times-div">
              <script type="text/javascript">
suiteTableInitFunctions.push('tableData_NewTours_Login_Key_Functional_AutomationSuite');
function tableData_NewTours_Login_Key_Functional_AutomationSuite() {
var data = new google.visualization.DataTable();
data.addColumn('number', 'Number');
data.addColumn('string', 'Method');
data.addColumn('string', 'Class');
data.addColumn('number', 'Time (ms)');
data.addRows(27);
data.setCell(0, 0, 0)
data.setCell(0, 1, 'verifyValidCredentialsTest')
data.setCell(0, 2, 'com.newtour.LoginKeyfunctional.testcases.TC_KF_LG_02_VerifySignOnPageLoginTest')
data.setCell(0, 3, 23147);
data.setCell(1, 0, 1)
data.setCell(1, 1, 'verifyValidCredentialsTest')
data.setCell(1, 2, 'com.newtour.LoginKeyfunctional.testcases.TC_KF_LG_03_VerifySignOnPageInvalidLoginTest')
data.setCell(1, 3, 21103);
data.setCell(2, 0, 2)
data.setCell(2, 1, 'verifyValidCredentialsTest')
data.setCell(2, 2, 'com.newtour.LoginKeyfunctional.testcases.TC_KF_LG_01_VerifyHomePageLoginTest')
data.setCell(2, 3, 19903);
data.setCell(3, 0, 3)
data.setCell(3, 1, 'verifySignonClickTest')
data.setCell(3, 2, 'com.newtour.LoginKeyfunctional.testcases.TC_KF_LG_02_VerifySignOnPageLoginTest')
data.setCell(3, 3, 15115);
data.setCell(4, 0, 4)
data.setCell(4, 1, 'verifySignonClickTest')
data.setCell(4, 2, 'com.newtour.LoginKeyfunctional.testcases.TC_KF_LG_03_VerifySignOnPageInvalidLoginTest')
data.setCell(4, 3, 14174);
data.setCell(5, 0, 5)
data.setCell(5, 1, 'verifySignonClickTest')
data.setCell(5, 2, 'com.newtour.LoginKeyfunctional.testcases.TC_KF_LG_04_VerifyRegistrationViaSignOnPageTest')
data.setCell(5, 3, 13569);
data.setCell(6, 0, 6)
data.setCell(6, 1, 'verifyNavigationToRegistrationTest')
data.setCell(6, 2, 'com.newtour.LoginKeyfunctional.testcases.TC_KF_LG_04_VerifyRegistrationViaSignOnPageTest')
data.setCell(6, 3, 12919);
data.setCell(7, 0, 7)
data.setCell(7, 1, 'verifySignOffTest')
data.setCell(7, 2, 'com.newtour.LoginKeyfunctional.testcases.TC_KF_LG_02_VerifySignOnPageLoginTest')
data.setCell(7, 3, 11597);
data.setCell(8, 0, 8)
data.setCell(8, 1, 'verifySignOffTest')
data.setCell(8, 2, 'com.newtour.LoginKeyfunctional.testcases.TC_KF_LG_01_VerifyHomePageLoginTest')
data.setCell(8, 3, 11570);
data.setCell(9, 0, 9)
data.setCell(9, 1, 'verifyURLLaunchTest')
data.setCell(9, 2, 'com.newtour.LoginKeyfunctional.testcases.TC_KF_LG_02_VerifySignOnPageLoginTest')
data.setCell(9, 3, 3161);
data.setCell(10, 0, 10)
data.setCell(10, 1, 'verifyIsLoginSuccessfulTest')
data.setCell(10, 2, 'com.newtour.LoginKeyfunctional.testcases.TC_KF_LG_02_VerifySignOnPageLoginTest')
data.setCell(10, 3, 2984);
data.setCell(11, 0, 11)
data.setCell(11, 1, 'verifyHomePageLogoTest')
data.setCell(11, 2, 'com.newtour.LoginKeyfunctional.testcases.TC_KF_LG_01_VerifyHomePageLoginTest')
data.setCell(11, 3, 2541);
data.setCell(12, 0, 12)
data.setCell(12, 1, 'verifySignOnPageLogoTest')
data.setCell(12, 2, 'com.newtour.LoginKeyfunctional.testcases.TC_KF_LG_03_VerifySignOnPageInvalidLoginTest')
data.setCell(12, 3, 2232);
data.setCell(13, 0, 13)
data.setCell(13, 1, 'verifyRegisterPageLogoTest')
data.setCell(13, 2, 'com.newtour.LoginKeyfunctional.testcases.TC_KF_LG_04_VerifyRegistrationViaSignOnPageTest')
data.setCell(13, 3, 2201);
data.setCell(14, 0, 14)
data.setCell(14, 1, 'verifyURLLaunchTest')
data.setCell(14, 2, 'com.newtour.LoginKeyfunctional.testcases.TC_KF_LG_04_VerifyRegistrationViaSignOnPageTest')
data.setCell(14, 3, 2195);
data.setCell(15, 0, 15)
data.setCell(15, 1, 'verifySignOnPageLogoTest')
data.setCell(15, 2, 'com.newtour.LoginKeyfunctional.testcases.TC_KF_LG_02_VerifySignOnPageLoginTest')
data.setCell(15, 3, 2154);
data.setCell(16, 0, 16)
data.setCell(16, 1, 'verifyIsLoginSuccessfulTest')
data.setCell(16, 2, 'com.newtour.LoginKeyfunctional.testcases.TC_KF_LG_03_VerifySignOnPageInvalidLoginTest')
data.setCell(16, 3, 2045);
data.setCell(17, 0, 17)
data.setCell(17, 1, 'verifyIsLoginSuccessfulTest')
data.setCell(17, 2, 'com.newtour.LoginKeyfunctional.testcases.TC_KF_LG_03_VerifySignOnPageInvalidLoginTest')
data.setCell(17, 3, 2041);
data.setCell(18, 0, 18)
data.setCell(18, 1, 'verifyIsLoginSuccessfulTest')
data.setCell(18, 2, 'com.newtour.LoginKeyfunctional.testcases.TC_KF_LG_03_VerifySignOnPageInvalidLoginTest')
data.setCell(18, 3, 2029);
data.setCell(19, 0, 19)
data.setCell(19, 1, 'verifyIsLoginSuccessfulTest')
data.setCell(19, 2, 'com.newtour.LoginKeyfunctional.testcases.TC_KF_LG_03_VerifySignOnPageInvalidLoginTest')
data.setCell(19, 3, 2029);
data.setCell(20, 0, 20)
data.setCell(20, 1, 'verifyURLLaunchTest')
data.setCell(20, 2, 'com.newtour.LoginKeyfunctional.testcases.TC_KF_LG_01_VerifyHomePageLoginTest')
data.setCell(20, 3, 1944);
data.setCell(21, 0, 21)
data.setCell(21, 1, 'verifyURLLaunchTest')
data.setCell(21, 2, 'com.newtour.LoginKeyfunctional.testcases.TC_KF_LG_03_VerifySignOnPageInvalidLoginTest')
data.setCell(21, 3, 1865);
data.setCell(22, 0, 22)
data.setCell(22, 1, 'verifyIsLoginSuccessfulTest')
data.setCell(22, 2, 'com.newtour.LoginKeyfunctional.testcases.TC_KF_LG_01_VerifyHomePageLoginTest')
data.setCell(22, 3, 136);
data.setCell(23, 0, 23)
data.setCell(23, 1, 'verifyHomePageTitleTest')
data.setCell(23, 2, 'com.newtour.LoginKeyfunctional.testcases.TC_KF_LG_01_VerifyHomePageLoginTest')
data.setCell(23, 3, 24);
data.setCell(24, 0, 24)
data.setCell(24, 1, 'verifySignOnPageTitleTest')
data.setCell(24, 2, 'com.newtour.LoginKeyfunctional.testcases.TC_KF_LG_02_VerifySignOnPageLoginTest')
data.setCell(24, 3, 16);
data.setCell(25, 0, 25)
data.setCell(25, 1, 'verifySignOnPageTitleTest')
data.setCell(25, 2, 'com.newtour.LoginKeyfunctional.testcases.TC_KF_LG_03_VerifySignOnPageInvalidLoginTest')
data.setCell(25, 3, 14);
data.setCell(26, 0, 26)
data.setCell(26, 1, 'verifySignOffTest')
data.setCell(26, 2, 'com.newtour.LoginKeyfunctional.testcases.TC_KF_LG_03_VerifySignOnPageInvalidLoginTest')
data.setCell(26, 3, 1);
window.suiteTableData['NewTours_Login_Key_Functional_AutomationSuite']= { tableData: data, tableDiv: 'times-div-NewTours_Login_Key_Functional_AutomationSuite'}
return data;
}
              </script>
              <span class="suite-total-time">Total running time: 2 minutes</span>
              <div id="times-div-NewTours_Login_Key_Functional_AutomationSuite">
              </div> <!-- times-div-NewTours_Login_Key_Functional_AutomationSuite -->
            </div> <!-- times-div -->
          </div> <!-- main-panel-content rounded-window-bottom -->
        </div> <!-- panel -->
        <div panel-name="times-NewTours_Flight_Finder_Key_Functional_AutomationSuite" class="panel">
          <div class="main-panel-header rounded-window-top">
            <span class="header-content">Times for NewTours Flight Finder Key Functional AutomationSuite</span>
          </div> <!-- main-panel-header rounded-window-top -->
          <div class="main-panel-content rounded-window-bottom">
            <div class="times-div">
              <script type="text/javascript">
suiteTableInitFunctions.push('tableData_NewTours_Flight_Finder_Key_Functional_AutomationSuite');
function tableData_NewTours_Flight_Finder_Key_Functional_AutomationSuite() {
var data = new google.visualization.DataTable();
data.addColumn('number', 'Number');
data.addColumn('string', 'Method');
data.addColumn('string', 'Class');
data.addColumn('number', 'Time (ms)');
data.addRows(24);
data.setCell(0, 0, 0)
data.setCell(0, 1, 'verifyOneWayFlightSearchTest')
data.setCell(0, 2, 'com.newtour.flightfinderfunctional.testcases.TC_KF_FF_01_VerifyOneWayFlightSearchTest')
data.setCell(0, 3, 64370);
data.setCell(1, 0, 1)
data.setCell(1, 1, 'verifyOneWayFlightSearchTest')
data.setCell(1, 2, 'com.newtour.flightfinderfunctional.testcases.TC_KF_FF_03_VerifyFlightFinderPageNavigationsTest')
data.setCell(1, 3, 61024);
data.setCell(2, 0, 2)
data.setCell(2, 1, 'verifyRoundTripFlightSearchTest')
data.setCell(2, 2, 'com.newtour.flightfinderfunctional.testcases.TC_KF_FF_02_VerifyRoundTripFlightSearchTest')
data.setCell(2, 3, 55166);
data.setCell(3, 0, 3)
data.setCell(3, 1, 'verifyCredentialsTest')
data.setCell(3, 2, 'com.newtour.flightfinderfunctional.testcases.TC_KF_FF_01_VerifyOneWayFlightSearchTest')
data.setCell(3, 3, 19560);
data.setCell(4, 0, 4)
data.setCell(4, 1, 'verifyCredentialsTest')
data.setCell(4, 2, 'com.newtour.flightfinderfunctional.testcases.TC_KF_FF_02_VerifyRoundTripFlightSearchTest')
data.setCell(4, 3, 19524);
data.setCell(5, 0, 5)
data.setCell(5, 1, 'verifyCredentialsTest')
data.setCell(5, 2, 'com.newtour.flightfinderfunctional.testcases.TC_KF_FF_03_VerifyFlightFinderPageNavigationsTest')
data.setCell(5, 3, 19197);
data.setCell(6, 0, 6)
data.setCell(6, 1, 'verifyFlightDetailsList')
data.setCell(6, 2, 'com.newtour.flightfinderfunctional.testcases.TC_KF_FF_01_VerifyOneWayFlightSearchTest')
data.setCell(6, 3, 18915);
data.setCell(7, 0, 7)
data.setCell(7, 1, 'verifyFlightDetailsList')
data.setCell(7, 2, 'com.newtour.flightfinderfunctional.testcases.TC_KF_FF_02_VerifyRoundTripFlightSearchTest')
data.setCell(7, 3, 16549);
data.setCell(8, 0, 8)
data.setCell(8, 1, 'verifySignOffTest')
data.setCell(8, 2, 'com.newtour.flightfinderfunctional.testcases.TC_KF_FF_01_VerifyOneWayFlightSearchTest')
data.setCell(8, 3, 10763);
data.setCell(9, 0, 9)
data.setCell(9, 1, 'verifySignOffTest')
data.setCell(9, 2, 'com.newtour.flightfinderfunctional.testcases.TC_KF_FF_02_VerifyRoundTripFlightSearchTest')
data.setCell(9, 3, 10147);
data.setCell(10, 0, 10)
data.setCell(10, 1, 'verifyNavigateBack')
data.setCell(10, 2, 'com.newtour.flightfinderfunctional.testcases.TC_KF_FF_03_VerifyFlightFinderPageNavigationsTest')
data.setCell(10, 3, 4716);
data.setCell(11, 0, 11)
data.setCell(11, 1, 'verifyReserveFlights')
data.setCell(11, 2, 'com.newtour.flightfinderfunctional.testcases.TC_KF_FF_01_VerifyOneWayFlightSearchTest')
data.setCell(11, 3, 4392);
data.setCell(12, 0, 12)
data.setCell(12, 1, 'verifyNavigateForward')
data.setCell(12, 2, 'com.newtour.flightfinderfunctional.testcases.TC_KF_FF_03_VerifyFlightFinderPageNavigationsTest')
data.setCell(12, 3, 4243);
data.setCell(13, 0, 13)
data.setCell(13, 1, 'verifyNavigateForward')
data.setCell(13, 2, 'com.newtour.flightfinderfunctional.testcases.TC_KF_FF_03_VerifyFlightFinderPageNavigationsTest')
data.setCell(13, 3, 4167);
data.setCell(14, 0, 14)
data.setCell(14, 1, 'verifyNavigateForward')
data.setCell(14, 2, 'com.newtour.flightfinderfunctional.testcases.TC_KF_FF_03_VerifyFlightFinderPageNavigationsTest')
data.setCell(14, 3, 4158);
data.setCell(15, 0, 15)
data.setCell(15, 1, 'verifyNavigateForward')
data.setCell(15, 2, 'com.newtour.flightfinderfunctional.testcases.TC_KF_FF_03_VerifyFlightFinderPageNavigationsTest')
data.setCell(15, 3, 4111);
data.setCell(16, 0, 16)
data.setCell(16, 1, 'verifyLaunchURLTest')
data.setCell(16, 2, 'com.newtour.flightfinderfunctional.testcases.TC_KF_FF_01_VerifyOneWayFlightSearchTest')
data.setCell(16, 3, 3994);
data.setCell(17, 0, 17)
data.setCell(17, 1, 'verifyFlightSearch')
data.setCell(17, 2, 'com.newtour.flightfinderfunctional.testcases.TC_KF_FF_02_VerifyRoundTripFlightSearchTest')
data.setCell(17, 3, 2484);
data.setCell(18, 0, 18)
data.setCell(18, 1, 'verifyFlightSearch')
data.setCell(18, 2, 'com.newtour.flightfinderfunctional.testcases.TC_KF_FF_01_VerifyOneWayFlightSearchTest')
data.setCell(18, 3, 2212);
data.setCell(19, 0, 19)
data.setCell(19, 1, 'verifyFlightSearch')
data.setCell(19, 2, 'com.newtour.flightfinderfunctional.testcases.TC_KF_FF_03_VerifyFlightFinderPageNavigationsTest')
data.setCell(19, 3, 2193);
data.setCell(20, 0, 20)
data.setCell(20, 1, 'verifyReserveFlights')
data.setCell(20, 2, 'com.newtour.flightfinderfunctional.testcases.TC_KF_FF_02_VerifyRoundTripFlightSearchTest')
data.setCell(20, 3, 2126);
data.setCell(21, 0, 21)
data.setCell(21, 1, 'verifyLaunchURLTest')
data.setCell(21, 2, 'com.newtour.flightfinderfunctional.testcases.TC_KF_FF_03_VerifyFlightFinderPageNavigationsTest')
data.setCell(21, 3, 1966);
data.setCell(22, 0, 22)
data.setCell(22, 1, 'verifyLaunchURLTest')
data.setCell(22, 2, 'com.newtour.flightfinderfunctional.testcases.TC_KF_FF_02_VerifyRoundTripFlightSearchTest')
data.setCell(22, 3, 1726);
data.setCell(23, 0, 23)
data.setCell(23, 1, 'verifySignOffTest')
data.setCell(23, 2, 'com.newtour.flightfinderfunctional.testcases.TC_KF_FF_03_VerifyFlightFinderPageNavigationsTest')
data.setCell(23, 3, 0);
window.suiteTableData['NewTours_Flight_Finder_Key_Functional_AutomationSuite']= { tableData: data, tableDiv: 'times-div-NewTours_Flight_Finder_Key_Functional_AutomationSuite'}
return data;
}
              </script>
              <span class="suite-total-time">Total running time: 5 minutes</span>
              <div id="times-div-NewTours_Flight_Finder_Key_Functional_AutomationSuite">
              </div> <!-- times-div-NewTours_Flight_Finder_Key_Functional_AutomationSuite -->
            </div> <!-- times-div -->
          </div> <!-- main-panel-content rounded-window-bottom -->
        </div> <!-- panel -->
        <div panel-name="reporter-NewTours_Login_Key_Functional_AutomationSuite" class="panel">
          <div class="main-panel-header rounded-window-top">
            <span class="header-content">Reporter output for NewTours Login Key Functional AutomationSuite</span>
          </div> <!-- main-panel-header rounded-window-top -->
          <div class="main-panel-content rounded-window-bottom">
          </div> <!-- main-panel-content rounded-window-bottom -->
        </div> <!-- panel -->
        <div panel-name="reporter-NewTours_Flight_Finder_Key_Functional_AutomationSuite" class="panel">
          <div class="main-panel-header rounded-window-top">
            <span class="header-content">Reporter output for NewTours Flight Finder Key Functional AutomationSuite</span>
          </div> <!-- main-panel-header rounded-window-top -->
          <div class="main-panel-content rounded-window-bottom">
          </div> <!-- main-panel-content rounded-window-bottom -->
        </div> <!-- panel -->
        <div panel-name="ignored-methods-NewTours_Login_Key_Functional_AutomationSuite" class="panel">
          <div class="main-panel-header rounded-window-top">
            <span class="header-content">0 ignored methods</span>
          </div> <!-- main-panel-header rounded-window-top -->
          <div class="main-panel-content rounded-window-bottom">
          </div> <!-- main-panel-content rounded-window-bottom -->
        </div> <!-- panel -->
        <div panel-name="ignored-methods-NewTours_Flight_Finder_Key_Functional_AutomationSuite" class="panel">
          <div class="main-panel-header rounded-window-top">
            <span class="header-content">0 ignored methods</span>
          </div> <!-- main-panel-header rounded-window-top -->
          <div class="main-panel-content rounded-window-bottom">
          </div> <!-- main-panel-content rounded-window-bottom -->
        </div> <!-- panel -->
        <div panel-name="chronological-NewTours_Login_Key_Functional_AutomationSuite" class="panel">
          <div class="main-panel-header rounded-window-top">
            <span class="header-content">Methods in chronological order</span>
          </div> <!-- main-panel-header rounded-window-top -->
          <div class="main-panel-content rounded-window-bottom">
            <div class="chronological-class">
              <div class="chronological-class-name">com.newtour.LoginKeyfunctional.testcases.TC_KF_LG_01_VerifyHomePageLoginTest</div> <!-- chronological-class-name -->
              <div class="configuration-class before">
                <span class="method-name">before</span>
                <span class="method-start">0 ms</span>
              </div> <!-- configuration-class before -->
              <div class="test-method">
                <span class="method-name">verifyURLLaunchTest</span>
                <span class="method-start">5383 ms</span>
              </div> <!-- test-method -->
              <div class="configuration-method after">
                <span class="method-name">takeScreenShotOnFailure([TestResult name=verifyURLLaunchTest status=SUCCESS method=TC_KF_LG_01_VerifyHomePageLoginTest.verif...)</span>
                <span class="method-start">7330 ms</span>
              </div> <!-- configuration-method after -->
              <div class="test-method">
                <span class="method-name">verifyHomePageTitleTest</span>
                <span class="method-start">7333 ms</span>
              </div> <!-- test-method -->
              <div class="configuration-method after">
                <span class="method-name">takeScreenShotOnFailure([TestResult name=verifyHomePageTitleTest status=SUCCESS method=TC_KF_LG_01_VerifyHomePageLoginTest.v...)</span>
                <span class="method-start">7357 ms</span>
              </div> <!-- configuration-method after -->
              <div class="test-method">
                <span class="method-name">verifyHomePageLogoTest</span>
                <span class="method-start">7357 ms</span>
              </div> <!-- test-method -->
              <div class="configuration-method after">
                <span class="method-name">takeScreenShotOnFailure([TestResult name=verifyHomePageLogoTest status=SUCCESS method=TC_KF_LG_01_VerifyHomePageLoginTest.ve...)</span>
                <span class="method-start">9898 ms</span>
              </div> <!-- configuration-method after -->
              <div class="test-method">
                <span class="method-name">verifyValidCredentialsTest(lakshmi12, Yourdreamsaremine0)</span>
                <span class="method-start">10899 ms</span>
              </div> <!-- test-method -->
              <div class="configuration-method after">
                <span class="method-name">takeScreenShotOnFailure([TestResult name=verifyValidCredentialsTest status=SUCCESS method=TC_KF_LG_01_VerifyHomePageLoginTes...)</span>
                <span class="method-start">30803 ms</span>
              </div> <!-- configuration-method after -->
              <div class="test-method">
                <span class="method-name">verifyIsLoginSuccessfulTest</span>
                <span class="method-start">30803 ms</span>
              </div> <!-- test-method -->
              <div class="configuration-method after">
                <span class="method-name">takeScreenShotOnFailure([TestResult name=verifyIsLoginSuccessfulTest status=SUCCESS method=TC_KF_LG_01_VerifyHomePageLoginTe...)</span>
                <span class="method-start">30940 ms</span>
              </div> <!-- configuration-method after -->
              <div class="test-method">
                <span class="method-name">verifySignOffTest</span>
                <span class="method-start">30940 ms</span>
              </div> <!-- test-method -->
              <div class="configuration-method after">
                <span class="method-name">takeScreenShotOnFailure([TestResult name=verifySignOffTest status=SUCCESS method=TC_KF_LG_01_VerifyHomePageLoginTest.verifyS...)</span>
                <span class="method-start">42510 ms</span>
              </div> <!-- configuration-method after -->
              <div class="configuration-class after">
                <span class="method-name">tearDown</span>
                <span class="method-start">42511 ms</span>
              </div> <!-- configuration-class after -->
            </div> <!-- chronological-class -->
            <div class="chronological-class">
              <div class="chronological-class-name">com.newtour.LoginKeyfunctional.testcases.TC_KF_LG_02_VerifySignOnPageLoginTest</div> <!-- chronological-class-name -->
              <div class="configuration-class before">
                <span class="method-name">before</span>
                <span class="method-start">45060 ms</span>
              </div> <!-- configuration-class before -->
              <div class="test-method">
                <span class="method-name">verifyURLLaunchTest</span>
                <span class="method-start">49696 ms</span>
              </div> <!-- test-method -->
              <div class="configuration-method after">
                <span class="method-name">takeScreenShotOnFailure([TestResult name=verifyURLLaunchTest status=SUCCESS method=TC_KF_LG_02_VerifySignOnPageLoginTest.ver...)</span>
                <span class="method-start">52857 ms</span>
              </div> <!-- configuration-method after -->
              <div class="test-method">
                <span class="method-name">verifySignonClickTest</span>
                <span class="method-start">52858 ms</span>
              </div> <!-- test-method -->
              <div class="configuration-method after">
                <span class="method-name">takeScreenShotOnFailure([TestResult name=verifySignonClickTest status=SUCCESS method=TC_KF_LG_02_VerifySignOnPageLoginTest.v...)</span>
                <span class="method-start">67973 ms</span>
              </div> <!-- configuration-method after -->
              <div class="test-method">
                <span class="method-name">verifySignOnPageTitleTest</span>
                <span class="method-start">67973 ms</span>
              </div> <!-- test-method -->
              <div class="configuration-method after">
                <span class="method-name">takeScreenShotOnFailure([TestResult name=verifySignOnPageTitleTest status=SUCCESS method=TC_KF_LG_02_VerifySignOnPageLoginTe...)</span>
                <span class="method-start">67989 ms</span>
              </div> <!-- configuration-method after -->
              <div class="test-method">
                <span class="method-name">verifySignOnPageLogoTest</span>
                <span class="method-start">67990 ms</span>
              </div> <!-- test-method -->
              <div class="configuration-method after">
                <span class="method-name">takeScreenShotOnFailure([TestResult name=verifySignOnPageLogoTest status=SUCCESS method=TC_KF_LG_02_VerifySignOnPageLoginTes...)</span>
                <span class="method-start">70145 ms</span>
              </div> <!-- configuration-method after -->
              <div class="test-method">
                <span class="method-name">verifyValidCredentialsTest(lakshmi12, Yourdreamsaremine0)</span>
                <span class="method-start">70178 ms</span>
              </div> <!-- test-method -->
              <div class="configuration-method after">
                <span class="method-name">takeScreenShotOnFailure([TestResult name=verifyValidCredentialsTest status=SUCCESS method=TC_KF_LG_02_VerifySignOnPageLoginT...)</span>
                <span class="method-start">93325 ms</span>
              </div> <!-- configuration-method after -->
              <div class="test-method">
                <span class="method-name">verifyIsLoginSuccessfulTest</span>
                <span class="method-start">93326 ms</span>
              </div> <!-- test-method -->
              <div class="configuration-method after">
                <span class="method-name">takeScreenShotOnFailure([TestResult name=verifyIsLoginSuccessfulTest status=SUCCESS method=TC_KF_LG_02_VerifySignOnPageLogin...)</span>
                <span class="method-start">96310 ms</span>
              </div> <!-- configuration-method after -->
              <div class="test-method">
                <span class="method-name">verifySignOffTest</span>
                <span class="method-start">96311 ms</span>
              </div> <!-- test-method -->
              <div class="configuration-method after">
                <span class="method-name">takeScreenShotOnFailure([TestResult name=verifySignOffTest status=SUCCESS method=TC_KF_LG_02_VerifySignOnPageLoginTest.verif...)</span>
                <span class="method-start">107908 ms</span>
              </div> <!-- configuration-method after -->
              <div class="configuration-class after">
                <span class="method-name">tearDown</span>
                <span class="method-start">107909 ms</span>
              </div> <!-- configuration-class after -->
            </div> <!-- chronological-class -->
            <div class="chronological-class">
              <div class="chronological-class-name">com.newtour.LoginKeyfunctional.testcases.TC_KF_LG_03_VerifySignOnPageInvalidLoginTest</div> <!-- chronological-class-name -->
              <div class="configuration-class before">
                <span class="method-name">before</span>
                <span class="method-start">109741 ms</span>
              </div> <!-- configuration-class before -->
              <div class="test-method">
                <span class="method-name">verifyURLLaunchTest</span>
                <span class="method-start">113905 ms</span>
              </div> <!-- test-method -->
              <div class="configuration-method after">
                <span class="method-name">takeScreenShotOnFailure([TestResult name=verifyURLLaunchTest status=SUCCESS method=TC_KF_LG_03_VerifySignOnPageInvalidLoginT...)</span>
                <span class="method-start">115770 ms</span>
              </div> <!-- configuration-method after -->
              <div class="test-method">
                <span class="method-name">verifySignonClickTest</span>
                <span class="method-start">115770 ms</span>
              </div> <!-- test-method -->
              <div class="configuration-method after">
                <span class="method-name">takeScreenShotOnFailure([TestResult name=verifySignonClickTest status=SUCCESS method=TC_KF_LG_03_VerifySignOnPageInvalidLogi...)</span>
                <span class="method-start">129944 ms</span>
              </div> <!-- configuration-method after -->
              <div class="test-method">
                <span class="method-name">verifySignOnPageTitleTest</span>
                <span class="method-start">129944 ms</span>
              </div> <!-- test-method -->
              <div class="configuration-method after">
                <span class="method-name">takeScreenShotOnFailure([TestResult name=verifySignOnPageTitleTest status=SUCCESS method=TC_KF_LG_03_VerifySignOnPageInvalid...)</span>
                <span class="method-start">129959 ms</span>
              </div> <!-- configuration-method after -->
              <div class="test-method">
                <span class="method-name">verifySignOnPageLogoTest</span>
                <span class="method-start">129959 ms</span>
              </div> <!-- test-method -->
              <div class="configuration-method after">
                <span class="method-name">takeScreenShotOnFailure([TestResult name=verifySignOnPageLogoTest status=SUCCESS method=TC_KF_LG_03_VerifySignOnPageInvalidL...)</span>
                <span class="method-start">132191 ms</span>
              </div> <!-- configuration-method after -->
              <div class="test-method">
                <span class="method-name">verifyValidCredentialsTest(lakshmiay12, test)</span>
                <span class="method-start">132276 ms</span>
              </div> <!-- test-method -->
              <div class="configuration-method after">
                <span class="method-name">takeScreenShotOnFailure([TestResult name=verifyValidCredentialsTest status=SUCCESS method=TC_KF_LG_03_VerifySignOnPageInvali...)</span>
                <span class="method-start">153379 ms</span>
              </div> <!-- configuration-method after -->
              <div class="test-method">
                <span class="method-name">verifyIsLoginSuccessfulTest</span>
                <span class="method-start">153379 ms</span>
              </div> <!-- test-method -->
              <div class="configuration-method after">
                <span class="method-name">takeScreenShotOnFailure([TestResult name=verifyIsLoginSuccessfulTest status=SKIP method=TC_KF_LG_03_VerifySignOnPageInvalidL...)</span>
                <span class="method-start">155428 ms</span>
              </div> <!-- configuration-method after -->
              <div class="test-method">
                <span class="method-name">verifyIsLoginSuccessfulTest</span>
                <span class="method-start">155428 ms</span>
              </div> <!-- test-method -->
              <div class="configuration-method after">
                <span class="method-name">takeScreenShotOnFailure([TestResult name=verifyIsLoginSuccessfulTest status=SKIP method=TC_KF_LG_03_VerifySignOnPageInvalidL...)</span>
                <span class="method-start">157457 ms</span>
              </div> <!-- configuration-method after -->
              <div class="test-method">
                <span class="method-name">verifyIsLoginSuccessfulTest</span>
                <span class="method-start">157458 ms</span>
              </div> <!-- test-method -->
              <div class="configuration-method after">
                <span class="method-name">takeScreenShotOnFailure([TestResult name=verifyIsLoginSuccessfulTest status=SKIP method=TC_KF_LG_03_VerifySignOnPageInvalidL...)</span>
                <span class="method-start">159499 ms</span>
              </div> <!-- configuration-method after -->
              <div class="test-method">
                <img src="failed.png">
                </img>
                <span class="method-name">verifyIsLoginSuccessfulTest</span>
                <span class="method-start">159499 ms</span>
              </div> <!-- test-method -->
              <div class="configuration-method after">
                <span class="method-name">takeScreenShotOnFailure([TestResult name=verifyIsLoginSuccessfulTest status=FAILURE method=TC_KF_LG_03_VerifySignOnPageInval...)</span>
                <span class="method-start">161529 ms</span>
              </div> <!-- configuration-method after -->
              <div class="configuration-class after">
                <span class="method-name">tearDown</span>
                <span class="method-start">162183 ms</span>
              </div> <!-- configuration-class after -->
            </div> <!-- chronological-class -->
            <div class="chronological-class">
              <div class="chronological-class-name">com.newtour.LoginKeyfunctional.testcases.TC_KF_LG_04_VerifyRegistrationViaSignOnPageTest</div> <!-- chronological-class-name -->
              <div class="configuration-class before">
                <span class="method-name">before</span>
                <span class="method-start">163559 ms</span>
              </div> <!-- configuration-class before -->
              <div class="test-method">
                <span class="method-name">verifyURLLaunchTest</span>
                <span class="method-start">167593 ms</span>
              </div> <!-- test-method -->
              <div class="configuration-method after">
                <span class="method-name">takeScreenShotOnFailure([TestResult name=verifyURLLaunchTest status=SUCCESS method=TC_KF_LG_04_VerifyRegistrationViaSignOnPa...)</span>
                <span class="method-start">169788 ms</span>
              </div> <!-- configuration-method after -->
              <div class="test-method">
                <span class="method-name">verifySignonClickTest</span>
                <span class="method-start">169788 ms</span>
              </div> <!-- test-method -->
              <div class="configuration-method after">
                <span class="method-name">takeScreenShotOnFailure([TestResult name=verifySignonClickTest status=SUCCESS method=TC_KF_LG_04_VerifyRegistrationViaSignOn...)</span>
                <span class="method-start">183357 ms</span>
              </div> <!-- configuration-method after -->
              <div class="test-method">
                <span class="method-name">verifyNavigationToRegistrationTest</span>
                <span class="method-start">183358 ms</span>
              </div> <!-- test-method -->
              <div class="configuration-method after">
                <span class="method-name">takeScreenShotOnFailure([TestResult name=verifyNavigationToRegistrationTest status=SUCCESS method=TC_KF_LG_04_VerifyRegistra...)</span>
                <span class="method-start">196277 ms</span>
              </div> <!-- configuration-method after -->
              <div class="test-method">
                <span class="method-name">verifyRegisterPageLogoTest</span>
                <span class="method-start">196277 ms</span>
              </div> <!-- test-method -->
              <div class="configuration-method after">
                <span class="method-name">takeScreenShotOnFailure([TestResult name=verifyRegisterPageLogoTest status=SUCCESS method=TC_KF_LG_04_VerifyRegistrationViaS...)</span>
                <span class="method-start">198478 ms</span>
              </div> <!-- configuration-method after -->
              <div class="configuration-class after">
                <span class="method-name">tearDown</span>
                <span class="method-start">198479 ms</span>
              </div> <!-- configuration-class after -->
          </div> <!-- main-panel-content rounded-window-bottom -->
        </div> <!-- panel -->
        <div panel-name="chronological-NewTours_Flight_Finder_Key_Functional_AutomationSuite" class="panel">
          <div class="main-panel-header rounded-window-top">
            <span class="header-content">Methods in chronological order</span>
          </div> <!-- main-panel-header rounded-window-top -->
          <div class="main-panel-content rounded-window-bottom">
            <div class="chronological-class">
              <div class="chronological-class-name">com.newtour.flightfinderfunctional.testcases.TC_KF_FF_01_VerifyOneWayFlightSearchTest</div> <!-- chronological-class-name -->
              <div class="configuration-class before">
                <span class="method-name">before</span>
                <span class="method-start">0 ms</span>
              </div> <!-- configuration-class before -->
              <div class="test-method">
                <span class="method-name">verifyLaunchURLTest</span>
                <span class="method-start">4054 ms</span>
              </div> <!-- test-method -->
              <div class="configuration-method after">
                <span class="method-name">takeScreenShotOnFailure([TestResult name=verifyLaunchURLTest status=SUCCESS method=TC_KF_FF_01_VerifyOneWayFlightSearchTest....)</span>
                <span class="method-start">8048 ms</span>
              </div> <!-- configuration-method after -->
              <div class="test-method">
                <span class="method-name">verifyCredentialsTest(lakshmi12, Yourdreamsaremine0)</span>
                <span class="method-start">8081 ms</span>
              </div> <!-- test-method -->
              <div class="configuration-method after">
                <span class="method-name">takeScreenShotOnFailure([TestResult name=verifyCredentialsTest status=SUCCESS method=TC_KF_FF_01_VerifyOneWayFlightSearchTes...)</span>
                <span class="method-start">27641 ms</span>
              </div> <!-- configuration-method after -->
              <div class="test-method">
                <span class="method-name">verifyOneWayFlightSearchTest(1.0, Frankfurt, March, 12.0, Zurich, May, 10.0, Business, Unified Airlines)</span>
                <span class="method-start">27746 ms</span>
              </div> <!-- test-method -->
              <div class="configuration-method after">
                <span class="method-name">takeScreenShotOnFailure([TestResult name=verifyOneWayFlightSearchTest status=SUCCESS method=TC_KF_FF_01_VerifyOneWayFlightSe...)</span>
                <span class="method-start">92116 ms</span>
              </div> <!-- configuration-method after -->
              <div class="test-method">
                <span class="method-name">verifyFlightSearch</span>
                <span class="method-start">92117 ms</span>
              </div> <!-- test-method -->
              <div class="configuration-method after">
                <span class="method-name">takeScreenShotOnFailure([TestResult name=verifyFlightSearch status=SUCCESS method=TC_KF_FF_01_VerifyOneWayFlightSearchTest.v...)</span>
                <span class="method-start">94329 ms</span>
              </div> <!-- configuration-method after -->
              <div class="test-method">
                <span class="method-name">verifyFlightDetailsList</span>
                <span class="method-start">94330 ms</span>
              </div> <!-- test-method -->
              <div class="configuration-method after">
                <span class="method-name">takeScreenShotOnFailure([TestResult name=verifyFlightDetailsList status=SUCCESS method=TC_KF_FF_01_VerifyOneWayFlightSearchT...)</span>
                <span class="method-start">113245 ms</span>
              </div> <!-- configuration-method after -->
              <div class="test-method">
                <span class="method-name">verifyReserveFlights</span>
                <span class="method-start">113245 ms</span>
              </div> <!-- test-method -->
              <div class="configuration-method after">
                <span class="method-name">takeScreenShotOnFailure([TestResult name=verifyReserveFlights status=SUCCESS method=TC_KF_FF_01_VerifyOneWayFlightSearchTest...)</span>
                <span class="method-start">117637 ms</span>
              </div> <!-- configuration-method after -->
              <div class="test-method">
                <span class="method-name">verifySignOffTest</span>
                <span class="method-start">117638 ms</span>
              </div> <!-- test-method -->
              <div class="configuration-method after">
                <span class="method-name">takeScreenShotOnFailure([TestResult name=verifySignOffTest status=SUCCESS method=TC_KF_FF_01_VerifyOneWayFlightSearchTest.ve...)</span>
                <span class="method-start">128401 ms</span>
              </div> <!-- configuration-method after -->
              <div class="configuration-class after">
                <span class="method-name">tearDown</span>
                <span class="method-start">128401 ms</span>
              </div> <!-- configuration-class after -->
            </div> <!-- chronological-class -->
            <div class="chronological-class">
              <div class="chronological-class-name">com.newtour.flightfinderfunctional.testcases.TC_KF_FF_02_VerifyRoundTripFlightSearchTest</div> <!-- chronological-class-name -->
              <div class="configuration-class before">
                <span class="method-name">before</span>
                <span class="method-start">130188 ms</span>
              </div> <!-- configuration-class before -->
              <div class="test-method">
                <span class="method-name">verifyLaunchURLTest</span>
                <span class="method-start">134379 ms</span>
              </div> <!-- test-method -->
              <div class="configuration-method after">
                <span class="method-name">takeScreenShotOnFailure([TestResult name=verifyLaunchURLTest status=SUCCESS method=TC_KF_FF_02_VerifyRoundTripFlightSearchTe...)</span>
                <span class="method-start">136105 ms</span>
              </div> <!-- configuration-method after -->
              <div class="test-method">
                <span class="method-name">verifyCredentialsTest(lakshmi12, Yourdreamsaremine0)</span>
                <span class="method-start">136144 ms</span>
              </div> <!-- test-method -->
              <div class="configuration-method after">
                <span class="method-name">takeScreenShotOnFailure([TestResult name=verifyCredentialsTest status=SUCCESS method=TC_KF_FF_02_VerifyRoundTripFlightSearch...)</span>
                <span class="method-start">155669 ms</span>
              </div> <!-- configuration-method after -->
              <div class="test-method">
                <span class="method-name">verifyRoundTripFlightSearchTest(2.0, London, June, 15.0, Paris, July, 15.0, First, Pangea Airlines)</span>
                <span class="method-start">155709 ms</span>
              </div> <!-- test-method -->
              <div class="configuration-method after">
                <span class="method-name">takeScreenShotOnFailure([TestResult name=verifyRoundTripFlightSearchTest status=SUCCESS method=TC_KF_FF_02_VerifyRoundTripFl...)</span>
                <span class="method-start">210875 ms</span>
              </div> <!-- configuration-method after -->
              <div class="test-method">
                <span class="method-name">verifyFlightSearch</span>
                <span class="method-start">210876 ms</span>
              </div> <!-- test-method -->
              <div class="configuration-method after">
                <span class="method-name">takeScreenShotOnFailure([TestResult name=verifyFlightSearch status=SUCCESS method=TC_KF_FF_02_VerifyRoundTripFlightSearchTes...)</span>
                <span class="method-start">213360 ms</span>
              </div> <!-- configuration-method after -->
              <div class="test-method">
                <span class="method-name">verifyFlightDetailsList</span>
                <span class="method-start">213360 ms</span>
              </div> <!-- test-method -->
              <div class="configuration-method after">
                <span class="method-name">takeScreenShotOnFailure([TestResult name=verifyFlightDetailsList status=SUCCESS method=TC_KF_FF_02_VerifyRoundTripFlightSear...)</span>
                <span class="method-start">229909 ms</span>
              </div> <!-- configuration-method after -->
              <div class="test-method">
                <span class="method-name">verifyReserveFlights</span>
                <span class="method-start">229910 ms</span>
              </div> <!-- test-method -->
              <div class="configuration-method after">
                <span class="method-name">takeScreenShotOnFailure([TestResult name=verifyReserveFlights status=SUCCESS method=TC_KF_FF_02_VerifyRoundTripFlightSearchT...)</span>
                <span class="method-start">232036 ms</span>
              </div> <!-- configuration-method after -->
              <div class="test-method">
                <span class="method-name">verifySignOffTest</span>
                <span class="method-start">232036 ms</span>
              </div> <!-- test-method -->
              <div class="configuration-method after">
                <span class="method-name">takeScreenShotOnFailure([TestResult name=verifySignOffTest status=SUCCESS method=TC_KF_FF_02_VerifyRoundTripFlightSearchTest...)</span>
                <span class="method-start">242183 ms</span>
              </div> <!-- configuration-method after -->
              <div class="configuration-class after">
                <span class="method-name">tearDown</span>
                <span class="method-start">242183 ms</span>
              </div> <!-- configuration-class after -->
            </div> <!-- chronological-class -->
            <div class="chronological-class">
              <div class="chronological-class-name">com.newtour.flightfinderfunctional.testcases.TC_KF_FF_03_VerifyFlightFinderPageNavigationsTest</div> <!-- chronological-class-name -->
              <div class="configuration-class before">
                <span class="method-name">before</span>
                <span class="method-start">243918 ms</span>
              </div> <!-- configuration-class before -->
              <div class="configuration-class before">
                <span class="method-name">setUp</span>
                <span class="method-start">247876 ms</span>
              </div> <!-- configuration-class before -->
              <div class="test-method">
                <span class="method-name">verifyLaunchURLTest</span>
                <span class="method-start">247877 ms</span>
              </div> <!-- test-method -->
              <div class="configuration-method after">
                <span class="method-name">takeScreenShotOnFailure([TestResult name=verifyLaunchURLTest status=SUCCESS method=TC_KF_FF_03_VerifyFlightFinderPageNavigat...)</span>
                <span class="method-start">249843 ms</span>
              </div> <!-- configuration-method after -->
              <div class="test-method">
                <span class="method-name">verifyCredentialsTest(lakshmi12, Yourdreamsaremine0)</span>
                <span class="method-start">249876 ms</span>
              </div> <!-- test-method -->
              <div class="configuration-method after">
                <span class="method-name">takeScreenShotOnFailure([TestResult name=verifyCredentialsTest status=SUCCESS method=TC_KF_FF_03_VerifyFlightFinderPageNavig...)</span>
                <span class="method-start">269073 ms</span>
              </div> <!-- configuration-method after -->
              <div class="test-method">
                <span class="method-name">verifyOneWayFlightSearchTest(1.0, Frankfurt, March, 12.0, Zurich, May, 10.0, Business, Unified Airlines)</span>
                <span class="method-start">269112 ms</span>
              </div> <!-- test-method -->
              <div class="configuration-method after">
                <span class="method-name">takeScreenShotOnFailure([TestResult name=verifyOneWayFlightSearchTest status=SUCCESS method=TC_KF_FF_03_VerifyFlightFinderPa...)</span>
                <span class="method-start">330136 ms</span>
              </div> <!-- configuration-method after -->
              <div class="test-method">
                <span class="method-name">verifyFlightSearch</span>
                <span class="method-start">330136 ms</span>
              </div> <!-- test-method -->
              <div class="configuration-method after">
                <span class="method-name">takeScreenShotOnFailure([TestResult name=verifyFlightSearch status=SUCCESS method=TC_KF_FF_03_VerifyFlightFinderPageNavigati...)</span>
                <span class="method-start">332329 ms</span>
              </div> <!-- configuration-method after -->
              <div class="test-method">
                <span class="method-name">verifyNavigateBack</span>
                <span class="method-start">332329 ms</span>
              </div> <!-- test-method -->
              <div class="configuration-method after">
                <span class="method-name">takeScreenShotOnFailure([TestResult name=verifyNavigateBack status=SUCCESS method=TC_KF_FF_03_VerifyFlightFinderPageNavigati...)</span>
                <span class="method-start">337045 ms</span>
              </div> <!-- configuration-method after -->
              <div class="test-method">
                <span class="method-name">verifyNavigateForward</span>
                <span class="method-start">337046 ms</span>
              </div> <!-- test-method -->
              <div class="configuration-method after">
                <span class="method-name">takeScreenShotOnFailure([TestResult name=verifyNavigateForward status=SKIP method=TC_KF_FF_03_VerifyFlightFinderPageNavigati...)</span>
                <span class="method-start">341289 ms</span>
              </div> <!-- configuration-method after -->
              <div class="test-method">
                <span class="method-name">verifyNavigateForward</span>
                <span class="method-start">341289 ms</span>
              </div> <!-- test-method -->
              <div class="configuration-method after">
                <span class="method-name">takeScreenShotOnFailure([TestResult name=verifyNavigateForward status=SKIP method=TC_KF_FF_03_VerifyFlightFinderPageNavigati...)</span>
                <span class="method-start">345400 ms</span>
              </div> <!-- configuration-method after -->
              <div class="test-method">
                <span class="method-name">verifyNavigateForward</span>
                <span class="method-start">345401 ms</span>
              </div> <!-- test-method -->
              <div class="configuration-method after">
                <span class="method-name">takeScreenShotOnFailure([TestResult name=verifyNavigateForward status=SKIP method=TC_KF_FF_03_VerifyFlightFinderPageNavigati...)</span>
                <span class="method-start">349568 ms</span>
              </div> <!-- configuration-method after -->
              <div class="test-method">
                <img src="failed.png">
                </img>
                <span class="method-name">verifyNavigateForward</span>
                <span class="method-start">349568 ms</span>
              </div> <!-- test-method -->
              <div class="configuration-method after">
                <span class="method-name">takeScreenShotOnFailure([TestResult name=verifyNavigateForward status=FAILURE method=TC_KF_FF_03_VerifyFlightFinderPageNavig...)</span>
                <span class="method-start">353727 ms</span>
              </div> <!-- configuration-method after -->
              <div class="configuration-class after">
                <span class="method-name">tearDown</span>
                <span class="method-start">354316 ms</span>
              </div> <!-- configuration-class after -->
          </div> <!-- main-panel-content rounded-window-bottom -->
        </div> <!-- panel -->
      </div> <!-- main-panel-root -->
    </div> <!-- wrapper -->
  </body>
</html>
