<?xml version="1.0" encoding="UTF-8"?>
<testsuite xmlns:xsi="http://www.w3.org/2001/XMLSchema-instance" xsi:noNamespaceSchemaLocation="https://maven.apache.org/surefire/maven-surefire-plugin/xsd/surefire-test-report.xsd" name="TestSuite" time="560.03" tests="51" errors="0" skipped="8" failures="2">
  <properties>
    <property name="java.runtime.name" value="Java(TM) SE Runtime Environment"/>
    <property name="sun.boot.library.path" value="C:\Program Files\Java\jdk1.8.0_131\jre\bin"/>
    <property name="java.vm.version" value="25.131-b11"/>
    <property name="java.vm.vendor" value="Oracle Corporation"/>
    <property name="maven.multiModuleProjectDirectory" value="C:\Assignment\NewTours-FunctionalTests"/>
    <property name="java.vendor.url" value="http://java.oracle.com/"/>
    <property name="path.separator" value=";"/>
    <property name="guice.disable.misplaced.annotation.check" value="true"/>
    <property name="java.vm.name" value="Java HotSpot(TM) 64-Bit Server VM"/>
    <property name="file.encoding.pkg" value="sun.io"/>
    <property name="user.script" value=""/>
    <property name="user.country" value="GB"/>
    <property name="sun.java.launcher" value="SUN_STANDARD"/>
    <property name="sun.os.patch.level" value=""/>
    <property name="java.vm.specification.name" value="Java Virtual Machine Specification"/>
    <property name="user.dir" value="C:\Assignment\NewTours-FunctionalTests"/>
    <property name="java.runtime.version" value="1.8.0_131-b11"/>
    <property name="java.awt.graphicsenv" value="sun.awt.Win32GraphicsEnvironment"/>
    <property name="basedir" value="C:\Assignment\NewTours-FunctionalTests"/>
    <property name="java.endorsed.dirs" value="C:\Program Files\Java\jdk1.8.0_131\jre\lib\endorsed"/>
    <property name="os.arch" value="amd64"/>
    <property name="java.io.tmpdir" value="C:\Users\Lakshmi\AppData\Local\Temp\"/>
    <property name="line.separator" value="&#10;"/>
    <property name="java.vm.specification.vendor" value="Oracle Corporation"/>
    <property name="user.variant" value=""/>
    <property name="os.name" value="Windows 10"/>
    <property name="classworlds.conf" value="C:\Assignment\.metadata\.plugins\org.eclipse.m2e.launching\launches\m2conf2058134203713697360.tmp"/>
    <property name="sun.jnu.encoding" value="Cp1252"/>
    <property name="jnidispatch.path" value="C:\Users\Lakshmi\AppData\Local\Temp\jna-1610176807\jna2146654648729826936.dll"/>
    <property name="java.library.path" value="C:\Program Files\Java\jdk1.8.0_131\bin;C:\WINDOWS\Sun\Java\bin;C:\WINDOWS\system32;C:\WINDOWS;C:/Program Files/Java/jdk1.8.0_131/bin/../jre/bin/server;C:/Program Files/Java/jdk1.8.0_131/bin/../jre/bin;C:/Program Files/Java/jdk1.8.0_131/bin/../jre/lib/amd64;C:\WINDOWS\system32;C:\WINDOWS;C:\WINDOWS\System32\Wbem;C:\WINDOWS\System32\WindowsPowerShell\v1.0\;C:\Users\Lakshmi\Desktop\lakshmi docs selenium maven\apache-maven-3.5.0-bin\apache-maven-3.5.0\bin;C:\Program Files\Java\jdk1.8.0_131\bin;C:\Users\Lakshmi\Desktop\MOBILEAUTOMATION\sdk\platform-tools;C:\Users\Lakshmi\Desktop\MOBILEAUTOMATION\sdk\tools;C:\Program Files\Git\cmd;C:\Users\Lakshmi\AppData\Local\Microsoft\WindowsApps;;C:\Users\Lakshmi\Downloads\eclipse-jee-neon-3-win32-x86_64\eclipse;;."/>
    <property name="surefire.test.class.path" value="C:\Assignment\NewTours-FunctionalTests\target\test-classes;C:\Assignment\NewTours-FunctionalTests\target\classes;C:\Users\Lakshmi\.m2\repository\org\seleniumhq\selenium\selenium-java\3.4.0\selenium-java-3.4.0.jar;C:\Users\Lakshmi\.m2\repository\org\seleniumhq\selenium\selenium-api\3.4.0\selenium-api-3.4.0.jar;C:\Users\Lakshmi\.m2\repository\org\seleniumhq\selenium\selenium-chrome-driver\3.4.0\selenium-chrome-driver-3.4.0.jar;C:\Users\Lakshmi\.m2\repository\org\seleniumhq\selenium\selenium-edge-driver\3.4.0\selenium-edge-driver-3.4.0.jar;C:\Users\Lakshmi\.m2\repository\org\seleniumhq\selenium\selenium-firefox-driver\3.4.0\selenium-firefox-driver-3.4.0.jar;C:\Users\Lakshmi\.m2\repository\org\seleniumhq\selenium\selenium-ie-driver\3.4.0\selenium-ie-driver-3.4.0.jar;C:\Users\Lakshmi\.m2\repository\org\seleniumhq\selenium\selenium-opera-driver\3.4.0\selenium-opera-driver-3.4.0.jar;C:\Users\Lakshmi\.m2\repository\org\seleniumhq\selenium\selenium-remote-driver\3.4.0\selenium-remote-driver-3.4.0.jar;C:\Users\Lakshmi\.m2\repository\org\seleniumhq\selenium\selenium-safari-driver\3.4.0\selenium-safari-driver-3.4.0.jar;C:\Users\Lakshmi\.m2\repository\org\seleniumhq\selenium\selenium-support\3.4.0\selenium-support-3.4.0.jar;C:\Users\Lakshmi\.m2\repository\cglib\cglib-nodep\3.2.4\cglib-nodep-3.2.4.jar;C:\Users\Lakshmi\.m2\repository\org\apache\commons\commons-exec\1.3\commons-exec-1.3.jar;C:\Users\Lakshmi\.m2\repository\org\apache\commons\commons-lang3\3.5\commons-lang3-3.5.jar;C:\Users\Lakshmi\.m2\repository\commons-codec\commons-codec\1.10\commons-codec-1.10.jar;C:\Users\Lakshmi\.m2\repository\commons-io\commons-io\2.5\commons-io-2.5.jar;C:\Users\Lakshmi\.m2\repository\commons-logging\commons-logging\1.2\commons-logging-1.2.jar;C:\Users\Lakshmi\.m2\repository\org\w3c\css\sac\1.3\sac-1.3.jar;C:\Users\Lakshmi\.m2\repository\net\sourceforge\cssparser\cssparser\0.9.22\cssparser-0.9.22.jar;C:\Users\Lakshmi\.m2\repository\com\google\code\gson\gson\2.8.0\gson-2.8.0.jar;C:\Users\Lakshmi\.m2\repository\com\google\guava\guava\21.0\guava-21.0.jar;C:\Users\Lakshmi\.m2\repository\org\hamcrest\hamcrest-core\1.3\hamcrest-core-1.3.jar;C:\Users\Lakshmi\.m2\repository\net\sourceforge\htmlunit\htmlunit\2.26\htmlunit-2.26.jar;C:\Users\Lakshmi\.m2\repository\net\sourceforge\htmlunit\htmlunit-core-js\2.26\htmlunit-core-js-2.26.jar;C:\Users\Lakshmi\.m2\repository\net\sourceforge\htmlunit\neko-htmlunit\2.25\neko-htmlunit-2.25.jar;C:\Users\Lakshmi\.m2\repository\org\apache\httpcomponents\httpclient\4.5.3\httpclient-4.5.3.jar;C:\Users\Lakshmi\.m2\repository\org\apache\httpcomponents\httpcore\4.4.6\httpcore-4.4.6.jar;C:\Users\Lakshmi\.m2\repository\org\apache\httpcomponents\httpmime\4.5.3\httpmime-4.5.3.jar;C:\Users\Lakshmi\.m2\repository\org\eclipse\jetty\jetty-io\9.4.1.v20170120\jetty-io-9.4.1.v20170120.jar;C:\Users\Lakshmi\.m2\repository\org\eclipse\jetty\jetty-util\9.4.1.v20170120\jetty-util-9.4.1.v20170120.jar;C:\Users\Lakshmi\.m2\repository\net\java\dev\jna\jna\4.1.0\jna-4.1.0.jar;C:\Users\Lakshmi\.m2\repository\net\java\dev\jna\jna-platform\4.1.0\jna-platform-4.1.0.jar;C:\Users\Lakshmi\.m2\repository\junit\junit\4.12\junit-4.12.jar;C:\Users\Lakshmi\.m2\repository\com\codeborne\phantomjsdriver\1.4.0\phantomjsdriver-1.4.0.jar;C:\Users\Lakshmi\.m2\repository\org\seleniumhq\selenium\htmlunit-driver\2.26\htmlunit-driver-2.26.jar;C:\Users\Lakshmi\.m2\repository\javax\servlet\javax.servlet-api\3.1.0\javax.servlet-api-3.1.0.jar;C:\Users\Lakshmi\.m2\repository\org\eclipse\jetty\websocket\websocket-api\9.4.3.v20170317\websocket-api-9.4.3.v20170317.jar;C:\Users\Lakshmi\.m2\repository\org\eclipse\jetty\websocket\websocket-client\9.4.3.v20170317\websocket-client-9.4.3.v20170317.jar;C:\Users\Lakshmi\.m2\repository\org\eclipse\jetty\jetty-client\9.4.3.v20170317\jetty-client-9.4.3.v20170317.jar;C:\Users\Lakshmi\.m2\repository\org\eclipse\jetty\jetty-http\9.4.3.v20170317\jetty-http-9.4.3.v20170317.jar;C:\Users\Lakshmi\.m2\repository\org\eclipse\jetty\websocket\websocket-common\9.4.3.v20170317\websocket-common-9.4.3.v20170317.jar;C:\Users\Lakshmi\.m2\repository\xalan\serializer\2.7.2\serializer-2.7.2.jar;C:\Users\Lakshmi\.m2\repository\xalan\xalan\2.7.2\xalan-2.7.2.jar;C:\Users\Lakshmi\.m2\repository\xerces\xercesImpl\2.11.0\xercesImpl-2.11.0.jar;C:\Users\Lakshmi\.m2\repository\xml-apis\xml-apis\1.4.01\xml-apis-1.4.01.jar;C:\Users\Lakshmi\.m2\repository\org\testng\testng\6.9.10\testng-6.9.10.jar;C:\Users\Lakshmi\.m2\repository\com\beust\jcommander\1.48\jcommander-1.48.jar;C:\Users\Lakshmi\.m2\repository\org\beanshell\bsh\2.0b4\bsh-2.0b4.jar;C:\Users\Lakshmi\.m2\repository\org\apache\poi\poi\3.9\poi-3.9.jar;C:\Users\Lakshmi\.m2\repository\org\apache\poi\poi-ooxml\3.9\poi-ooxml-3.9.jar;C:\Users\Lakshmi\.m2\repository\dom4j\dom4j\1.6.1\dom4j-1.6.1.jar;C:\Users\Lakshmi\.m2\repository\org\apache\poi\poi-ooxml-schemas\3.9\poi-ooxml-schemas-3.9.jar;C:\Users\Lakshmi\.m2\repository\org\apache\xmlbeans\xmlbeans\2.3.0\xmlbeans-2.3.0.jar;C:\Users\Lakshmi\.m2\repository\stax\stax-api\1.0.1\stax-api-1.0.1.jar;C:\Users\Lakshmi\.m2\repository\org\apache\poi\poi-scratchpad\3.9\poi-scratchpad-3.9.jar;C:\Users\Lakshmi\.m2\repository\org\apache\poi\ooxml-schemas\1.1\ooxml-schemas-1.1.jar;C:\Users\Lakshmi\.m2\repository\org\apache\poi\openxml4j\1.0-beta\openxml4j-1.0-beta.jar;C:\Users\Lakshmi\.m2\repository\com\relevantcodes\extentreports\2.41.2\extentreports-2.41.2.jar;C:\Users\Lakshmi\.m2\repository\org\jsoup\jsoup\1.8.3\jsoup-1.8.3.jar;C:\Users\Lakshmi\.m2\repository\org\xerial\sqlite-jdbc\3.8.11.1\sqlite-jdbc-3.8.11.1.jar;C:\Users\Lakshmi\.m2\repository\org\freemarker\freemarker\2.3.23\freemarker-2.3.23.jar;C:\Users\Lakshmi\.m2\repository\org\mongodb\mongodb-driver\3.0.4\mongodb-driver-3.0.4.jar;C:\Users\Lakshmi\.m2\repository\org\mongodb\bson\3.0.4\bson-3.0.4.jar;C:\Users\Lakshmi\.m2\repository\org\mongodb\mongodb-driver-core\3.0.4\mongodb-driver-core-3.0.4.jar;C:\Users\Lakshmi\.m2\repository\log4j\log4j\1.2.17\log4j-1.2.17.jar;C:\Users\Lakshmi\.m2\repository\org\apache\maven\surefire\surefire-testng-utils\2.20\surefire-testng-utils-2.20.jar;C:\Users\Lakshmi\.m2\repository\org\apache\maven\surefire\surefire-grouper\2.20\surefire-grouper-2.20.jar;"/>
    <property name="java.specification.name" value="Java Platform API Specification"/>
    <property name="java.class.version" value="52.0"/>
    <property name="sun.management.compiler" value="HotSpot 64-Bit Tiered Compilers"/>
    <property name="os.version" value="10.0"/>
    <property name="user.home" value="C:\Users\Lakshmi"/>
    <property name="user.timezone" value="Europe/London"/>
    <property name="java.awt.printerjob" value="sun.awt.windows.WPrinterJob"/>
    <property name="java.specification.version" value="1.8"/>
    <property name="file.encoding" value="Cp1252"/>
    <property name="user.name" value="Lakshmi"/>
    <property name="java.class.path" value="/C:/Users/Lakshmi/Downloads/eclipse-jee-neon-3-win32-x86_64/eclipse/plugins/org.eclipse.m2e.maven.runtime_1.7.0.20160603-1931/jars/plexus-classworlds-2.5.2.jar"/>
    <property name="java.vm.specification.version" value="1.8"/>
    <property name="sun.arch.data.model" value="64"/>
    <property name="java.home" value="C:\Program Files\Java\jdk1.8.0_131\jre"/>
    <property name="sun.java.command" value="org.codehaus.plexus.classworlds.launcher.Launcher -B test"/>
    <property name="java.specification.vendor" value="Oracle Corporation"/>
    <property name="user.language" value="en"/>
    <property name="awt.toolkit" value="sun.awt.windows.WToolkit"/>
    <property name="java.vm.info" value="mixed mode"/>
    <property name="java.version" value="1.8.0_131"/>
    <property name="java.ext.dirs" value="C:\Program Files\Java\jdk1.8.0_131\jre\lib\ext;C:\WINDOWS\Sun\Java\lib\ext"/>
    <property name="sun.boot.class.path" value="C:\Program Files\Java\jdk1.8.0_131\jre\lib\resources.jar;C:\Program Files\Java\jdk1.8.0_131\jre\lib\rt.jar;C:\Program Files\Java\jdk1.8.0_131\jre\lib\sunrsasign.jar;C:\Program Files\Java\jdk1.8.0_131\jre\lib\jsse.jar;C:\Program Files\Java\jdk1.8.0_131\jre\lib\jce.jar;C:\Program Files\Java\jdk1.8.0_131\jre\lib\charsets.jar;C:\Program Files\Java\jdk1.8.0_131\jre\lib\jfr.jar;C:\Program Files\Java\jdk1.8.0_131\jre\classes"/>
    <property name="webdriver.chrome.driver" value="ChromeDriver//chromedriver.exe"/>
    <property name="java.vendor" value="Oracle Corporation"/>
    <property name="maven.home" value="C:\Assignment\NewTours-FunctionalTests\EMBEDDED"/>
    <property name="localRepository" value="C:\Users\Lakshmi\.m2\repository"/>
    <property name="file.separator" value="\"/>
    <property name="java.vendor.url.bug" value="http://bugreport.sun.com/bugreport/"/>
    <property name="sun.cpu.endian" value="little"/>
    <property name="sun.io.unicode.encoding" value="UnicodeLittle"/>
    <property name="sun.desktop" value="windows"/>
    <property name="sun.cpu.isalist" value="amd64"/>
  </properties>
  <testcase name="verifyURLLaunchTest" classname="com.newtour.LoginKeyfunctional.testcases.TC_KF_LG_01_VerifyHomePageLoginTest" time="1.944"/>
  <testcase name="verifyHomePageTitleTest" classname="com.newtour.LoginKeyfunctional.testcases.TC_KF_LG_01_VerifyHomePageLoginTest" time="0.024"/>
  <testcase name="verifyHomePageLogoTest" classname="com.newtour.LoginKeyfunctional.testcases.TC_KF_LG_01_VerifyHomePageLoginTest" time="2.541"/>
  <testcase name="verifyValidCredentialsTest" classname="com.newtour.LoginKeyfunctional.testcases.TC_KF_LG_01_VerifyHomePageLoginTest" time="19.904"/>
  <testcase name="verifyIsLoginSuccessfulTest" classname="com.newtour.LoginKeyfunctional.testcases.TC_KF_LG_01_VerifyHomePageLoginTest" time="0.137"/>
  <testcase name="verifySignOffTest" classname="com.newtour.LoginKeyfunctional.testcases.TC_KF_LG_01_VerifyHomePageLoginTest" time="11.57"/>
  <testcase name="verifyURLLaunchTest" classname="com.newtour.LoginKeyfunctional.testcases.TC_KF_LG_02_VerifySignOnPageLoginTest" time="3.161"/>
  <testcase name="verifySignonClickTest" classname="com.newtour.LoginKeyfunctional.testcases.TC_KF_LG_02_VerifySignOnPageLoginTest" time="15.115"/>
  <testcase name="verifySignOnPageTitleTest" classname="com.newtour.LoginKeyfunctional.testcases.TC_KF_LG_02_VerifySignOnPageLoginTest" time="0.016"/>
  <testcase name="verifySignOnPageLogoTest" classname="com.newtour.LoginKeyfunctional.testcases.TC_KF_LG_02_VerifySignOnPageLoginTest" time="2.155"/>
  <testcase name="verifyValidCredentialsTest" classname="com.newtour.LoginKeyfunctional.testcases.TC_KF_LG_02_VerifySignOnPageLoginTest" time="23.147"/>
  <testcase name="verifyIsLoginSuccessfulTest" classname="com.newtour.LoginKeyfunctional.testcases.TC_KF_LG_02_VerifySignOnPageLoginTest" time="2.984"/>
  <testcase name="verifySignOffTest" classname="com.newtour.LoginKeyfunctional.testcases.TC_KF_LG_02_VerifySignOnPageLoginTest" time="11.597"/>
  <testcase name="verifyURLLaunchTest" classname="com.newtour.LoginKeyfunctional.testcases.TC_KF_LG_03_VerifySignOnPageInvalidLoginTest" time="1.865"/>
  <testcase name="verifySignonClickTest" classname="com.newtour.LoginKeyfunctional.testcases.TC_KF_LG_03_VerifySignOnPageInvalidLoginTest" time="14.174"/>
  <testcase name="verifySignOnPageTitleTest" classname="com.newtour.LoginKeyfunctional.testcases.TC_KF_LG_03_VerifySignOnPageInvalidLoginTest" time="0.014"/>
  <testcase name="verifySignOnPageLogoTest" classname="com.newtour.LoginKeyfunctional.testcases.TC_KF_LG_03_VerifySignOnPageInvalidLoginTest" time="2.232"/>
  <testcase name="verifyValidCredentialsTest" classname="com.newtour.LoginKeyfunctional.testcases.TC_KF_LG_03_VerifySignOnPageInvalidLoginTest" time="21.103"/>
  <testcase name="verifyIsLoginSuccessfulTest" classname="com.newtour.LoginKeyfunctional.testcases.TC_KF_LG_03_VerifySignOnPageInvalidLoginTest" time="0">
    <skipped message="no such element: Unable to locate element: {&quot;method&quot;:&quot;xpath&quot;,&quot;selector&quot;:&quot;//img[contains(@src,&apos;/images/masts/mast_flightfinder.gif&apos;)]&quot;}&#10;  (Session info: chrome=63.0.3239.132)&#10;  (Driver info: chromedriver=2.35.528161 (5b82f2d2aae0ca24b877009200ced9065a772e73),platform=Windows NT 10.0.16299 x86_64) (WARNING: The server did not provide any stacktrace information)&#10;Command duration or timeout: 2.04 seconds&#10;For documentation on this error, please visit: http://seleniumhq.org/exceptions/no_such_element.html&#10;Build info: version: &apos;3.4.0&apos;, revision: &apos;unknown&apos;, time: &apos;unknown&apos;&#10;System info: host: &apos;SEETHA&apos;, ip: &apos;192.168.0.2&apos;, os.name: &apos;Windows 10&apos;, os.arch: &apos;amd64&apos;, os.version: &apos;10.0&apos;, java.version: &apos;1.8.0_131&apos;&#10;Driver info: org.openqa.selenium.chrome.ChromeDriver&#10;Capabilities [{applicationCacheEnabled=false, rotatable=false, mobileEmulationEnabled=false, networkConnectionEnabled=false, chrome={chromedriverVersion=2.35.528161 (5b82f2d2aae0ca24b877009200ced9065a772e73), userDataDir=C:\Users\Lakshmi\AppData\Local\Temp\scoped_dir2624_12987}, takesHeapSnapshot=true, pageLoadStrategy=normal, databaseEnabled=false, handlesAlerts=true, hasTouchScreen=false, version=63.0.3239.132, platform=XP, browserConnectionEnabled=false, nativeEvents=true, acceptSslCerts=false, acceptInsecureCerts=false, locationContextEnabled=true, webStorageEnabled=true, browserName=chrome, takesScreenshot=true, javascriptEnabled=true, cssSelectorsEnabled=true, setWindowRect=true, unexpectedAlertBehaviour=}]&#10;Session ID: a4ffe343a2c06cc125aefead4e825a8e&#10;*** Element info: {Using=xpath, value=//img[contains(@src,&apos;/images/masts/mast_flightfinder.gif&apos;)]}"/>
    <system-out><![CDATA[Following test is failing====verifyIsLoginSuccessfulTest
Retrying the test Count is=== 1
]]></system-out>
  </testcase>
  <testcase name="verifyIsLoginSuccessfulTest" classname="com.newtour.LoginKeyfunctional.testcases.TC_KF_LG_03_VerifySignOnPageInvalidLoginTest" time="0">
    <skipped message="no such element: Unable to locate element: {&quot;method&quot;:&quot;xpath&quot;,&quot;selector&quot;:&quot;//img[contains(@src,&apos;/images/masts/mast_flightfinder.gif&apos;)]&quot;}&#10;  (Session info: chrome=63.0.3239.132)&#10;  (Driver info: chromedriver=2.35.528161 (5b82f2d2aae0ca24b877009200ced9065a772e73),platform=Windows NT 10.0.16299 x86_64) (WARNING: The server did not provide any stacktrace information)&#10;Command duration or timeout: 2.03 seconds&#10;For documentation on this error, please visit: http://seleniumhq.org/exceptions/no_such_element.html&#10;Build info: version: &apos;3.4.0&apos;, revision: &apos;unknown&apos;, time: &apos;unknown&apos;&#10;System info: host: &apos;SEETHA&apos;, ip: &apos;192.168.0.2&apos;, os.name: &apos;Windows 10&apos;, os.arch: &apos;amd64&apos;, os.version: &apos;10.0&apos;, java.version: &apos;1.8.0_131&apos;&#10;Driver info: org.openqa.selenium.chrome.ChromeDriver&#10;Capabilities [{applicationCacheEnabled=false, rotatable=false, mobileEmulationEnabled=false, networkConnectionEnabled=false, chrome={chromedriverVersion=2.35.528161 (5b82f2d2aae0ca24b877009200ced9065a772e73), userDataDir=C:\Users\Lakshmi\AppData\Local\Temp\scoped_dir2624_12987}, takesHeapSnapshot=true, pageLoadStrategy=normal, databaseEnabled=false, handlesAlerts=true, hasTouchScreen=false, version=63.0.3239.132, platform=XP, browserConnectionEnabled=false, nativeEvents=true, acceptSslCerts=false, acceptInsecureCerts=false, locationContextEnabled=true, webStorageEnabled=true, browserName=chrome, takesScreenshot=true, javascriptEnabled=true, cssSelectorsEnabled=true, setWindowRect=true, unexpectedAlertBehaviour=}]&#10;Session ID: a4ffe343a2c06cc125aefead4e825a8e&#10;*** Element info: {Using=xpath, value=//img[contains(@src,&apos;/images/masts/mast_flightfinder.gif&apos;)]}"/>
    <system-out><![CDATA[Following test is failing====verifyIsLoginSuccessfulTest
Retrying the test Count is=== 2
]]></system-out>
  </testcase>
  <testcase name="verifyIsLoginSuccessfulTest" classname="com.newtour.LoginKeyfunctional.testcases.TC_KF_LG_03_VerifySignOnPageInvalidLoginTest" time="0">
    <skipped message="no such element: Unable to locate element: {&quot;method&quot;:&quot;xpath&quot;,&quot;selector&quot;:&quot;//img[contains(@src,&apos;/images/masts/mast_flightfinder.gif&apos;)]&quot;}&#10;  (Session info: chrome=63.0.3239.132)&#10;  (Driver info: chromedriver=2.35.528161 (5b82f2d2aae0ca24b877009200ced9065a772e73),platform=Windows NT 10.0.16299 x86_64) (WARNING: The server did not provide any stacktrace information)&#10;Command duration or timeout: 2.04 seconds&#10;For documentation on this error, please visit: http://seleniumhq.org/exceptions/no_such_element.html&#10;Build info: version: &apos;3.4.0&apos;, revision: &apos;unknown&apos;, time: &apos;unknown&apos;&#10;System info: host: &apos;SEETHA&apos;, ip: &apos;192.168.0.2&apos;, os.name: &apos;Windows 10&apos;, os.arch: &apos;amd64&apos;, os.version: &apos;10.0&apos;, java.version: &apos;1.8.0_131&apos;&#10;Driver info: org.openqa.selenium.chrome.ChromeDriver&#10;Capabilities [{applicationCacheEnabled=false, rotatable=false, mobileEmulationEnabled=false, networkConnectionEnabled=false, chrome={chromedriverVersion=2.35.528161 (5b82f2d2aae0ca24b877009200ced9065a772e73), userDataDir=C:\Users\Lakshmi\AppData\Local\Temp\scoped_dir2624_12987}, takesHeapSnapshot=true, pageLoadStrategy=normal, databaseEnabled=false, handlesAlerts=true, hasTouchScreen=false, version=63.0.3239.132, platform=XP, browserConnectionEnabled=false, nativeEvents=true, acceptSslCerts=false, acceptInsecureCerts=false, locationContextEnabled=true, webStorageEnabled=true, browserName=chrome, takesScreenshot=true, javascriptEnabled=true, cssSelectorsEnabled=true, setWindowRect=true, unexpectedAlertBehaviour=}]&#10;Session ID: a4ffe343a2c06cc125aefead4e825a8e&#10;*** Element info: {Using=xpath, value=//img[contains(@src,&apos;/images/masts/mast_flightfinder.gif&apos;)]}"/>
    <system-out><![CDATA[Following test is failing====verifyIsLoginSuccessfulTest
Retrying the test Count is=== 3
]]></system-out>
  </testcase>
  <testcase name="verifyIsLoginSuccessfulTest" classname="com.newtour.LoginKeyfunctional.testcases.TC_KF_LG_03_VerifySignOnPageInvalidLoginTest" time="2.03">
    <failure message="no such element: Unable to locate element: {&quot;method&quot;:&quot;xpath&quot;,&quot;selector&quot;:&quot;//img[contains(@src,&apos;/images/masts/mast_flightfinder.gif&apos;)]&quot;}&#10;  (Session info: chrome=63.0.3239.132)&#10;  (Driver info: chromedriver=2.35.528161 (5b82f2d2aae0ca24b877009200ced9065a772e73),platform=Windows NT 10.0.16299 x86_64) (WARNING: The server did not provide any stacktrace information)&#10;Command duration or timeout: 2.03 seconds&#10;For documentation on this error, please visit: http://seleniumhq.org/exceptions/no_such_element.html&#10;Build info: version: &apos;3.4.0&apos;, revision: &apos;unknown&apos;, time: &apos;unknown&apos;&#10;System info: host: &apos;SEETHA&apos;, ip: &apos;192.168.0.2&apos;, os.name: &apos;Windows 10&apos;, os.arch: &apos;amd64&apos;, os.version: &apos;10.0&apos;, java.version: &apos;1.8.0_131&apos;&#10;Driver info: org.openqa.selenium.chrome.ChromeDriver&#10;Capabilities [{applicationCacheEnabled=false, rotatable=false, mobileEmulationEnabled=false, networkConnectionEnabled=false, chrome={chromedriverVersion=2.35.528161 (5b82f2d2aae0ca24b877009200ced9065a772e73), userDataDir=C:\Users\Lakshmi\AppData\Local\Temp\scoped_dir2624_12987}, takesHeapSnapshot=true, pageLoadStrategy=normal, databaseEnabled=false, handlesAlerts=true, hasTouchScreen=false, version=63.0.3239.132, platform=XP, browserConnectionEnabled=false, nativeEvents=true, acceptSslCerts=false, acceptInsecureCerts=false, locationContextEnabled=true, webStorageEnabled=true, browserName=chrome, takesScreenshot=true, javascriptEnabled=true, cssSelectorsEnabled=true, setWindowRect=true, unexpectedAlertBehaviour=}]&#10;Session ID: a4ffe343a2c06cc125aefead4e825a8e&#10;*** Element info: {Using=xpath, value=//img[contains(@src,&apos;/images/masts/mast_flightfinder.gif&apos;)]}" type="org.openqa.selenium.NoSuchElementException">org.openqa.selenium.NoSuchElementException: 
no such element: Unable to locate element: {"method":"xpath","selector":"//img[contains(@src,'/images/masts/mast_flightfinder.gif')]"}
  (Session info: chrome=63.0.3239.132)
  (Driver info: chromedriver=2.35.528161 (5b82f2d2aae0ca24b877009200ced9065a772e73),platform=Windows NT 10.0.16299 x86_64) (WARNING: The server did not provide any stacktrace information)
Command duration or timeout: 2.03 seconds
For documentation on this error, please visit: http://seleniumhq.org/exceptions/no_such_element.html
Build info: version: '3.4.0', revision: 'unknown', time: 'unknown'
System info: host: 'SEETHA', ip: '192.168.0.2', os.name: 'Windows 10', os.arch: 'amd64', os.version: '10.0', java.version: '1.8.0_131'
Driver info: org.openqa.selenium.chrome.ChromeDriver
Capabilities [{applicationCacheEnabled=false, rotatable=false, mobileEmulationEnabled=false, networkConnectionEnabled=false, chrome={chromedriverVersion=2.35.528161 (5b82f2d2aae0ca24b877009200ced9065a772e73), userDataDir=C:\Users\Lakshmi\AppData\Local\Temp\scoped_dir2624_12987}, takesHeapSnapshot=true, pageLoadStrategy=normal, databaseEnabled=false, handlesAlerts=true, hasTouchScreen=false, version=63.0.3239.132, platform=XP, browserConnectionEnabled=false, nativeEvents=true, acceptSslCerts=false, acceptInsecureCerts=false, locationContextEnabled=true, webStorageEnabled=true, browserName=chrome, takesScreenshot=true, javascriptEnabled=true, cssSelectorsEnabled=true, setWindowRect=true, unexpectedAlertBehaviour=}]
Session ID: a4ffe343a2c06cc125aefead4e825a8e
*** Element info: {Using=xpath, value=//img[contains(@src,'/images/masts/mast_flightfinder.gif')]}
	at com.newtour.LoginKeyfunctional.testcases.TC_KF_LG_03_VerifySignOnPageInvalidLoginTest.verifyIsLoginSuccessfulTest(TC_KF_LG_03_VerifySignOnPageInvalidLoginTest.java:82)
</failure>
  </testcase>
  <testcase name="verifySignOffTest" classname="com.newtour.LoginKeyfunctional.testcases.TC_KF_LG_03_VerifySignOnPageInvalidLoginTest" time="0">
    <skipped message="Method TC_KF_LG_03_VerifySignOnPageInvalidLoginTest.verifySignOffTest()[pri:6, instance:com.newtour.LoginKeyfunctional.testcases.TC_KF_LG_03_VerifySignOnPageInvalidLoginTest@3b24087d] depends on not successfully finished methods"/>
    <system-out><![CDATA[2
pass
pass
2018-02-15 23-42-38-832.png
]]></system-out>
  </testcase>
  <testcase name="verifyURLLaunchTest" classname="com.newtour.LoginKeyfunctional.testcases.TC_KF_LG_04_VerifyRegistrationViaSignOnPageTest" time="2.195"/>
  <testcase name="verifySignonClickTest" classname="com.newtour.LoginKeyfunctional.testcases.TC_KF_LG_04_VerifyRegistrationViaSignOnPageTest" time="13.569"/>
  <testcase name="verifyNavigationToRegistrationTest" classname="com.newtour.LoginKeyfunctional.testcases.TC_KF_LG_04_VerifyRegistrationViaSignOnPageTest" time="12.919"/>
  <testcase name="verifyRegisterPageLogoTest" classname="com.newtour.LoginKeyfunctional.testcases.TC_KF_LG_04_VerifyRegistrationViaSignOnPageTest" time="2.201"/>
  <testcase name="verifyLaunchURLTest" classname="com.newtour.flightfinderfunctional.testcases.TC_KF_FF_01_VerifyOneWayFlightSearchTest" time="3.994"/>
  <testcase name="verifyCredentialsTest" classname="com.newtour.flightfinderfunctional.testcases.TC_KF_FF_01_VerifyOneWayFlightSearchTest" time="19.56"/>
  <testcase name="verifyOneWayFlightSearchTest" classname="com.newtour.flightfinderfunctional.testcases.TC_KF_FF_01_VerifyOneWayFlightSearchTest" time="64.37"/>
  <testcase name="verifyFlightSearch" classname="com.newtour.flightfinderfunctional.testcases.TC_KF_FF_01_VerifyOneWayFlightSearchTest" time="2.212"/>
  <testcase name="verifyFlightDetailsList" classname="com.newtour.flightfinderfunctional.testcases.TC_KF_FF_01_VerifyOneWayFlightSearchTest" time="18.915"/>
  <testcase name="verifyReserveFlights" classname="com.newtour.flightfinderfunctional.testcases.TC_KF_FF_01_VerifyOneWayFlightSearchTest" time="4.392"/>
  <testcase name="verifySignOffTest" classname="com.newtour.flightfinderfunctional.testcases.TC_KF_FF_01_VerifyOneWayFlightSearchTest" time="10.763"/>
  <testcase name="verifyLaunchURLTest" classname="com.newtour.flightfinderfunctional.testcases.TC_KF_FF_02_VerifyRoundTripFlightSearchTest" time="1.726"/>
  <testcase name="verifyCredentialsTest" classname="com.newtour.flightfinderfunctional.testcases.TC_KF_FF_02_VerifyRoundTripFlightSearchTest" time="19.524"/>
  <testcase name="verifyRoundTripFlightSearchTest" classname="com.newtour.flightfinderfunctional.testcases.TC_KF_FF_02_VerifyRoundTripFlightSearchTest" time="55.166"/>
  <testcase name="verifyFlightSearch" classname="com.newtour.flightfinderfunctional.testcases.TC_KF_FF_02_VerifyRoundTripFlightSearchTest" time="2.484"/>
  <testcase name="verifyFlightDetailsList" classname="com.newtour.flightfinderfunctional.testcases.TC_KF_FF_02_VerifyRoundTripFlightSearchTest" time="16.549"/>
  <testcase name="verifyReserveFlights" classname="com.newtour.flightfinderfunctional.testcases.TC_KF_FF_02_VerifyRoundTripFlightSearchTest" time="2.126"/>
  <testcase name="verifySignOffTest" classname="com.newtour.flightfinderfunctional.testcases.TC_KF_FF_02_VerifyRoundTripFlightSearchTest" time="10.147"/>
  <testcase name="verifyLaunchURLTest" classname="com.newtour.flightfinderfunctional.testcases.TC_KF_FF_03_VerifyFlightFinderPageNavigationsTest" time="1.966"/>
  <testcase name="verifyCredentialsTest" classname="com.newtour.flightfinderfunctional.testcases.TC_KF_FF_03_VerifyFlightFinderPageNavigationsTest" time="19.197"/>
  <testcase name="verifyOneWayFlightSearchTest" classname="com.newtour.flightfinderfunctional.testcases.TC_KF_FF_03_VerifyFlightFinderPageNavigationsTest" time="61.022"/>
  <testcase name="verifyFlightSearch" classname="com.newtour.flightfinderfunctional.testcases.TC_KF_FF_03_VerifyFlightFinderPageNavigationsTest" time="2.193"/>
  <testcase name="verifyNavigateBack" classname="com.newtour.flightfinderfunctional.testcases.TC_KF_FF_03_VerifyFlightFinderPageNavigationsTest" time="4.716"/>
  <testcase name="verifyNavigateForward" classname="com.newtour.flightfinderfunctional.testcases.TC_KF_FF_03_VerifyFlightFinderPageNavigationsTest" time="0">
    <skipped message="no such element: Unable to locate element: {&quot;method&quot;:&quot;xpath&quot;,&quot;selector&quot;:&quot;//img[contains(@src,&apos;/images/masts/mast_selectflight.gif&apos;)]&quot;}&#10;  (Session info: chrome=63.0.3239.132)&#10;  (Driver info: chromedriver=2.35.528161 (5b82f2d2aae0ca24b877009200ced9065a772e73),platform=Windows NT 10.0.16299 x86_64) (WARNING: The server did not provide any stacktrace information)&#10;Command duration or timeout: 2.07 seconds&#10;For documentation on this error, please visit: http://seleniumhq.org/exceptions/no_such_element.html&#10;Build info: version: &apos;3.4.0&apos;, revision: &apos;unknown&apos;, time: &apos;unknown&apos;&#10;System info: host: &apos;SEETHA&apos;, ip: &apos;192.168.0.2&apos;, os.name: &apos;Windows 10&apos;, os.arch: &apos;amd64&apos;, os.version: &apos;10.0&apos;, java.version: &apos;1.8.0_131&apos;&#10;Driver info: org.openqa.selenium.chrome.ChromeDriver&#10;Capabilities [{applicationCacheEnabled=false, rotatable=false, mobileEmulationEnabled=false, networkConnectionEnabled=false, chrome={chromedriverVersion=2.35.528161 (5b82f2d2aae0ca24b877009200ced9065a772e73), userDataDir=C:\Users\Lakshmi\AppData\Local\Temp\scoped_dir15716_11685}, takesHeapSnapshot=true, pageLoadStrategy=normal, databaseEnabled=false, handlesAlerts=true, hasTouchScreen=false, version=63.0.3239.132, platform=XP, browserConnectionEnabled=false, nativeEvents=true, acceptSslCerts=false, acceptInsecureCerts=false, locationContextEnabled=true, webStorageEnabled=true, browserName=chrome, takesScreenshot=true, javascriptEnabled=true, cssSelectorsEnabled=true, setWindowRect=true, unexpectedAlertBehaviour=}]&#10;Session ID: 1d9a814097dbc8c28c5460e9d9d21e9d&#10;*** Element info: {Using=xpath, value=//img[contains(@src,&apos;/images/masts/mast_selectflight.gif&apos;)]}"/>
    <system-out><![CDATA[Following test is failing====verifyNavigateForward
Retrying the test Count is=== 1
]]></system-out>
  </testcase>
  <testcase name="verifyNavigateForward" classname="com.newtour.flightfinderfunctional.testcases.TC_KF_FF_03_VerifyFlightFinderPageNavigationsTest" time="0">
    <skipped message="no such element: Unable to locate element: {&quot;method&quot;:&quot;xpath&quot;,&quot;selector&quot;:&quot;//img[contains(@src,&apos;/images/masts/mast_selectflight.gif&apos;)]&quot;}&#10;  (Session info: chrome=63.0.3239.132)&#10;  (Driver info: chromedriver=2.35.528161 (5b82f2d2aae0ca24b877009200ced9065a772e73),platform=Windows NT 10.0.16299 x86_64) (WARNING: The server did not provide any stacktrace information)&#10;Command duration or timeout: 2.06 seconds&#10;For documentation on this error, please visit: http://seleniumhq.org/exceptions/no_such_element.html&#10;Build info: version: &apos;3.4.0&apos;, revision: &apos;unknown&apos;, time: &apos;unknown&apos;&#10;System info: host: &apos;SEETHA&apos;, ip: &apos;192.168.0.2&apos;, os.name: &apos;Windows 10&apos;, os.arch: &apos;amd64&apos;, os.version: &apos;10.0&apos;, java.version: &apos;1.8.0_131&apos;&#10;Driver info: org.openqa.selenium.chrome.ChromeDriver&#10;Capabilities [{applicationCacheEnabled=false, rotatable=false, mobileEmulationEnabled=false, networkConnectionEnabled=false, chrome={chromedriverVersion=2.35.528161 (5b82f2d2aae0ca24b877009200ced9065a772e73), userDataDir=C:\Users\Lakshmi\AppData\Local\Temp\scoped_dir15716_11685}, takesHeapSnapshot=true, pageLoadStrategy=normal, databaseEnabled=false, handlesAlerts=true, hasTouchScreen=false, version=63.0.3239.132, platform=XP, browserConnectionEnabled=false, nativeEvents=true, acceptSslCerts=false, acceptInsecureCerts=false, locationContextEnabled=true, webStorageEnabled=true, browserName=chrome, takesScreenshot=true, javascriptEnabled=true, cssSelectorsEnabled=true, setWindowRect=true, unexpectedAlertBehaviour=}]&#10;Session ID: 1d9a814097dbc8c28c5460e9d9d21e9d&#10;*** Element info: {Using=xpath, value=//img[contains(@src,&apos;/images/masts/mast_selectflight.gif&apos;)]}"/>
    <system-out><![CDATA[Following test is failing====verifyNavigateForward
Retrying the test Count is=== 2
]]></system-out>
  </testcase>
  <testcase name="verifyNavigateForward" classname="com.newtour.flightfinderfunctional.testcases.TC_KF_FF_03_VerifyFlightFinderPageNavigationsTest" time="0">
    <skipped message="no such element: Unable to locate element: {&quot;method&quot;:&quot;xpath&quot;,&quot;selector&quot;:&quot;//img[contains(@src,&apos;/images/masts/mast_selectflight.gif&apos;)]&quot;}&#10;  (Session info: chrome=63.0.3239.132)&#10;  (Driver info: chromedriver=2.35.528161 (5b82f2d2aae0ca24b877009200ced9065a772e73),platform=Windows NT 10.0.16299 x86_64) (WARNING: The server did not provide any stacktrace information)&#10;Command duration or timeout: 2.07 seconds&#10;For documentation on this error, please visit: http://seleniumhq.org/exceptions/no_such_element.html&#10;Build info: version: &apos;3.4.0&apos;, revision: &apos;unknown&apos;, time: &apos;unknown&apos;&#10;System info: host: &apos;SEETHA&apos;, ip: &apos;192.168.0.2&apos;, os.name: &apos;Windows 10&apos;, os.arch: &apos;amd64&apos;, os.version: &apos;10.0&apos;, java.version: &apos;1.8.0_131&apos;&#10;Driver info: org.openqa.selenium.chrome.ChromeDriver&#10;Capabilities [{applicationCacheEnabled=false, rotatable=false, mobileEmulationEnabled=false, networkConnectionEnabled=false, chrome={chromedriverVersion=2.35.528161 (5b82f2d2aae0ca24b877009200ced9065a772e73), userDataDir=C:\Users\Lakshmi\AppData\Local\Temp\scoped_dir15716_11685}, takesHeapSnapshot=true, pageLoadStrategy=normal, databaseEnabled=false, handlesAlerts=true, hasTouchScreen=false, version=63.0.3239.132, platform=XP, browserConnectionEnabled=false, nativeEvents=true, acceptSslCerts=false, acceptInsecureCerts=false, locationContextEnabled=true, webStorageEnabled=true, browserName=chrome, takesScreenshot=true, javascriptEnabled=true, cssSelectorsEnabled=true, setWindowRect=true, unexpectedAlertBehaviour=}]&#10;Session ID: 1d9a814097dbc8c28c5460e9d9d21e9d&#10;*** Element info: {Using=xpath, value=//img[contains(@src,&apos;/images/masts/mast_selectflight.gif&apos;)]}"/>
    <system-out><![CDATA[Following test is failing====verifyNavigateForward
Retrying the test Count is=== 3
]]></system-out>
  </testcase>
  <testcase name="verifyNavigateForward" classname="com.newtour.flightfinderfunctional.testcases.TC_KF_FF_03_VerifyFlightFinderPageNavigationsTest" time="4.159">
    <failure message="no such element: Unable to locate element: {&quot;method&quot;:&quot;xpath&quot;,&quot;selector&quot;:&quot;//img[contains(@src,&apos;/images/masts/mast_selectflight.gif&apos;)]&quot;}&#10;  (Session info: chrome=63.0.3239.132)&#10;  (Driver info: chromedriver=2.35.528161 (5b82f2d2aae0ca24b877009200ced9065a772e73),platform=Windows NT 10.0.16299 x86_64) (WARNING: The server did not provide any stacktrace information)&#10;Command duration or timeout: 2.07 seconds&#10;For documentation on this error, please visit: http://seleniumhq.org/exceptions/no_such_element.html&#10;Build info: version: &apos;3.4.0&apos;, revision: &apos;unknown&apos;, time: &apos;unknown&apos;&#10;System info: host: &apos;SEETHA&apos;, ip: &apos;192.168.0.2&apos;, os.name: &apos;Windows 10&apos;, os.arch: &apos;amd64&apos;, os.version: &apos;10.0&apos;, java.version: &apos;1.8.0_131&apos;&#10;Driver info: org.openqa.selenium.chrome.ChromeDriver&#10;Capabilities [{applicationCacheEnabled=false, rotatable=false, mobileEmulationEnabled=false, networkConnectionEnabled=false, chrome={chromedriverVersion=2.35.528161 (5b82f2d2aae0ca24b877009200ced9065a772e73), userDataDir=C:\Users\Lakshmi\AppData\Local\Temp\scoped_dir15716_11685}, takesHeapSnapshot=true, pageLoadStrategy=normal, databaseEnabled=false, handlesAlerts=true, hasTouchScreen=false, version=63.0.3239.132, platform=XP, browserConnectionEnabled=false, nativeEvents=true, acceptSslCerts=false, acceptInsecureCerts=false, locationContextEnabled=true, webStorageEnabled=true, browserName=chrome, takesScreenshot=true, javascriptEnabled=true, cssSelectorsEnabled=true, setWindowRect=true, unexpectedAlertBehaviour=}]&#10;Session ID: 1d9a814097dbc8c28c5460e9d9d21e9d&#10;*** Element info: {Using=xpath, value=//img[contains(@src,&apos;/images/masts/mast_selectflight.gif&apos;)]}" type="org.openqa.selenium.NoSuchElementException">org.openqa.selenium.NoSuchElementException: 
no such element: Unable to locate element: {"method":"xpath","selector":"//img[contains(@src,'/images/masts/mast_selectflight.gif')]"}
  (Session info: chrome=63.0.3239.132)
  (Driver info: chromedriver=2.35.528161 (5b82f2d2aae0ca24b877009200ced9065a772e73),platform=Windows NT 10.0.16299 x86_64) (WARNING: The server did not provide any stacktrace information)
Command duration or timeout: 2.07 seconds
For documentation on this error, please visit: http://seleniumhq.org/exceptions/no_such_element.html
Build info: version: '3.4.0', revision: 'unknown', time: 'unknown'
System info: host: 'SEETHA', ip: '192.168.0.2', os.name: 'Windows 10', os.arch: 'amd64', os.version: '10.0', java.version: '1.8.0_131'
Driver info: org.openqa.selenium.chrome.ChromeDriver
Capabilities [{applicationCacheEnabled=false, rotatable=false, mobileEmulationEnabled=false, networkConnectionEnabled=false, chrome={chromedriverVersion=2.35.528161 (5b82f2d2aae0ca24b877009200ced9065a772e73), userDataDir=C:\Users\Lakshmi\AppData\Local\Temp\scoped_dir15716_11685}, takesHeapSnapshot=true, pageLoadStrategy=normal, databaseEnabled=false, handlesAlerts=true, hasTouchScreen=false, version=63.0.3239.132, platform=XP, browserConnectionEnabled=false, nativeEvents=true, acceptSslCerts=false, acceptInsecureCerts=false, locationContextEnabled=true, webStorageEnabled=true, browserName=chrome, takesScreenshot=true, javascriptEnabled=true, cssSelectorsEnabled=true, setWindowRect=true, unexpectedAlertBehaviour=}]
Session ID: 1d9a814097dbc8c28c5460e9d9d21e9d
*** Element info: {Using=xpath, value=//img[contains(@src,'/images/masts/mast_selectflight.gif')]}
	at com.newtour.flightfinderfunctional.testcases.TC_KF_FF_03_VerifyFlightFinderPageNavigationsTest.verifyNavigateForward(TC_KF_FF_03_VerifyFlightFinderPageNavigationsTest.java:80)
</failure>
  </testcase>
  <testcase name="verifySignOffTest" classname="com.newtour.flightfinderfunctional.testcases.TC_KF_FF_03_VerifyFlightFinderPageNavigationsTest" time="0">
    <skipped message="Method TC_KF_FF_03_VerifyFlightFinderPageNavigationsTest.verifySignOffTest()[pri:6, instance:com.newtour.flightfinderfunctional.testcases.TC_KF_FF_03_VerifyFlightFinderPageNavigationsTest@78da899f] depends on not successfully finished methods"/>
    <system-out><![CDATA[2
pass
pass
2018-02-15 23-49-11-217.png
]]></system-out>
  </testcase>
</testsuite>