<?xml version="1.0" encoding="UTF-8"?>
<testng-results skipped="1" failed="1" total="7" passed="5">
  <reporter-output>
  </reporter-output>
  <suite name="Default suite" duration-ms="74558" started-at="2018-02-15T23:35:48Z" finished-at="2018-02-15T23:37:03Z">
    <groups>
    </groups>
    <test name="Default test" duration-ms="74558" started-at="2018-02-15T23:35:48Z" finished-at="2018-02-15T23:37:03Z">
      <class name="com.newtour.flightfinderfunctional.testcases.TC_KF_FF_03_VerifyFlightFinderPageNavigationsTest">
        <test-method status="PASS" signature="before()[pri:0, instance:com.newtour.flightfinderfunctional.testcases.TC_KF_FF_03_VerifyFlightFinderPageNavigationsTest@67b92f0a]" name="before" is-config="true" duration-ms="5472" started-at="2018-02-15T23:35:48Z" finished-at="2018-02-15T23:35:54Z">
          <reporter-output>
          </reporter-output>
        </test-method> <!-- before -->
        <test-method status="PASS" signature="setUp()[pri:0, instance:com.newtour.flightfinderfunctional.testcases.TC_KF_FF_03_VerifyFlightFinderPageNavigationsTest@67b92f0a]" name="setUp" is-config="true" duration-ms="0" started-at="2018-02-15T23:35:54Z" finished-at="2018-02-15T23:35:54Z">
          <reporter-output>
          </reporter-output>
        </test-method> <!-- setUp -->
        <test-method status="PASS" signature="verifyLaunchURLTest()[pri:0, instance:com.newtour.flightfinderfunctional.testcases.TC_KF_FF_03_VerifyFlightFinderPageNavigationsTest@67b92f0a]" name="verifyLaunchURLTest" duration-ms="1425" started-at="2018-02-15T23:35:54Z" finished-at="2018-02-15T23:35:55Z">
          <reporter-output>
          </reporter-output>
        </test-method> <!-- verifyLaunchURLTest -->
        <test-method status="PASS" signature="takeScreenShotOnFailure(org.testng.ITestResult)[pri:0, instance:com.newtour.flightfinderfunctional.testcases.TC_KF_FF_03_VerifyFlightFinderPageNavigationsTest@67b92f0a]" name="takeScreenShotOnFailure" is-config="true" duration-ms="1" started-at="2018-02-15T23:35:55Z" finished-at="2018-02-15T23:35:55Z">
          <params>
            <param index="0">
              <value>
                <![CDATA[[TestResult name=verifyLaunchURLTest status=SUCCESS method=TC_KF_FF_03_VerifyFlightFinderPageNavigationsTest.verifyLaunchURLTest()[pri:0, instance:com.newtour.flightfinderfunctional.testcases.TC_KF_FF_03_VerifyFlightFinderPageNavigationsTest@67b92f0a] output={null}]]]>
              </value>
            </param>
          </params>
          <reporter-output>
          </reporter-output>
        </test-method> <!-- takeScreenShotOnFailure -->
        <test-method status="PASS" signature="verifyCredentialsTest(java.lang.String, java.lang.String)[pri:1, instance:com.newtour.flightfinderfunctional.testcases.TC_KF_FF_03_VerifyFlightFinderPageNavigationsTest@67b92f0a]" name="verifyCredentialsTest" duration-ms="13232" started-at="2018-02-15T23:35:56Z" data-provider="getTestData" depends-on-methods="com.newtour.flightfinderfunctional.testcases.TC_KF_FF_03_VerifyFlightFinderPageNavigationsTest.verifyLaunchURLTest" finished-at="2018-02-15T23:36:09Z">
          <params>
            <param index="0">
              <value>
                <![CDATA[lakshmi12]]>
              </value>
            </param>
            <param index="1">
              <value>
                <![CDATA[Yourdreamsaremine0]]>
              </value>
            </param>
          </params>
          <reporter-output>
          </reporter-output>
        </test-method> <!-- verifyCredentialsTest -->
        <test-method status="PASS" signature="takeScreenShotOnFailure(org.testng.ITestResult)[pri:0, instance:com.newtour.flightfinderfunctional.testcases.TC_KF_FF_03_VerifyFlightFinderPageNavigationsTest@67b92f0a]" name="takeScreenShotOnFailure" is-config="true" duration-ms="1" started-at="2018-02-15T23:36:09Z" finished-at="2018-02-15T23:36:09Z">
          <params>
            <param index="0">
              <value>
                <![CDATA[[TestResult name=verifyCredentialsTest status=SUCCESS method=TC_KF_FF_03_VerifyFlightFinderPageNavigationsTest.verifyCredentialsTest(java.lang.String, java.lang.String)[pri:1, instance:com.newtour.flightfinderfunctional.testcases.TC_KF_FF_03_VerifyFlightFinderPageNavigationsTest@67b92f0a] output={null}]]]>
              </value>
            </param>
          </params>
          <reporter-output>
          </reporter-output>
        </test-method> <!-- takeScreenShotOnFailure -->
        <test-method status="PASS" signature="verifyOneWayFlightSearchTest(java.lang.String, java.lang.String, java.lang.String, java.lang.String, java.lang.String, java.lang.String, java.lang.String, java.lang.String, java.lang.String)[pri:2, instance:com.newtour.flightfinderfunctional.testcases.TC_KF_FF_03_VerifyFlightFinderPageNavigationsTest@67b92f0a]" name="verifyOneWayFlightSearchTest" duration-ms="40360" started-at="2018-02-15T23:36:09Z" data-provider="getJourneyTestData" depends-on-methods="com.newtour.flightfinderfunctional.testcases.TC_KF_FF_03_VerifyFlightFinderPageNavigationsTest.verifyCredentialsTest" finished-at="2018-02-15T23:36:50Z">
          <params>
            <param index="0">
              <value>
                <![CDATA[1.0]]>
              </value>
            </param>
            <param index="1">
              <value>
                <![CDATA[Frankfurt]]>
              </value>
            </param>
            <param index="2">
              <value>
                <![CDATA[March]]>
              </value>
            </param>
            <param index="3">
              <value>
                <![CDATA[12.0]]>
              </value>
            </param>
            <param index="4">
              <value>
                <![CDATA[Zurich]]>
              </value>
            </param>
            <param index="5">
              <value>
                <![CDATA[May]]>
              </value>
            </param>
            <param index="6">
              <value>
                <![CDATA[10.0]]>
              </value>
            </param>
            <param index="7">
              <value>
                <![CDATA[Business]]>
              </value>
            </param>
            <param index="8">
              <value>
                <![CDATA[Unified Airlines]]>
              </value>
            </param>
          </params>
          <reporter-output>
          </reporter-output>
        </test-method> <!-- verifyOneWayFlightSearchTest -->
        <test-method status="PASS" signature="takeScreenShotOnFailure(org.testng.ITestResult)[pri:0, instance:com.newtour.flightfinderfunctional.testcases.TC_KF_FF_03_VerifyFlightFinderPageNavigationsTest@67b92f0a]" name="takeScreenShotOnFailure" is-config="true" duration-ms="0" started-at="2018-02-15T23:36:50Z" finished-at="2018-02-15T23:36:50Z">
          <params>
            <param index="0">
              <value>
                <![CDATA[[TestResult name=verifyOneWayFlightSearchTest status=SUCCESS method=TC_KF_FF_03_VerifyFlightFinderPageNavigationsTest.verifyOneWayFlightSearchTest(java.lang.String, java.lang.String, java.lang.String, java.lang.String, java.lang.String, java.lang.String, java.lang.String, java.lang.String, java.lang.String)[pri:2, instance:com.newtour.flightfinderfunctional.testcases.TC_KF_FF_03_VerifyFlightFinderPageNavigationsTest@67b92f0a] output={null}]]]>
              </value>
            </param>
          </params>
          <reporter-output>
          </reporter-output>
        </test-method> <!-- takeScreenShotOnFailure -->
        <test-method status="PASS" signature="verifyFlightSearch()[pri:3, instance:com.newtour.flightfinderfunctional.testcases.TC_KF_FF_03_VerifyFlightFinderPageNavigationsTest@67b92f0a]" name="verifyFlightSearch" duration-ms="2084" started-at="2018-02-15T23:36:50Z" depends-on-methods="com.newtour.flightfinderfunctional.testcases.TC_KF_FF_03_VerifyFlightFinderPageNavigationsTest.verifyOneWayFlightSearchTest" finished-at="2018-02-15T23:36:52Z">
          <reporter-output>
          </reporter-output>
        </test-method> <!-- verifyFlightSearch -->
        <test-method status="PASS" signature="takeScreenShotOnFailure(org.testng.ITestResult)[pri:0, instance:com.newtour.flightfinderfunctional.testcases.TC_KF_FF_03_VerifyFlightFinderPageNavigationsTest@67b92f0a]" name="takeScreenShotOnFailure" is-config="true" duration-ms="0" started-at="2018-02-15T23:36:52Z" finished-at="2018-02-15T23:36:52Z">
          <params>
            <param index="0">
              <value>
                <![CDATA[[TestResult name=verifyFlightSearch status=SUCCESS method=TC_KF_FF_03_VerifyFlightFinderPageNavigationsTest.verifyFlightSearch()[pri:3, instance:com.newtour.flightfinderfunctional.testcases.TC_KF_FF_03_VerifyFlightFinderPageNavigationsTest@67b92f0a] output={null}]]]>
              </value>
            </param>
          </params>
          <reporter-output>
          </reporter-output>
        </test-method> <!-- takeScreenShotOnFailure -->
        <test-method status="PASS" signature="verifyNavigateBack()[pri:4, instance:com.newtour.flightfinderfunctional.testcases.TC_KF_FF_03_VerifyFlightFinderPageNavigationsTest@67b92f0a]" name="verifyNavigateBack" duration-ms="4543" started-at="2018-02-15T23:36:52Z" depends-on-methods="com.newtour.flightfinderfunctional.testcases.TC_KF_FF_03_VerifyFlightFinderPageNavigationsTest.verifyFlightSearch" finished-at="2018-02-15T23:36:56Z">
          <reporter-output>
          </reporter-output>
        </test-method> <!-- verifyNavigateBack -->
        <test-method status="FAIL" signature="verifyNavigateForward()[pri:5, instance:com.newtour.flightfinderfunctional.testcases.TC_KF_FF_03_VerifyFlightFinderPageNavigationsTest@67b92f0a]" name="verifyNavigateForward" duration-ms="4321" started-at="2018-02-15T23:36:56Z" depends-on-methods="com.newtour.flightfinderfunctional.testcases.TC_KF_FF_03_VerifyFlightFinderPageNavigationsTest.verifyNavigateBack" finished-at="2018-02-15T23:37:01Z">
          <exception class="org.openqa.selenium.NoSuchElementException">
            <message>
              <![CDATA[no such element: Unable to locate element: {"method":"xpath","selector":"//img[contains(@src,'/images/masts/mast_selectflight.gif')]"}
  (Session info: chrome=63.0.3239.132)
  (Driver info: chromedriver=2.35.528161 (5b82f2d2aae0ca24b877009200ced9065a772e73),platform=Windows NT 10.0.16299 x86_64) (WARNING: The server did not provide any stacktrace information)
Command duration or timeout: 2.03 seconds
For documentation on this error, please visit: http://seleniumhq.org/exceptions/no_such_element.html
Build info: version: '3.4.0', revision: 'unknown', time: 'unknown'
System info: host: 'SEETHA', ip: '192.168.0.2', os.name: 'Windows 10', os.arch: 'amd64', os.version: '10.0', java.version: '1.8.0_131'
Driver info: org.openqa.selenium.chrome.ChromeDriver
Capabilities [{applicationCacheEnabled=false, rotatable=false, mobileEmulationEnabled=false, networkConnectionEnabled=false, chrome={chromedriverVersion=2.35.528161 (5b82f2d2aae0ca24b877009200ced9065a772e73), userDataDir=C:\Users\Lakshmi\AppData\Local\Temp\scoped_dir16356_23406}, takesHeapSnapshot=true, pageLoadStrategy=normal, databaseEnabled=false, handlesAlerts=true, hasTouchScreen=false, version=63.0.3239.132, platform=XP, browserConnectionEnabled=false, nativeEvents=true, acceptSslCerts=false, acceptInsecureCerts=false, locationContextEnabled=true, webStorageEnabled=true, browserName=chrome, takesScreenshot=true, javascriptEnabled=true, cssSelectorsEnabled=true, setWindowRect=true, unexpectedAlertBehaviour=}]
Session ID: b4c5be3775ce98ba92db5e5c33137fac
*** Element info: {Using=xpath, value=//img[contains(@src,'/images/masts/mast_selectflight.gif')]}]]>
            </message>
            <full-stacktrace>
              <![CDATA[org.openqa.selenium.NoSuchElementException: no such element: Unable to locate element: {"method":"xpath","selector":"//img[contains(@src,'/images/masts/mast_selectflight.gif')]"}
  (Session info: chrome=63.0.3239.132)
  (Driver info: chromedriver=2.35.528161 (5b82f2d2aae0ca24b877009200ced9065a772e73),platform=Windows NT 10.0.16299 x86_64) (WARNING: The server did not provide any stacktrace information)
Command duration or timeout: 2.03 seconds
For documentation on this error, please visit: http://seleniumhq.org/exceptions/no_such_element.html
Build info: version: '3.4.0', revision: 'unknown', time: 'unknown'
System info: host: 'SEETHA', ip: '192.168.0.2', os.name: 'Windows 10', os.arch: 'amd64', os.version: '10.0', java.version: '1.8.0_131'
Driver info: org.openqa.selenium.chrome.ChromeDriver
Capabilities [{applicationCacheEnabled=false, rotatable=false, mobileEmulationEnabled=false, networkConnectionEnabled=false, chrome={chromedriverVersion=2.35.528161 (5b82f2d2aae0ca24b877009200ced9065a772e73), userDataDir=C:\Users\Lakshmi\AppData\Local\Temp\scoped_dir16356_23406}, takesHeapSnapshot=true, pageLoadStrategy=normal, databaseEnabled=false, handlesAlerts=true, hasTouchScreen=false, version=63.0.3239.132, platform=XP, browserConnectionEnabled=false, nativeEvents=true, acceptSslCerts=false, acceptInsecureCerts=false, locationContextEnabled=true, webStorageEnabled=true, browserName=chrome, takesScreenshot=true, javascriptEnabled=true, cssSelectorsEnabled=true, setWindowRect=true, unexpectedAlertBehaviour=}]
Session ID: b4c5be3775ce98ba92db5e5c33137fac
*** Element info: {Using=xpath, value=//img[contains(@src,'/images/masts/mast_selectflight.gif')]}
	at sun.reflect.NativeConstructorAccessorImpl.newInstance0(Native Method)
	at sun.reflect.NativeConstructorAccessorImpl.newInstance(NativeConstructorAccessorImpl.java:62)
	at sun.reflect.DelegatingConstructorAccessorImpl.newInstance(DelegatingConstructorAccessorImpl.java:45)
	at java.lang.reflect.Constructor.newInstance(Constructor.java:423)
	at org.openqa.selenium.remote.ErrorHandler.createThrowable(ErrorHandler.java:215)
	at org.openqa.selenium.remote.ErrorHandler.throwIfResponseFailed(ErrorHandler.java:167)
	at org.openqa.selenium.remote.RemoteWebDriver.execute(RemoteWebDriver.java:671)
	at org.openqa.selenium.remote.RemoteWebDriver.findElement(RemoteWebDriver.java:410)
	at org.openqa.selenium.remote.RemoteWebDriver.findElementByXPath(RemoteWebDriver.java:509)
	at org.openqa.selenium.By$ByXPath.findElement(By.java:361)
	at org.openqa.selenium.remote.RemoteWebDriver.findElement(RemoteWebDriver.java:402)
	at com.newtour.qa.helper.XpathHelper.findByXPath(XpathHelper.java:88)
	at com.newtour.qa.pages.FlightsPage.isFlightSearchSuccessful(FlightsPage.java:252)
	at com.newtour.qa.pages.FlightsPage.verifyNavigateForward(FlightsPage.java:319)
	at com.newtour.flightfinderfunctional.testcases.TC_KF_FF_03_VerifyFlightFinderPageNavigationsTest.verifyNavigateForward(TC_KF_FF_03_VerifyFlightFinderPageNavigationsTest.java:80)
	at sun.reflect.NativeMethodAccessorImpl.invoke0(Native Method)
	at sun.reflect.NativeMethodAccessorImpl.invoke(NativeMethodAccessorImpl.java:62)
	at sun.reflect.DelegatingMethodAccessorImpl.invoke(DelegatingMethodAccessorImpl.java:43)
	at java.lang.reflect.Method.invoke(Method.java:498)
	at org.testng.internal.MethodInvocationHelper.invokeMethod(MethodInvocationHelper.java:86)
	at org.testng.internal.Invoker.invokeMethod(Invoker.java:643)
	at org.testng.internal.Invoker.invokeTestMethod(Invoker.java:820)
	at org.testng.internal.Invoker.invokeTestMethods(Invoker.java:1128)
	at org.testng.internal.TestMethodWorker.invokeTestMethods(TestMethodWorker.java:129)
	at org.testng.internal.TestMethodWorker.run(TestMethodWorker.java:112)
	at org.testng.TestRunner.privateRun(TestRunner.java:782)
	at org.testng.TestRunner.run(TestRunner.java:632)
	at org.testng.SuiteRunner.runTest(SuiteRunner.java:366)
	at org.testng.SuiteRunner.runSequentially(SuiteRunner.java:361)
	at org.testng.SuiteRunner.privateRun(SuiteRunner.java:319)
	at org.testng.SuiteRunner.run(SuiteRunner.java:268)
	at org.testng.SuiteRunnerWorker.runSuite(SuiteRunnerWorker.java:52)
	at org.testng.SuiteRunnerWorker.run(SuiteRunnerWorker.java:86)
	at org.testng.TestNG.runSuitesSequentially(TestNG.java:1244)
	at org.testng.TestNG.runSuitesLocally(TestNG.java:1169)
	at org.testng.TestNG.run(TestNG.java:1064)
	at org.testng.remote.AbstractRemoteTestNG.run(AbstractRemoteTestNG.java:114)
	at org.testng.remote.RemoteTestNG.initAndRun(RemoteTestNG.java:251)
	at org.testng.remote.RemoteTestNG.main(RemoteTestNG.java:77)
]]>
            </full-stacktrace>
          </exception> <!-- org.openqa.selenium.NoSuchElementException -->
          <reporter-output>
          </reporter-output>
        </test-method> <!-- verifyNavigateForward -->
        <test-method status="PASS" signature="takeScreenShotOnFailure(org.testng.ITestResult)[pri:0, instance:com.newtour.flightfinderfunctional.testcases.TC_KF_FF_03_VerifyFlightFinderPageNavigationsTest@67b92f0a]" name="takeScreenShotOnFailure" is-config="true" duration-ms="0" started-at="2018-02-15T23:36:56Z" finished-at="2018-02-15T23:36:56Z">
          <params>
            <param index="0">
              <value>
                <![CDATA[[TestResult name=verifyNavigateBack status=SUCCESS method=TC_KF_FF_03_VerifyFlightFinderPageNavigationsTest.verifyNavigateBack()[pri:4, instance:com.newtour.flightfinderfunctional.testcases.TC_KF_FF_03_VerifyFlightFinderPageNavigationsTest@67b92f0a] output={null}]]]>
              </value>
            </param>
          </params>
          <reporter-output>
          </reporter-output>
        </test-method> <!-- takeScreenShotOnFailure -->
        <test-method status="PASS" signature="takeScreenShotOnFailure(org.testng.ITestResult)[pri:0, instance:com.newtour.flightfinderfunctional.testcases.TC_KF_FF_03_VerifyFlightFinderPageNavigationsTest@67b92f0a]" name="takeScreenShotOnFailure" is-config="true" duration-ms="327" started-at="2018-02-15T23:37:01Z" finished-at="2018-02-15T23:37:01Z">
          <params>
            <param index="0">
              <value>
                <![CDATA[[TestResult name=verifyNavigateForward status=FAILURE method=TC_KF_FF_03_VerifyFlightFinderPageNavigationsTest.verifyNavigateForward()[pri:5, instance:com.newtour.flightfinderfunctional.testcases.TC_KF_FF_03_VerifyFlightFinderPageNavigationsTest@67b92f0a] output={null}]]]>
              </value>
            </param>
          </params>
          <reporter-output>
          </reporter-output>
        </test-method> <!-- takeScreenShotOnFailure -->
        <test-method status="SKIP" signature="verifySignOffTest()[pri:6, instance:com.newtour.flightfinderfunctional.testcases.TC_KF_FF_03_VerifyFlightFinderPageNavigationsTest@67b92f0a]" name="verifySignOffTest" duration-ms="0" started-at="2018-02-15T23:37:01Z" depends-on-methods="com.newtour.flightfinderfunctional.testcases.TC_KF_FF_03_VerifyFlightFinderPageNavigationsTest.verifyNavigateForward" finished-at="2018-02-15T23:37:01Z">
          <exception class="java.lang.Throwable">
            <message>
              <![CDATA[Method TC_KF_FF_03_VerifyFlightFinderPageNavigationsTest.verifySignOffTest()[pri:6, instance:com.newtour.flightfinderfunctional.testcases.TC_KF_FF_03_VerifyFlightFinderPageNavigationsTest@67b92f0a] depends on not successfully finished methods]]>
            </message>
            <full-stacktrace>
              <![CDATA[java.lang.Throwable: Method TC_KF_FF_03_VerifyFlightFinderPageNavigationsTest.verifySignOffTest()[pri:6, instance:com.newtour.flightfinderfunctional.testcases.TC_KF_FF_03_VerifyFlightFinderPageNavigationsTest@67b92f0a] depends on not successfully finished methods
	at org.testng.internal.Invoker.invokeTestMethods(Invoker.java:1037)
	at org.testng.internal.TestMethodWorker.invokeTestMethods(TestMethodWorker.java:129)
	at org.testng.internal.TestMethodWorker.run(TestMethodWorker.java:112)
	at org.testng.TestRunner.privateRun(TestRunner.java:782)
	at org.testng.TestRunner.run(TestRunner.java:632)
	at org.testng.SuiteRunner.runTest(SuiteRunner.java:366)
	at org.testng.SuiteRunner.runSequentially(SuiteRunner.java:361)
	at org.testng.SuiteRunner.privateRun(SuiteRunner.java:319)
	at org.testng.SuiteRunner.run(SuiteRunner.java:268)
	at org.testng.SuiteRunnerWorker.runSuite(SuiteRunnerWorker.java:52)
	at org.testng.SuiteRunnerWorker.run(SuiteRunnerWorker.java:86)
	at org.testng.TestNG.runSuitesSequentially(TestNG.java:1244)
	at org.testng.TestNG.runSuitesLocally(TestNG.java:1169)
	at org.testng.TestNG.run(TestNG.java:1064)
	at org.testng.remote.AbstractRemoteTestNG.run(AbstractRemoteTestNG.java:114)
	at org.testng.remote.RemoteTestNG.initAndRun(RemoteTestNG.java:251)
	at org.testng.remote.RemoteTestNG.main(RemoteTestNG.java:77)
]]>
            </full-stacktrace>
          </exception> <!-- java.lang.Throwable -->
          <reporter-output>
          </reporter-output>
        </test-method> <!-- verifySignOffTest -->
        <test-method status="PASS" signature="tearDown()[pri:0, instance:com.newtour.flightfinderfunctional.testcases.TC_KF_FF_03_VerifyFlightFinderPageNavigationsTest@67b92f0a]" name="tearDown" is-config="true" duration-ms="1699" started-at="2018-02-15T23:37:01Z" finished-at="2018-02-15T23:37:03Z">
          <reporter-output>
          </reporter-output>
        </test-method> <!-- tearDown -->
      </class> <!-- com.newtour.flightfinderfunctional.testcases.TC_KF_FF_03_VerifyFlightFinderPageNavigationsTest -->
    </test> <!-- Default test -->
  </suite> <!-- Default suite -->
</testng-results>
